<?xml version="1.0" encoding="UTF-8"?>
<!-- Generated by org.testng.reporters.JUnitXMLReporter -->
<testsuite hostname="MC-0126" ignored="0" name="Surefire test" tests="12" failures="10" timestamp="20 Jun 2019 13:36:44 GMT" time="33.103" errors="0">
  <testcase name="freeRegister" time="3.565" classname="tests.FreeRegisterTests">
    <failure type="java.lang.AssertionError" message="The following asserts failed:
	expected [testerujxih@yopmail.com] but found [null]">
      <![CDATA[java.lang.AssertionError: The following asserts failed:
expected [testerujxih@yopmail.com] but found [null]
at util.CheckerMethods.getFreeRegisterResponseContent(CheckerMethods.java:45)
at tests.FreeRegisterTests.freeRegister_aroundBody0(FreeRegisterTests.java:75)
at tests.FreeRegisterTests$AjcClosure1.run(FreeRegisterTests.java:1)
at io.qameta.allure.aspects.StepsAspects.step(StepsAspects.java:46)
at tests.FreeRegisterTests.freeRegister(FreeRegisterTests.java:53)
... Removed 31 stack frames]]>
    </failure>
  </testcase> <!-- freeRegister -->
  <testcase name="registration12m" time="3.029" classname="tests.SubscriptionsTests">
    <failure type="java.lang.AssertionError" message="The following asserts failed:
	expected [testerujxih@yopmail.com] but found [null],
	expected [testeraj4an@yopmail.com] but found [null]">
      <![CDATA[java.lang.AssertionError: The following asserts failed:
expected [testerujxih@yopmail.com] but found [null],
expected [testeraj4an@yopmail.com] but found [null]
at util.CheckerMethods.getFreeRegisterResponseContent(CheckerMethods.java:45)
at tests.FreeRegisterTests.freeRegister_aroundBody0(FreeRegisterTests.java:75)
at tests.FreeRegisterTests$AjcClosure1.run(FreeRegisterTests.java:1)
at io.qameta.allure.aspects.StepsAspects.step(StepsAspects.java:46)
at tests.FreeRegisterTests.freeRegister(FreeRegisterTests.java:53)
at tests.SubscriptionsTests.registration12m_aroundBody4(SubscriptionsTests.java:143)
at tests.SubscriptionsTests$AjcClosure5.run(SubscriptionsTests.java:1)
at io.qameta.allure.aspects.StepsAspects.step(StepsAspects.java:46)
at tests.SubscriptionsTests.registration12m(SubscriptionsTests.java:137)
... Removed 32 stack frames]]>
    </failure>
  </testcase> <!-- registration12m -->
  <testcase name="registration1m" time="2.179" classname="tests.SubscriptionsTests">
    <failure type="com.jayway.jsonpath.PathNotFoundException" message="No results for path: $[&amp;apos;result&amp;apos;]">
      <![CDATA[com.jayway.jsonpath.PathNotFoundException: No results for path: $['result']
at com.jayway.jsonpath.internal.path.EvaluationContextImpl.getValue(EvaluationContextImpl.java:133)
at com.jayway.jsonpath.JsonPath.read(JsonPath.java:187)
at com.jayway.jsonpath.internal.JsonContext.read(JsonContext.java:102)
at com.jayway.jsonpath.internal.JsonContext.read(JsonContext.java:89)
at com.jayway.jsonpath.JsonPath.read(JsonPath.java:502)
at util.CheckerMethods.getSubscriptionResponseContent(CheckerMethods.java:77)
at tests.SubscriptionsTests.registration1m_aroundBody0(SubscriptionsTests.java:85)
at tests.SubscriptionsTests$AjcClosure1.run(SubscriptionsTests.java:1)
at io.qameta.allure.aspects.StepsAspects.step(StepsAspects.java:46)
at tests.SubscriptionsTests.registration1m(SubscriptionsTests.java:58)
... Removed 30 stack frames]]>
    </failure>
  </testcase> <!-- registration1m -->
  <testcase name="registration6m" time="1.969" classname="tests.SubscriptionsTests">
    <failure type="com.jayway.jsonpath.PathNotFoundException" message="No results for path: $[&amp;apos;result&amp;apos;]">
      <![CDATA[com.jayway.jsonpath.PathNotFoundException: No results for path: $['result']
at com.jayway.jsonpath.internal.path.EvaluationContextImpl.getValue(EvaluationContextImpl.java:133)
at com.jayway.jsonpath.JsonPath.read(JsonPath.java:187)
at com.jayway.jsonpath.internal.JsonContext.read(JsonContext.java:102)
at com.jayway.jsonpath.internal.JsonContext.read(JsonContext.java:85)
at com.jayway.jsonpath.JsonPath.read(JsonPath.java:502)
at util.CheckerMethods.getSubscriptionResponseContent(CheckerMethods.java:77)
at tests.SubscriptionsTests.registration6m_aroundBody2(SubscriptionsTests.java:127)
at tests.SubscriptionsTests$AjcClosure3.run(SubscriptionsTests.java:1)
at io.qameta.allure.aspects.StepsAspects.step(StepsAspects.java:46)
at tests.SubscriptionsTests.registration6m(SubscriptionsTests.java:95)
... Removed 30 stack frames]]>
    </failure>
  </testcase> <!-- registration6m -->
  <testcase name="getIDToken" time="0.727" classname="tests.GetTokenIdTests"/>
  <testcase name="changePasswordForRegisteredUser" time="2.199" classname="tests.ChangePasswordTests">
    <failure type="java.lang.AssertionError" message="The following asserts failed:
	expected [testerujxih@yopmail.com] but found [null],
	expected [testeraj4an@yopmail.com] but found [null],
	expected [testerm7f56@yopmail.com] but found [null]">
      <![CDATA[java.lang.AssertionError: The following asserts failed:
expected [testerujxih@yopmail.com] but found [null],
expected [testeraj4an@yopmail.com] but found [null],
expected [testerm7f56@yopmail.com] but found [null]
at util.CheckerMethods.getFreeRegisterResponseContent(CheckerMethods.java:45)
at tests.FreeRegisterTests.freeRegister_aroundBody0(FreeRegisterTests.java:75)
at tests.FreeRegisterTests$AjcClosure1.run(FreeRegisterTests.java:1)
at io.qameta.allure.aspects.StepsAspects.step(StepsAspects.java:46)
at tests.FreeRegisterTests.freeRegister(FreeRegisterTests.java:53)
at tests.ChangePasswordTests.changePasswordForRegisteredUser_aroundBody0(ChangePasswordTests.java:28)
at tests.ChangePasswordTests$AjcClosure1.run(ChangePasswordTests.java:1)
at io.qameta.allure.aspects.StepsAspects.step(StepsAspects.java:46)
at tests.ChangePasswordTests.changePasswordForRegisteredUser(ChangePasswordTests.java:28)
... Removed 32 stack frames]]>
    </failure>
  </testcase> <!-- changePasswordForRegisteredUser -->
  <testcase name="changePasswordForSubscribedUser" time="8.966" classname="tests.ChangePasswordTests">
    <failure type="java.lang.AssertionError" message="The following asserts failed:
	expected [testerujxih@yopmail.com] but found [null],
	expected [testeraj4an@yopmail.com] but found [null],
	expected [testerm7f56@yopmail.com] but found [null],
	expected [testeryc63y@yopmail.com] but found [null]">
      <![CDATA[java.lang.AssertionError: The following asserts failed:
expected [testerujxih@yopmail.com] but found [null],
expected [testeraj4an@yopmail.com] but found [null],
expected [testerm7f56@yopmail.com] but found [null],
expected [testeryc63y@yopmail.com] but found [null]
at util.CheckerMethods.getFreeRegisterResponseContent(CheckerMethods.java:45)
at tests.FreeRegisterTests.freeRegister_aroundBody0(FreeRegisterTests.java:75)
at tests.FreeRegisterTests$AjcClosure1.run(FreeRegisterTests.java:1)
at io.qameta.allure.aspects.StepsAspects.step(StepsAspects.java:46)
at tests.FreeRegisterTests.freeRegister(FreeRegisterTests.java:53)
at tests.SubscriptionsTests.registration6m_aroundBody2(SubscriptionsTests.java:101)
at tests.SubscriptionsTests$AjcClosure3.run(SubscriptionsTests.java:1)
at io.qameta.allure.aspects.StepsAspects.step(StepsAspects.java:46)
at tests.SubscriptionsTests.registration6m(SubscriptionsTests.java:95)
at tests.ChangePasswordTests.changePasswordForSubscribedUser_aroundBody2(ChangePasswordTests.java:48)
at tests.ChangePasswordTests$AjcClosure3.run(ChangePasswordTests.java:1)
at io.qameta.allure.aspects.StepsAspects.step(StepsAspects.java:46)
at tests.ChangePasswordTests.changePasswordForSubscribedUser(ChangePasswordTests.java:48)
... Removed 33 stack frames]]>
    </failure>
  </testcase> <!-- changePasswordForSubscribedUser -->
  <testcase name="loginWithRegisteredUser" time="2.467" classname="tests.LoginTests">
    <failure type="java.lang.AssertionError" message="The following asserts failed:
	expected [testerujxih@yopmail.com] but found [null],
	expected [testeraj4an@yopmail.com] but found [null],
	expected [testerm7f56@yopmail.com] but found [null],
	expected [testeryc63y@yopmail.com] but found [null],
	expected [testerymmht@yopmail.com] but found [null]">
      <![CDATA[java.lang.AssertionError: The following asserts failed:
expected [testerujxih@yopmail.com] but found [null],
expected [testeraj4an@yopmail.com] but found [null],
expected [testerm7f56@yopmail.com] but found [null],
expected [testeryc63y@yopmail.com] but found [null],
expected [testerymmht@yopmail.com] but found [null]
at util.CheckerMethods.getFreeRegisterResponseContent(CheckerMethods.java:45)
at tests.FreeRegisterTests.freeRegister_aroundBody0(FreeRegisterTests.java:75)
at tests.FreeRegisterTests$AjcClosure1.run(FreeRegisterTests.java:1)
at io.qameta.allure.aspects.StepsAspects.step(StepsAspects.java:46)
at tests.FreeRegisterTests.freeRegister(FreeRegisterTests.java:53)
at tests.LoginTests.loginWithRegisteredUser_aroundBody2(LoginTests.java:40)
at tests.LoginTests$AjcClosure3.run(LoginTests.java:1)
at io.qameta.allure.aspects.StepsAspects.step(StepsAspects.java:46)
at tests.LoginTests.loginWithRegisteredUser(LoginTests.java:40)
... Removed 32 stack frames]]>
    </failure>
  </testcase> <!-- loginWithRegisteredUser -->
  <testcase name="loginWithSubscribedUser" time="2.891" classname="tests.LoginTests">
    <failure type="java.lang.AssertionError" message="The following asserts failed:
	expected [testerujxih@yopmail.com] but found [null],
	expected [testeraj4an@yopmail.com] but found [null],
	expected [testerm7f56@yopmail.com] but found [null],
	expected [testeryc63y@yopmail.com] but found [null],
	expected [testerymmht@yopmail.com] but found [null],
	expected [testerffbm3@yopmail.com] but found [null]">
      <![CDATA[java.lang.AssertionError: The following asserts failed:
expected [testerujxih@yopmail.com] but found [null],
expected [testeraj4an@yopmail.com] but found [null],
expected [testerm7f56@yopmail.com] but found [null],
expected [testeryc63y@yopmail.com] but found [null],
expected [testerymmht@yopmail.com] but found [null],
expected [testerffbm3@yopmail.com] but found [null]
at util.CheckerMethods.getFreeRegisterResponseContent(CheckerMethods.java:45)
at tests.FreeRegisterTests.freeRegister_aroundBody0(FreeRegisterTests.java:75)
at tests.FreeRegisterTests$AjcClosure1.run(FreeRegisterTests.java:1)
at io.qameta.allure.aspects.StepsAspects.step(StepsAspects.java:46)
at tests.FreeRegisterTests.freeRegister(FreeRegisterTests.java:53)
at tests.SubscriptionsTests.registration6m_aroundBody2(SubscriptionsTests.java:101)
at tests.SubscriptionsTests$AjcClosure3.run(SubscriptionsTests.java:1)
at io.qameta.allure.aspects.StepsAspects.step(StepsAspects.java:46)
at tests.SubscriptionsTests.registration6m(SubscriptionsTests.java:95)
at tests.LoginTests.loginWithSubscribedUser_aroundBody0(LoginTests.java:25)
at tests.LoginTests$AjcClosure1.run(LoginTests.java:1)
at io.qameta.allure.aspects.StepsAspects.step(StepsAspects.java:46)
at tests.LoginTests.loginWithSubscribedUser(LoginTests.java:25)
... Removed 33 stack frames]]>
    </failure>
  </testcase> <!-- loginWithSubscribedUser -->
  <testcase name="changeAttributesForRegisteredUser" time="2.124" classname="tests.ChangeAttributesTests">
    <failure type="java.lang.AssertionError" message="The following asserts failed:
	expected [testerujxih@yopmail.com] but found [null],
	expected [testeraj4an@yopmail.com] but found [null],
	expected [testerm7f56@yopmail.com] but found [null],
	expected [testeryc63y@yopmail.com] but found [null],
	expected [testerymmht@yopmail.com] but found [null],
	expected [testerffbm3@yopmail.com] but found [null],
	expected [testerhsgcf@yopmail.com] but found [null]">
      <![CDATA[java.lang.AssertionError: The following asserts failed:
expected [testerujxih@yopmail.com] but found [null],
expected [testeraj4an@yopmail.com] but found [null],
expected [testerm7f56@yopmail.com] but found [null],
expected [testeryc63y@yopmail.com] but found [null],
expected [testerymmht@yopmail.com] but found [null],
expected [testerffbm3@yopmail.com] but found [null],
expected [testerhsgcf@yopmail.com] but found [null]
at util.CheckerMethods.getFreeRegisterResponseContent(CheckerMethods.java:45)
at tests.FreeRegisterTests.freeRegister_aroundBody0(FreeRegisterTests.java:75)
at tests.FreeRegisterTests$AjcClosure1.run(FreeRegisterTests.java:1)
at io.qameta.allure.aspects.StepsAspects.step(StepsAspects.java:46)
at tests.FreeRegisterTests.freeRegister(FreeRegisterTests.java:53)
at tests.ChangeAttributesTests.changeAttributesForRegisteredUser_aroundBody2(ChangeAttributesTests.java:50)
at tests.ChangeAttributesTests$AjcClosure3.run(ChangeAttributesTests.java:1)
at io.qameta.allure.aspects.StepsAspects.step(StepsAspects.java:46)
at tests.ChangeAttributesTests.changeAttributesForRegisteredUser(ChangeAttributesTests.java:50)
... Removed 32 stack frames]]>
    </failure>
  </testcase> <!-- changeAttributesForRegisteredUser -->
  <testcase name="changeAttributesForSubscribedUser" time="2.791" classname="tests.ChangeAttributesTests">
    <failure type="java.lang.AssertionError" message="The following asserts failed:
	expected [testerujxih@yopmail.com] but found [null],
	expected [testeraj4an@yopmail.com] but found [null],
	expected [testerm7f56@yopmail.com] but found [null],
	expected [testeryc63y@yopmail.com] but found [null],
	expected [testerymmht@yopmail.com] but found [null],
	expected [testerffbm3@yopmail.com] but found [null],
	expected [testerhsgcf@yopmail.com] but found [null],
	expected [testerzddet@yopmail.com] but found [null]">
      <![CDATA[java.lang.AssertionError: The following asserts failed:
expected [testerujxih@yopmail.com] but found [null],
expected [testeraj4an@yopmail.com] but found [null],
expected [testerm7f56@yopmail.com] but found [null],
expected [testeryc63y@yopmail.com] but found [null],
expected [testerymmht@yopmail.com] but found [null],
expected [testerffbm3@yopmail.com] but found [null],
expected [testerhsgcf@yopmail.com] but found [null],
expected [testerzddet@yopmail.com] but found [null]
at util.CheckerMethods.getFreeRegisterResponseContent(CheckerMethods.java:45)
at tests.FreeRegisterTests.freeRegister_aroundBody0(FreeRegisterTests.java:75)
at tests.FreeRegisterTests$AjcClosure1.run(FreeRegisterTests.java:1)
at io.qameta.allure.aspects.StepsAspects.step(StepsAspects.java:46)
at tests.FreeRegisterTests.freeRegister(FreeRegisterTests.java:53)
at tests.SubscriptionsTests.registration6m_aroundBody2(SubscriptionsTests.java:101)
at tests.SubscriptionsTests$AjcClosure3.run(SubscriptionsTests.java:1)
at io.qameta.allure.aspects.StepsAspects.step(StepsAspects.java:46)
at tests.SubscriptionsTests.registration6m(SubscriptionsTests.java:95)
at tests.ChangeAttributesTests.changeAttributesForSubscribedUser_aroundBody0(ChangeAttributesTests.java:28)
at tests.ChangeAttributesTests$AjcClosure1.run(ChangeAttributesTests.java:1)
at io.qameta.allure.aspects.StepsAspects.step(StepsAspects.java:46)
at tests.ChangeAttributesTests.changeAttributesForSubscribedUser(ChangeAttributesTests.java:28)
... Removed 33 stack frames]]>
    </failure>
  </testcase> <!-- changeAttributesForSubscribedUser -->
  <testcase name="getContent" time="0.003" classname="tests.ContentTests"/>
</testsuite> <!-- Surefire test -->
