{"uuid":"22d7df9d-4be8-48f1-9745-20288f2cdc99","historyId":"caebc91ac9a18486eb3b0d2923e01242","fullName":"tests.SubscriptionsTests.registration1m","labels":[{"name":"package","value":"tests.SubscriptionsTests"},{"name":"testClass","value":"tests.SubscriptionsTests"},{"name":"testMethod","value":"registration1m"},{"name":"parentSuite","value":"Default Suite"},{"name":"suite","value":"OpenfitAPIs"},{"name":"subSuite","value":"tests.SubscriptionsTests"},{"name":"host","value":"MC-0126"},{"name":"thread","value":"29962@MC-0126.main(1)"}],"links":[],"name":"registration1m","status":"failed","statusDetails":{"known":false,"muted":false,"flaky":false,"message":"The following asserts failed:\n\texpected [testerhahc7@yopmail.com] but found [null]","trace":"java.lang.AssertionError: The following asserts failed:\n\texpected [testerhahc7@yopmail.com] but found [null]\n\tat org.testng.asserts.SoftAssert.assertAll(SoftAssert.java:43)\n\tat util.CheckerMethods.getFreeRegisterResponseContent(CheckerMethods.java:45)\n\tat tests.FreeRegisterTests.freeRegister_aroundBody0(FreeRegisterTests.java:75)\n\tat tests.FreeRegisterTests$AjcClosure1.run(FreeRegisterTests.java:1)\n\tat org.aspectj.runtime.reflect.JoinPointImpl.proceed(JoinPointImpl.java:149)\n\tat io.qameta.allure.aspects.StepsAspects.step(StepsAspects.java:46)\n\tat tests.FreeRegisterTests.freeRegister(FreeRegisterTests.java:53)\n\tat tests.SubscriptionsTests.registration1m_aroundBody0(SubscriptionsTests.java:59)\n\tat tests.SubscriptionsTests$AjcClosure1.run(SubscriptionsTests.java:1)\n\tat org.aspectj.runtime.reflect.JoinPointImpl.proceed(JoinPointImpl.java:149)\n\tat io.qameta.allure.aspects.StepsAspects.step(StepsAspects.java:46)\n\tat tests.SubscriptionsTests.registration1m(SubscriptionsTests.java:58)\n\tat sun.reflect.NativeMethodAccessorImpl.invoke0(Native Method)\n\tat sun.reflect.NativeMethodAccessorImpl.invoke(NativeMethodAccessorImpl.java:62)\n\tat sun.reflect.DelegatingMethodAccessorImpl.invoke(DelegatingMethodAccessorImpl.java:43)\n\tat java.lang.reflect.Method.invoke(Method.java:498)\n\tat org.testng.internal.MethodInvocationHelper.invokeMethod(MethodInvocationHelper.java:124)\n\tat org.testng.internal.Invoker.invokeMethod(Invoker.java:583)\n\tat org.testng.internal.Invoker.invokeTestMethod(Invoker.java:719)\n\tat org.testng.internal.Invoker.invokeTestMethods(Invoker.java:989)\n\tat org.testng.internal.TestMethodWorker.invokeTestMethods(TestMethodWorker.java:125)\n\tat org.testng.internal.TestMethodWorker.run(TestMethodWorker.java:109)\n\tat org.testng.TestRunner.privateRun(TestRunner.java:648)\n\tat org.testng.TestRunner.run(TestRunner.java:505)\n\tat org.testng.SuiteRunner.runTest(SuiteRunner.java:455)\n\tat org.testng.SuiteRunner.runSequentially(SuiteRunner.java:450)\n\tat org.testng.SuiteRunner.privateRun(SuiteRunner.java:415)\n\tat org.testng.SuiteRunner.run(SuiteRunner.java:364)\n\tat org.testng.SuiteRunnerWorker.runSuite(SuiteRunnerWorker.java:52)\n\tat org.testng.SuiteRunnerWorker.run(SuiteRunnerWorker.java:84)\n\tat org.testng.TestNG.runSuitesSequentially(TestNG.java:1208)\n\tat org.testng.TestNG.runSuitesLocally(TestNG.java:1137)\n\tat org.testng.TestNG.runSuites(TestNG.java:1049)\n\tat org.testng.TestNG.run(TestNG.java:1017)\n\tat org.testng.IDEARemoteTestNG.run(IDEARemoteTestNG.java:73)\n\tat org.testng.RemoteTestNGStarter.main(RemoteTestNGStarter.java:123)\n"},"stage":"finished","description":"Make request to subscribe with 1m.","start":1561038214905,"stop":1561038218876,"steps":[{"name":"Make request to Subscribe with 1 month subscription plan:","status":"failed","statusDetails":{"known":false,"muted":false,"flaky":false,"message":"The following asserts failed:\n\texpected [testerhahc7@yopmail.com] but found [null]","trace":"java.lang.AssertionError: The following asserts failed:\n\texpected [testerhahc7@yopmail.com] but found [null]\n\tat org.testng.asserts.SoftAssert.assertAll(SoftAssert.java:43)\n\tat util.CheckerMethods.getFreeRegisterResponseContent(CheckerMethods.java:45)\n\tat tests.FreeRegisterTests.freeRegister_aroundBody0(FreeRegisterTests.java:75)\n\tat tests.FreeRegisterTests$AjcClosure1.run(FreeRegisterTests.java:1)\n\tat org.aspectj.runtime.reflect.JoinPointImpl.proceed(JoinPointImpl.java:149)\n\tat io.qameta.allure.aspects.StepsAspects.step(StepsAspects.java:46)\n\tat tests.FreeRegisterTests.freeRegister(FreeRegisterTests.java:53)\n\tat tests.SubscriptionsTests.registration1m_aroundBody0(SubscriptionsTests.java:59)\n\tat tests.SubscriptionsTests$AjcClosure1.run(SubscriptionsTests.java:1)\n\tat org.aspectj.runtime.reflect.JoinPointImpl.proceed(JoinPointImpl.java:149)\n\tat io.qameta.allure.aspects.StepsAspects.step(StepsAspects.java:46)\n\tat tests.SubscriptionsTests.registration1m(SubscriptionsTests.java:58)\n\tat sun.reflect.NativeMethodAccessorImpl.invoke0(Native Method)\n\tat sun.reflect.NativeMethodAccessorImpl.invoke(NativeMethodAccessorImpl.java:62)\n\tat sun.reflect.DelegatingMethodAccessorImpl.invoke(DelegatingMethodAccessorImpl.java:43)\n\tat java.lang.reflect.Method.invoke(Method.java:498)\n\tat org.testng.internal.MethodInvocationHelper.invokeMethod(MethodInvocationHelper.java:124)\n\tat org.testng.internal.Invoker.invokeMethod(Invoker.java:583)\n\tat org.testng.internal.Invoker.invokeTestMethod(Invoker.java:719)\n\tat org.testng.internal.Invoker.invokeTestMethods(Invoker.java:989)\n\tat org.testng.internal.TestMethodWorker.invokeTestMethods(TestMethodWorker.java:125)\n\tat org.testng.internal.TestMethodWorker.run(TestMethodWorker.java:109)\n\tat org.testng.TestRunner.privateRun(TestRunner.java:648)\n\tat org.testng.TestRunner.run(TestRunner.java:505)\n\tat org.testng.SuiteRunner.runTest(SuiteRunner.java:455)\n\tat org.testng.SuiteRunner.runSequentially(SuiteRunner.java:450)\n\tat org.testng.SuiteRunner.privateRun(SuiteRunner.java:415)\n\tat org.testng.SuiteRunner.run(SuiteRunner.java:364)\n\tat org.testng.SuiteRunnerWorker.runSuite(SuiteRunnerWorker.java:52)\n\tat org.testng.SuiteRunnerWorker.run(SuiteRunnerWorker.java:84)\n\tat org.testng.TestNG.runSuitesSequentially(TestNG.java:1208)\n\tat org.testng.TestNG.runSuitesLocally(TestNG.java:1137)\n\tat org.testng.TestNG.runSuites(TestNG.java:1049)\n\tat org.testng.TestNG.run(TestNG.java:1017)\n\tat org.testng.IDEARemoteTestNG.run(IDEARemoteTestNG.java:73)\n\tat org.testng.RemoteTestNGStarter.main(RemoteTestNGStarter.java:123)\n"},"stage":"finished","start":1561038214941,"stop":1561038218873,"steps":[{"name":"Make request to generate valid ID Token:","status":"passed","stage":"finished","start":1561038214942,"stop":1561038215995,"attachments":[{"name":"Request: ","source":"1b476271-bc23-4a70-8d7f-5ec255a3bfa4-attachment.txt","type":"text/plain"},{"name":"Response: ","source":"9df84aeb-2957-4ed2-915a-173477936a77-attachment.txt","type":"text/plain"}]},{"name":"Make request to create free user:","status":"failed","statusDetails":{"known":false,"muted":false,"flaky":false,"message":"The following asserts failed:\n\texpected [testerhahc7@yopmail.com] but found [null]","trace":"java.lang.AssertionError: The following asserts failed:\n\texpected [testerhahc7@yopmail.com] but found [null]\n\tat org.testng.asserts.SoftAssert.assertAll(SoftAssert.java:43)\n\tat util.CheckerMethods.getFreeRegisterResponseContent(CheckerMethods.java:45)\n\tat tests.FreeRegisterTests.freeRegister_aroundBody0(FreeRegisterTests.java:75)\n\tat tests.FreeRegisterTests$AjcClosure1.run(FreeRegisterTests.java:1)\n\tat org.aspectj.runtime.reflect.JoinPointImpl.proceed(JoinPointImpl.java:149)\n\tat io.qameta.allure.aspects.StepsAspects.step(StepsAspects.java:46)\n\tat tests.FreeRegisterTests.freeRegister(FreeRegisterTests.java:53)\n\tat tests.SubscriptionsTests.registration1m_aroundBody0(SubscriptionsTests.java:59)\n\tat tests.SubscriptionsTests$AjcClosure1.run(SubscriptionsTests.java:1)\n\tat org.aspectj.runtime.reflect.JoinPointImpl.proceed(JoinPointImpl.java:149)\n\tat io.qameta.allure.aspects.StepsAspects.step(StepsAspects.java:46)\n\tat tests.SubscriptionsTests.registration1m(SubscriptionsTests.java:58)\n\tat sun.reflect.NativeMethodAccessorImpl.invoke0(Native Method)\n\tat sun.reflect.NativeMethodAccessorImpl.invoke(NativeMethodAccessorImpl.java:62)\n\tat sun.reflect.DelegatingMethodAccessorImpl.invoke(DelegatingMethodAccessorImpl.java:43)\n\tat java.lang.reflect.Method.invoke(Method.java:498)\n\tat org.testng.internal.MethodInvocationHelper.invokeMethod(MethodInvocationHelper.java:124)\n\tat org.testng.internal.Invoker.invokeMethod(Invoker.java:583)\n\tat org.testng.internal.Invoker.invokeTestMethod(Invoker.java:719)\n\tat org.testng.internal.Invoker.invokeTestMethods(Invoker.java:989)\n\tat org.testng.internal.TestMethodWorker.invokeTestMethods(TestMethodWorker.java:125)\n\tat org.testng.internal.TestMethodWorker.run(TestMethodWorker.java:109)\n\tat org.testng.TestRunner.privateRun(TestRunner.java:648)\n\tat org.testng.TestRunner.run(TestRunner.java:505)\n\tat org.testng.SuiteRunner.runTest(SuiteRunner.java:455)\n\tat org.testng.SuiteRunner.runSequentially(SuiteRunner.java:450)\n\tat org.testng.SuiteRunner.privateRun(SuiteRunner.java:415)\n\tat org.testng.SuiteRunner.run(SuiteRunner.java:364)\n\tat org.testng.SuiteRunnerWorker.runSuite(SuiteRunnerWorker.java:52)\n\tat org.testng.SuiteRunnerWorker.run(SuiteRunnerWorker.java:84)\n\tat org.testng.TestNG.runSuitesSequentially(TestNG.java:1208)\n\tat org.testng.TestNG.runSuitesLocally(TestNG.java:1137)\n\tat org.testng.TestNG.runSuites(TestNG.java:1049)\n\tat org.testng.TestNG.run(TestNG.java:1017)\n\tat org.testng.IDEARemoteTestNG.run(IDEARemoteTestNG.java:73)\n\tat org.testng.RemoteTestNGStarter.main(RemoteTestNGStarter.java:123)\n"},"stage":"finished","start":1561038215995,"stop":1561038218872}]}],"parameters":[]}