{"uuid":"3778621a-70cf-4b4e-b333-eb125c2dbb68","historyId":"201b6324928a90bae1b45016848bde8d","fullName":"tests.LoginTests.loginWithRegisteredUser","labels":[{"name":"package","value":"tests.LoginTests"},{"name":"testClass","value":"tests.LoginTests"},{"name":"testMethod","value":"loginWithRegisteredUser"},{"name":"parentSuite","value":"Surefire suite"},{"name":"suite","value":"Surefire test"},{"name":"subSuite","value":"tests.LoginTests"},{"name":"host","value":"MC-0126"},{"name":"thread","value":"29376@MC-0126.main(1)"}],"links":[],"name":"loginWithRegisteredUser","status":"failed","statusDetails":{"known":false,"muted":false,"flaky":false,"message":"The following asserts failed:\n\texpected [null] but found [testernlqjh@yopmail.com],\n\texpected [null] but found [testerbgrbm@yopmail.com],\n\texpected [null] but found [testery6bwm@yopmail.com],\n\texpected [null] but found [testerivujs@yopmail.com],\n\texpected [null] but found [tester32qpr@yopmail.com]","trace":"java.lang.AssertionError: The following asserts failed:\n\texpected [null] but found [testernlqjh@yopmail.com],\n\texpected [null] but found [testerbgrbm@yopmail.com],\n\texpected [null] but found [testery6bwm@yopmail.com],\n\texpected [null] but found [testerivujs@yopmail.com],\n\texpected [null] but found [tester32qpr@yopmail.com]\n\tat org.testng.asserts.SoftAssert.assertAll(SoftAssert.java:43)\n\tat util.CheckerMethods.getFreeRegisterResponseContent(CheckerMethods.java:45)\n\tat tests.FreeRegisterTests.freeRegister_aroundBody0(FreeRegisterTests.java:75)\n\tat tests.FreeRegisterTests$AjcClosure1.run(FreeRegisterTests.java:1)\n\tat org.aspectj.runtime.reflect.JoinPointImpl.proceed(JoinPointImpl.java:149)\n\tat io.qameta.allure.aspects.StepsAspects.step(StepsAspects.java:46)\n\tat tests.FreeRegisterTests.freeRegister(FreeRegisterTests.java:53)\n\tat tests.LoginTests.loginWithRegisteredUser_aroundBody2(LoginTests.java:40)\n\tat tests.LoginTests$AjcClosure3.run(LoginTests.java:1)\n\tat org.aspectj.runtime.reflect.JoinPointImpl.proceed(JoinPointImpl.java:149)\n\tat io.qameta.allure.aspects.StepsAspects.step(StepsAspects.java:46)\n\tat tests.LoginTests.loginWithRegisteredUser(LoginTests.java:40)\n\tat sun.reflect.NativeMethodAccessorImpl.invoke0(Native Method)\n\tat sun.reflect.NativeMethodAccessorImpl.invoke(NativeMethodAccessorImpl.java:62)\n\tat sun.reflect.DelegatingMethodAccessorImpl.invoke(DelegatingMethodAccessorImpl.java:43)\n\tat java.lang.reflect.Method.invoke(Method.java:498)\n\tat org.testng.internal.MethodInvocationHelper.invokeMethod(MethodInvocationHelper.java:124)\n\tat org.testng.internal.Invoker.invokeMethod(Invoker.java:583)\n\tat org.testng.internal.Invoker.invokeTestMethod(Invoker.java:719)\n\tat org.testng.internal.Invoker.invokeTestMethods(Invoker.java:989)\n\tat org.testng.internal.TestMethodWorker.invokeTestMethods(TestMethodWorker.java:125)\n\tat org.testng.internal.TestMethodWorker.run(TestMethodWorker.java:109)\n\tat org.testng.TestRunner.privateRun(TestRunner.java:648)\n\tat org.testng.TestRunner.run(TestRunner.java:505)\n\tat org.testng.SuiteRunner.runTest(SuiteRunner.java:455)\n\tat org.testng.SuiteRunner.runSequentially(SuiteRunner.java:450)\n\tat org.testng.SuiteRunner.privateRun(SuiteRunner.java:415)\n\tat org.testng.SuiteRunner.run(SuiteRunner.java:364)\n\tat org.testng.SuiteRunnerWorker.runSuite(SuiteRunnerWorker.java:52)\n\tat org.testng.SuiteRunnerWorker.run(SuiteRunnerWorker.java:84)\n\tat org.testng.TestNG.runSuitesSequentially(TestNG.java:1208)\n\tat org.testng.TestNG.runSuitesLocally(TestNG.java:1137)\n\tat org.testng.TestNG.runSuites(TestNG.java:1049)\n\tat org.testng.TestNG.run(TestNG.java:1017)\n\tat org.apache.maven.surefire.testng.TestNGExecutor.run(TestNGExecutor.java:135)\n\tat org.apache.maven.surefire.testng.TestNGDirectoryTestSuite.executeMulti(TestNGDirectoryTestSuite.java:193)\n\tat org.apache.maven.surefire.testng.TestNGDirectoryTestSuite.execute(TestNGDirectoryTestSuite.java:94)\n\tat org.apache.maven.surefire.testng.TestNGProvider.invoke(TestNGProvider.java:146)\n\tat org.apache.maven.surefire.booter.ForkedBooter.invokeProviderInSameClassLoader(ForkedBooter.java:386)\n\tat org.apache.maven.surefire.booter.ForkedBooter.runSuitesInProcess(ForkedBooter.java:323)\n\tat org.apache.maven.surefire.booter.ForkedBooter.main(ForkedBooter.java:143)\n"},"stage":"finished","description":"Login with registered user.","start":1561037594388,"stop":1561037597163,"steps":[{"name":"Subscribe with valid product ID:, Login with valid credentials:","status":"failed","statusDetails":{"known":false,"muted":false,"flaky":false,"message":"The following asserts failed:\n\texpected [null] but found [testernlqjh@yopmail.com],\n\texpected [null] but found [testerbgrbm@yopmail.com],\n\texpected [null] but found [testery6bwm@yopmail.com],\n\texpected [null] but found [testerivujs@yopmail.com],\n\texpected [null] but found [tester32qpr@yopmail.com]","trace":"java.lang.AssertionError: The following asserts failed:\n\texpected [null] but found [testernlqjh@yopmail.com],\n\texpected [null] but found [testerbgrbm@yopmail.com],\n\texpected [null] but found [testery6bwm@yopmail.com],\n\texpected [null] but found [testerivujs@yopmail.com],\n\texpected [null] but found [tester32qpr@yopmail.com]\n\tat org.testng.asserts.SoftAssert.assertAll(SoftAssert.java:43)\n\tat util.CheckerMethods.getFreeRegisterResponseContent(CheckerMethods.java:45)\n\tat tests.FreeRegisterTests.freeRegister_aroundBody0(FreeRegisterTests.java:75)\n\tat tests.FreeRegisterTests$AjcClosure1.run(FreeRegisterTests.java:1)\n\tat org.aspectj.runtime.reflect.JoinPointImpl.proceed(JoinPointImpl.java:149)\n\tat io.qameta.allure.aspects.StepsAspects.step(StepsAspects.java:46)\n\tat tests.FreeRegisterTests.freeRegister(FreeRegisterTests.java:53)\n\tat tests.LoginTests.loginWithRegisteredUser_aroundBody2(LoginTests.java:40)\n\tat tests.LoginTests$AjcClosure3.run(LoginTests.java:1)\n\tat org.aspectj.runtime.reflect.JoinPointImpl.proceed(JoinPointImpl.java:149)\n\tat io.qameta.allure.aspects.StepsAspects.step(StepsAspects.java:46)\n\tat tests.LoginTests.loginWithRegisteredUser(LoginTests.java:40)\n\tat sun.reflect.NativeMethodAccessorImpl.invoke0(Native Method)\n\tat sun.reflect.NativeMethodAccessorImpl.invoke(NativeMethodAccessorImpl.java:62)\n\tat sun.reflect.DelegatingMethodAccessorImpl.invoke(DelegatingMethodAccessorImpl.java:43)\n\tat java.lang.reflect.Method.invoke(Method.java:498)\n\tat org.testng.internal.MethodInvocationHelper.invokeMethod(MethodInvocationHelper.java:124)\n\tat org.testng.internal.Invoker.invokeMethod(Invoker.java:583)\n\tat org.testng.internal.Invoker.invokeTestMethod(Invoker.java:719)\n\tat org.testng.internal.Invoker.invokeTestMethods(Invoker.java:989)\n\tat org.testng.internal.TestMethodWorker.invokeTestMethods(TestMethodWorker.java:125)\n\tat org.testng.internal.TestMethodWorker.run(TestMethodWorker.java:109)\n\tat org.testng.TestRunner.privateRun(TestRunner.java:648)\n\tat org.testng.TestRunner.run(TestRunner.java:505)\n\tat org.testng.SuiteRunner.runTest(SuiteRunner.java:455)\n\tat org.testng.SuiteRunner.runSequentially(SuiteRunner.java:450)\n\tat org.testng.SuiteRunner.privateRun(SuiteRunner.java:415)\n\tat org.testng.SuiteRunner.run(SuiteRunner.java:364)\n\tat org.testng.SuiteRunnerWorker.runSuite(SuiteRunnerWorker.java:52)\n\tat org.testng.SuiteRunnerWorker.run(SuiteRunnerWorker.java:84)\n\tat org.testng.TestNG.runSuitesSequentially(TestNG.java:1208)\n\tat org.testng.TestNG.runSuitesLocally(TestNG.java:1137)\n\tat org.testng.TestNG.runSuites(TestNG.java:1049)\n\tat org.testng.TestNG.run(TestNG.java:1017)\n\tat org.apache.maven.surefire.testng.TestNGExecutor.run(TestNGExecutor.java:135)\n\tat org.apache.maven.surefire.testng.TestNGDirectoryTestSuite.executeMulti(TestNGDirectoryTestSuite.java:193)\n\tat org.apache.maven.surefire.testng.TestNGDirectoryTestSuite.execute(TestNGDirectoryTestSuite.java:94)\n\tat org.apache.maven.surefire.testng.TestNGProvider.invoke(TestNGProvider.java:146)\n\tat org.apache.maven.surefire.booter.ForkedBooter.invokeProviderInSameClassLoader(ForkedBooter.java:386)\n\tat org.apache.maven.surefire.booter.ForkedBooter.runSuitesInProcess(ForkedBooter.java:323)\n\tat org.apache.maven.surefire.booter.ForkedBooter.main(ForkedBooter.java:143)\n"},"stage":"finished","start":1561037594391,"stop":1561037597162,"steps":[{"name":"Make request to create free user:","status":"failed","statusDetails":{"known":false,"muted":false,"flaky":false,"message":"The following asserts failed:\n\texpected [null] but found [testernlqjh@yopmail.com],\n\texpected [null] but found [testerbgrbm@yopmail.com],\n\texpected [null] but found [testery6bwm@yopmail.com],\n\texpected [null] but found [testerivujs@yopmail.com],\n\texpected [null] but found [tester32qpr@yopmail.com]","trace":"java.lang.AssertionError: The following asserts failed:\n\texpected [null] but found [testernlqjh@yopmail.com],\n\texpected [null] but found [testerbgrbm@yopmail.com],\n\texpected [null] but found [testery6bwm@yopmail.com],\n\texpected [null] but found [testerivujs@yopmail.com],\n\texpected [null] but found [tester32qpr@yopmail.com]\n\tat org.testng.asserts.SoftAssert.assertAll(SoftAssert.java:43)\n\tat util.CheckerMethods.getFreeRegisterResponseContent(CheckerMethods.java:45)\n\tat tests.FreeRegisterTests.freeRegister_aroundBody0(FreeRegisterTests.java:75)\n\tat tests.FreeRegisterTests$AjcClosure1.run(FreeRegisterTests.java:1)\n\tat org.aspectj.runtime.reflect.JoinPointImpl.proceed(JoinPointImpl.java:149)\n\tat io.qameta.allure.aspects.StepsAspects.step(StepsAspects.java:46)\n\tat tests.FreeRegisterTests.freeRegister(FreeRegisterTests.java:53)\n\tat tests.LoginTests.loginWithRegisteredUser_aroundBody2(LoginTests.java:40)\n\tat tests.LoginTests$AjcClosure3.run(LoginTests.java:1)\n\tat org.aspectj.runtime.reflect.JoinPointImpl.proceed(JoinPointImpl.java:149)\n\tat io.qameta.allure.aspects.StepsAspects.step(StepsAspects.java:46)\n\tat tests.LoginTests.loginWithRegisteredUser(LoginTests.java:40)\n\tat sun.reflect.NativeMethodAccessorImpl.invoke0(Native Method)\n\tat sun.reflect.NativeMethodAccessorImpl.invoke(NativeMethodAccessorImpl.java:62)\n\tat sun.reflect.DelegatingMethodAccessorImpl.invoke(DelegatingMethodAccessorImpl.java:43)\n\tat java.lang.reflect.Method.invoke(Method.java:498)\n\tat org.testng.internal.MethodInvocationHelper.invokeMethod(MethodInvocationHelper.java:124)\n\tat org.testng.internal.Invoker.invokeMethod(Invoker.java:583)\n\tat org.testng.internal.Invoker.invokeTestMethod(Invoker.java:719)\n\tat org.testng.internal.Invoker.invokeTestMethods(Invoker.java:989)\n\tat org.testng.internal.TestMethodWorker.invokeTestMethods(TestMethodWorker.java:125)\n\tat org.testng.internal.TestMethodWorker.run(TestMethodWorker.java:109)\n\tat org.testng.TestRunner.privateRun(TestRunner.java:648)\n\tat org.testng.TestRunner.run(TestRunner.java:505)\n\tat org.testng.SuiteRunner.runTest(SuiteRunner.java:455)\n\tat org.testng.SuiteRunner.runSequentially(SuiteRunner.java:450)\n\tat org.testng.SuiteRunner.privateRun(SuiteRunner.java:415)\n\tat org.testng.SuiteRunner.run(SuiteRunner.java:364)\n\tat org.testng.SuiteRunnerWorker.runSuite(SuiteRunnerWorker.java:52)\n\tat org.testng.SuiteRunnerWorker.run(SuiteRunnerWorker.java:84)\n\tat org.testng.TestNG.runSuitesSequentially(TestNG.java:1208)\n\tat org.testng.TestNG.runSuitesLocally(TestNG.java:1137)\n\tat org.testng.TestNG.runSuites(TestNG.java:1049)\n\tat org.testng.TestNG.run(TestNG.java:1017)\n\tat org.apache.maven.surefire.testng.TestNGExecutor.run(TestNGExecutor.java:135)\n\tat org.apache.maven.surefire.testng.TestNGDirectoryTestSuite.executeMulti(TestNGDirectoryTestSuite.java:193)\n\tat org.apache.maven.surefire.testng.TestNGDirectoryTestSuite.execute(TestNGDirectoryTestSuite.java:94)\n\tat org.apache.maven.surefire.testng.TestNGProvider.invoke(TestNGProvider.java:146)\n\tat org.apache.maven.surefire.booter.ForkedBooter.invokeProviderInSameClassLoader(ForkedBooter.java:386)\n\tat org.apache.maven.surefire.booter.ForkedBooter.runSuitesInProcess(ForkedBooter.java:323)\n\tat org.apache.maven.surefire.booter.ForkedBooter.main(ForkedBooter.java:143)\n"},"stage":"finished","start":1561037594391,"stop":1561037597162}]}],"parameters":[]}