{"uuid":"38f5d55a-b4e1-4052-931e-d72ae0e30394","historyId":"4d275ace52da0fc6f6480c070097b18d","fullName":"tests.ChangePasswordTests.changePasswordForSubscribedUser","labels":[{"name":"package","value":"tests.ChangePasswordTests"},{"name":"testClass","value":"tests.ChangePasswordTests"},{"name":"testMethod","value":"changePasswordForSubscribedUser"},{"name":"parentSuite","value":"Surefire suite"},{"name":"suite","value":"Surefire test"},{"name":"subSuite","value":"tests.ChangePasswordTests"},{"name":"host","value":"MC-0126"},{"name":"thread","value":"29376@MC-0126.main(1)"}],"links":[],"name":"changePasswordForSubscribedUser","status":"failed","statusDetails":{"known":false,"muted":false,"flaky":false,"message":"The following asserts failed:\n\texpected [null] but found [testernlqjh@yopmail.com],\n\texpected [null] but found [testerbgrbm@yopmail.com],\n\texpected [null] but found [testery6bwm@yopmail.com],\n\texpected [null] but found [testerivujs@yopmail.com]","trace":"java.lang.AssertionError: The following asserts failed:\n\texpected [null] but found [testernlqjh@yopmail.com],\n\texpected [null] but found [testerbgrbm@yopmail.com],\n\texpected [null] but found [testery6bwm@yopmail.com],\n\texpected [null] but found [testerivujs@yopmail.com]\n\tat org.testng.asserts.SoftAssert.assertAll(SoftAssert.java:43)\n\tat util.CheckerMethods.getFreeRegisterResponseContent(CheckerMethods.java:45)\n\tat tests.FreeRegisterTests.freeRegister_aroundBody0(FreeRegisterTests.java:75)\n\tat tests.FreeRegisterTests$AjcClosure1.run(FreeRegisterTests.java:1)\n\tat org.aspectj.runtime.reflect.JoinPointImpl.proceed(JoinPointImpl.java:149)\n\tat io.qameta.allure.aspects.StepsAspects.step(StepsAspects.java:46)\n\tat tests.FreeRegisterTests.freeRegister(FreeRegisterTests.java:53)\n\tat tests.SubscriptionsTests.registration6m_aroundBody2(SubscriptionsTests.java:101)\n\tat tests.SubscriptionsTests$AjcClosure3.run(SubscriptionsTests.java:1)\n\tat org.aspectj.runtime.reflect.JoinPointImpl.proceed(JoinPointImpl.java:149)\n\tat io.qameta.allure.aspects.StepsAspects.step(StepsAspects.java:46)\n\tat tests.SubscriptionsTests.registration6m(SubscriptionsTests.java:95)\n\tat tests.ChangePasswordTests.changePasswordForSubscribedUser_aroundBody2(ChangePasswordTests.java:48)\n\tat tests.ChangePasswordTests$AjcClosure3.run(ChangePasswordTests.java:1)\n\tat org.aspectj.runtime.reflect.JoinPointImpl.proceed(JoinPointImpl.java:149)\n\tat io.qameta.allure.aspects.StepsAspects.step(StepsAspects.java:46)\n\tat tests.ChangePasswordTests.changePasswordForSubscribedUser(ChangePasswordTests.java:48)\n\tat sun.reflect.NativeMethodAccessorImpl.invoke0(Native Method)\n\tat sun.reflect.NativeMethodAccessorImpl.invoke(NativeMethodAccessorImpl.java:62)\n\tat sun.reflect.DelegatingMethodAccessorImpl.invoke(DelegatingMethodAccessorImpl.java:43)\n\tat java.lang.reflect.Method.invoke(Method.java:498)\n\tat org.testng.internal.MethodInvocationHelper.invokeMethod(MethodInvocationHelper.java:124)\n\tat org.testng.internal.Invoker.invokeMethod(Invoker.java:583)\n\tat org.testng.internal.Invoker.invokeTestMethod(Invoker.java:719)\n\tat org.testng.internal.Invoker.invokeTestMethods(Invoker.java:989)\n\tat org.testng.internal.TestMethodWorker.invokeTestMethods(TestMethodWorker.java:125)\n\tat org.testng.internal.TestMethodWorker.run(TestMethodWorker.java:109)\n\tat org.testng.TestRunner.privateRun(TestRunner.java:648)\n\tat org.testng.TestRunner.run(TestRunner.java:505)\n\tat org.testng.SuiteRunner.runTest(SuiteRunner.java:455)\n\tat org.testng.SuiteRunner.runSequentially(SuiteRunner.java:450)\n\tat org.testng.SuiteRunner.privateRun(SuiteRunner.java:415)\n\tat org.testng.SuiteRunner.run(SuiteRunner.java:364)\n\tat org.testng.SuiteRunnerWorker.runSuite(SuiteRunnerWorker.java:52)\n\tat org.testng.SuiteRunnerWorker.run(SuiteRunnerWorker.java:84)\n\tat org.testng.TestNG.runSuitesSequentially(TestNG.java:1208)\n\tat org.testng.TestNG.runSuitesLocally(TestNG.java:1137)\n\tat org.testng.TestNG.runSuites(TestNG.java:1049)\n\tat org.testng.TestNG.run(TestNG.java:1017)\n\tat org.apache.maven.surefire.testng.TestNGExecutor.run(TestNGExecutor.java:135)\n\tat org.apache.maven.surefire.testng.TestNGDirectoryTestSuite.executeMulti(TestNGDirectoryTestSuite.java:193)\n\tat org.apache.maven.surefire.testng.TestNGDirectoryTestSuite.execute(TestNGDirectoryTestSuite.java:94)\n\tat org.apache.maven.surefire.testng.TestNGProvider.invoke(TestNGProvider.java:146)\n\tat org.apache.maven.surefire.booter.ForkedBooter.invokeProviderInSameClassLoader(ForkedBooter.java:386)\n\tat org.apache.maven.surefire.booter.ForkedBooter.runSuitesInProcess(ForkedBooter.java:323)\n\tat org.apache.maven.surefire.booter.ForkedBooter.main(ForkedBooter.java:143)\n"},"stage":"finished","description":"Change password for Subscribed User.","start":1561037591280,"stop":1561037594380,"steps":[{"name":"Make request to change subscribed user password:","status":"failed","statusDetails":{"known":false,"muted":false,"flaky":false,"message":"The following asserts failed:\n\texpected [null] but found [testernlqjh@yopmail.com],\n\texpected [null] but found [testerbgrbm@yopmail.com],\n\texpected [null] but found [testery6bwm@yopmail.com],\n\texpected [null] but found [testerivujs@yopmail.com]","trace":"java.lang.AssertionError: The following asserts failed:\n\texpected [null] but found [testernlqjh@yopmail.com],\n\texpected [null] but found [testerbgrbm@yopmail.com],\n\texpected [null] but found [testery6bwm@yopmail.com],\n\texpected [null] but found [testerivujs@yopmail.com]\n\tat org.testng.asserts.SoftAssert.assertAll(SoftAssert.java:43)\n\tat util.CheckerMethods.getFreeRegisterResponseContent(CheckerMethods.java:45)\n\tat tests.FreeRegisterTests.freeRegister_aroundBody0(FreeRegisterTests.java:75)\n\tat tests.FreeRegisterTests$AjcClosure1.run(FreeRegisterTests.java:1)\n\tat org.aspectj.runtime.reflect.JoinPointImpl.proceed(JoinPointImpl.java:149)\n\tat io.qameta.allure.aspects.StepsAspects.step(StepsAspects.java:46)\n\tat tests.FreeRegisterTests.freeRegister(FreeRegisterTests.java:53)\n\tat tests.SubscriptionsTests.registration6m_aroundBody2(SubscriptionsTests.java:101)\n\tat tests.SubscriptionsTests$AjcClosure3.run(SubscriptionsTests.java:1)\n\tat org.aspectj.runtime.reflect.JoinPointImpl.proceed(JoinPointImpl.java:149)\n\tat io.qameta.allure.aspects.StepsAspects.step(StepsAspects.java:46)\n\tat tests.SubscriptionsTests.registration6m(SubscriptionsTests.java:95)\n\tat tests.ChangePasswordTests.changePasswordForSubscribedUser_aroundBody2(ChangePasswordTests.java:48)\n\tat tests.ChangePasswordTests$AjcClosure3.run(ChangePasswordTests.java:1)\n\tat org.aspectj.runtime.reflect.JoinPointImpl.proceed(JoinPointImpl.java:149)\n\tat io.qameta.allure.aspects.StepsAspects.step(StepsAspects.java:46)\n\tat tests.ChangePasswordTests.changePasswordForSubscribedUser(ChangePasswordTests.java:48)\n\tat sun.reflect.NativeMethodAccessorImpl.invoke0(Native Method)\n\tat sun.reflect.NativeMethodAccessorImpl.invoke(NativeMethodAccessorImpl.java:62)\n\tat sun.reflect.DelegatingMethodAccessorImpl.invoke(DelegatingMethodAccessorImpl.java:43)\n\tat java.lang.reflect.Method.invoke(Method.java:498)\n\tat org.testng.internal.MethodInvocationHelper.invokeMethod(MethodInvocationHelper.java:124)\n\tat org.testng.internal.Invoker.invokeMethod(Invoker.java:583)\n\tat org.testng.internal.Invoker.invokeTestMethod(Invoker.java:719)\n\tat org.testng.internal.Invoker.invokeTestMethods(Invoker.java:989)\n\tat org.testng.internal.TestMethodWorker.invokeTestMethods(TestMethodWorker.java:125)\n\tat org.testng.internal.TestMethodWorker.run(TestMethodWorker.java:109)\n\tat org.testng.TestRunner.privateRun(TestRunner.java:648)\n\tat org.testng.TestRunner.run(TestRunner.java:505)\n\tat org.testng.SuiteRunner.runTest(SuiteRunner.java:455)\n\tat org.testng.SuiteRunner.runSequentially(SuiteRunner.java:450)\n\tat org.testng.SuiteRunner.privateRun(SuiteRunner.java:415)\n\tat org.testng.SuiteRunner.run(SuiteRunner.java:364)\n\tat org.testng.SuiteRunnerWorker.runSuite(SuiteRunnerWorker.java:52)\n\tat org.testng.SuiteRunnerWorker.run(SuiteRunnerWorker.java:84)\n\tat org.testng.TestNG.runSuitesSequentially(TestNG.java:1208)\n\tat org.testng.TestNG.runSuitesLocally(TestNG.java:1137)\n\tat org.testng.TestNG.runSuites(TestNG.java:1049)\n\tat org.testng.TestNG.run(TestNG.java:1017)\n\tat org.apache.maven.surefire.testng.TestNGExecutor.run(TestNGExecutor.java:135)\n\tat org.apache.maven.surefire.testng.TestNGDirectoryTestSuite.executeMulti(TestNGDirectoryTestSuite.java:193)\n\tat org.apache.maven.surefire.testng.TestNGDirectoryTestSuite.execute(TestNGDirectoryTestSuite.java:94)\n\tat org.apache.maven.surefire.testng.TestNGProvider.invoke(TestNGProvider.java:146)\n\tat org.apache.maven.surefire.booter.ForkedBooter.invokeProviderInSameClassLoader(ForkedBooter.java:386)\n\tat org.apache.maven.surefire.booter.ForkedBooter.runSuitesInProcess(ForkedBooter.java:323)\n\tat org.apache.maven.surefire.booter.ForkedBooter.main(ForkedBooter.java:143)\n"},"stage":"finished","start":1561037591281,"stop":1561037594379,"steps":[{"name":"Make request to Subscribe with 6 months subscription plan:","status":"failed","statusDetails":{"known":false,"muted":false,"flaky":false,"message":"The following asserts failed:\n\texpected [null] but found [testernlqjh@yopmail.com],\n\texpected [null] but found [testerbgrbm@yopmail.com],\n\texpected [null] but found [testery6bwm@yopmail.com],\n\texpected [null] but found [testerivujs@yopmail.com]","trace":"java.lang.AssertionError: The following asserts failed:\n\texpected [null] but found [testernlqjh@yopmail.com],\n\texpected [null] but found [testerbgrbm@yopmail.com],\n\texpected [null] but found [testery6bwm@yopmail.com],\n\texpected [null] but found [testerivujs@yopmail.com]\n\tat org.testng.asserts.SoftAssert.assertAll(SoftAssert.java:43)\n\tat util.CheckerMethods.getFreeRegisterResponseContent(CheckerMethods.java:45)\n\tat tests.FreeRegisterTests.freeRegister_aroundBody0(FreeRegisterTests.java:75)\n\tat tests.FreeRegisterTests$AjcClosure1.run(FreeRegisterTests.java:1)\n\tat org.aspectj.runtime.reflect.JoinPointImpl.proceed(JoinPointImpl.java:149)\n\tat io.qameta.allure.aspects.StepsAspects.step(StepsAspects.java:46)\n\tat tests.FreeRegisterTests.freeRegister(FreeRegisterTests.java:53)\n\tat tests.SubscriptionsTests.registration6m_aroundBody2(SubscriptionsTests.java:101)\n\tat tests.SubscriptionsTests$AjcClosure3.run(SubscriptionsTests.java:1)\n\tat org.aspectj.runtime.reflect.JoinPointImpl.proceed(JoinPointImpl.java:149)\n\tat io.qameta.allure.aspects.StepsAspects.step(StepsAspects.java:46)\n\tat tests.SubscriptionsTests.registration6m(SubscriptionsTests.java:95)\n\tat tests.ChangePasswordTests.changePasswordForSubscribedUser_aroundBody2(ChangePasswordTests.java:48)\n\tat tests.ChangePasswordTests$AjcClosure3.run(ChangePasswordTests.java:1)\n\tat org.aspectj.runtime.reflect.JoinPointImpl.proceed(JoinPointImpl.java:149)\n\tat io.qameta.allure.aspects.StepsAspects.step(StepsAspects.java:46)\n\tat tests.ChangePasswordTests.changePasswordForSubscribedUser(ChangePasswordTests.java:48)\n\tat sun.reflect.NativeMethodAccessorImpl.invoke0(Native Method)\n\tat sun.reflect.NativeMethodAccessorImpl.invoke(NativeMethodAccessorImpl.java:62)\n\tat sun.reflect.DelegatingMethodAccessorImpl.invoke(DelegatingMethodAccessorImpl.java:43)\n\tat java.lang.reflect.Method.invoke(Method.java:498)\n\tat org.testng.internal.MethodInvocationHelper.invokeMethod(MethodInvocationHelper.java:124)\n\tat org.testng.internal.Invoker.invokeMethod(Invoker.java:583)\n\tat org.testng.internal.Invoker.invokeTestMethod(Invoker.java:719)\n\tat org.testng.internal.Invoker.invokeTestMethods(Invoker.java:989)\n\tat org.testng.internal.TestMethodWorker.invokeTestMethods(TestMethodWorker.java:125)\n\tat org.testng.internal.TestMethodWorker.run(TestMethodWorker.java:109)\n\tat org.testng.TestRunner.privateRun(TestRunner.java:648)\n\tat org.testng.TestRunner.run(TestRunner.java:505)\n\tat org.testng.SuiteRunner.runTest(SuiteRunner.java:455)\n\tat org.testng.SuiteRunner.runSequentially(SuiteRunner.java:450)\n\tat org.testng.SuiteRunner.privateRun(SuiteRunner.java:415)\n\tat org.testng.SuiteRunner.run(SuiteRunner.java:364)\n\tat org.testng.SuiteRunnerWorker.runSuite(SuiteRunnerWorker.java:52)\n\tat org.testng.SuiteRunnerWorker.run(SuiteRunnerWorker.java:84)\n\tat org.testng.TestNG.runSuitesSequentially(TestNG.java:1208)\n\tat org.testng.TestNG.runSuitesLocally(TestNG.java:1137)\n\tat org.testng.TestNG.runSuites(TestNG.java:1049)\n\tat org.testng.TestNG.run(TestNG.java:1017)\n\tat org.apache.maven.surefire.testng.TestNGExecutor.run(TestNGExecutor.java:135)\n\tat org.apache.maven.surefire.testng.TestNGDirectoryTestSuite.executeMulti(TestNGDirectoryTestSuite.java:193)\n\tat org.apache.maven.surefire.testng.TestNGDirectoryTestSuite.execute(TestNGDirectoryTestSuite.java:94)\n\tat org.apache.maven.surefire.testng.TestNGProvider.invoke(TestNGProvider.java:146)\n\tat org.apache.maven.surefire.booter.ForkedBooter.invokeProviderInSameClassLoader(ForkedBooter.java:386)\n\tat org.apache.maven.surefire.booter.ForkedBooter.runSuitesInProcess(ForkedBooter.java:323)\n\tat org.apache.maven.surefire.booter.ForkedBooter.main(ForkedBooter.java:143)\n"},"stage":"finished","start":1561037591281,"stop":1561037594379,"steps":[{"name":"Make request to generate valid ID Token:","status":"passed","stage":"finished","start":1561037591281,"stop":1561037591961,"attachments":[{"name":"Request: ","source":"e5e9a099-3efa-4b32-8438-7d1b66a402d2-attachment.txt","type":"text/plain"},{"name":"Response: ","source":"77e7e205-7713-4290-9f6e-982b855c44a4-attachment.txt","type":"text/plain"}]},{"name":"Make request to create free user:","status":"failed","statusDetails":{"known":false,"muted":false,"flaky":false,"message":"The following asserts failed:\n\texpected [null] but found [testernlqjh@yopmail.com],\n\texpected [null] but found [testerbgrbm@yopmail.com],\n\texpected [null] but found [testery6bwm@yopmail.com],\n\texpected [null] but found [testerivujs@yopmail.com]","trace":"java.lang.AssertionError: The following asserts failed:\n\texpected [null] but found [testernlqjh@yopmail.com],\n\texpected [null] but found [testerbgrbm@yopmail.com],\n\texpected [null] but found [testery6bwm@yopmail.com],\n\texpected [null] but found [testerivujs@yopmail.com]\n\tat org.testng.asserts.SoftAssert.assertAll(SoftAssert.java:43)\n\tat util.CheckerMethods.getFreeRegisterResponseContent(CheckerMethods.java:45)\n\tat tests.FreeRegisterTests.freeRegister_aroundBody0(FreeRegisterTests.java:75)\n\tat tests.FreeRegisterTests$AjcClosure1.run(FreeRegisterTests.java:1)\n\tat org.aspectj.runtime.reflect.JoinPointImpl.proceed(JoinPointImpl.java:149)\n\tat io.qameta.allure.aspects.StepsAspects.step(StepsAspects.java:46)\n\tat tests.FreeRegisterTests.freeRegister(FreeRegisterTests.java:53)\n\tat tests.SubscriptionsTests.registration6m_aroundBody2(SubscriptionsTests.java:101)\n\tat tests.SubscriptionsTests$AjcClosure3.run(SubscriptionsTests.java:1)\n\tat org.aspectj.runtime.reflect.JoinPointImpl.proceed(JoinPointImpl.java:149)\n\tat io.qameta.allure.aspects.StepsAspects.step(StepsAspects.java:46)\n\tat tests.SubscriptionsTests.registration6m(SubscriptionsTests.java:95)\n\tat tests.ChangePasswordTests.changePasswordForSubscribedUser_aroundBody2(ChangePasswordTests.java:48)\n\tat tests.ChangePasswordTests$AjcClosure3.run(ChangePasswordTests.java:1)\n\tat org.aspectj.runtime.reflect.JoinPointImpl.proceed(JoinPointImpl.java:149)\n\tat io.qameta.allure.aspects.StepsAspects.step(StepsAspects.java:46)\n\tat tests.ChangePasswordTests.changePasswordForSubscribedUser(ChangePasswordTests.java:48)\n\tat sun.reflect.NativeMethodAccessorImpl.invoke0(Native Method)\n\tat sun.reflect.NativeMethodAccessorImpl.invoke(NativeMethodAccessorImpl.java:62)\n\tat sun.reflect.DelegatingMethodAccessorImpl.invoke(DelegatingMethodAccessorImpl.java:43)\n\tat java.lang.reflect.Method.invoke(Method.java:498)\n\tat org.testng.internal.MethodInvocationHelper.invokeMethod(MethodInvocationHelper.java:124)\n\tat org.testng.internal.Invoker.invokeMethod(Invoker.java:583)\n\tat org.testng.internal.Invoker.invokeTestMethod(Invoker.java:719)\n\tat org.testng.internal.Invoker.invokeTestMethods(Invoker.java:989)\n\tat org.testng.internal.TestMethodWorker.invokeTestMethods(TestMethodWorker.java:125)\n\tat org.testng.internal.TestMethodWorker.run(TestMethodWorker.java:109)\n\tat org.testng.TestRunner.privateRun(TestRunner.java:648)\n\tat org.testng.TestRunner.run(TestRunner.java:505)\n\tat org.testng.SuiteRunner.runTest(SuiteRunner.java:455)\n\tat org.testng.SuiteRunner.runSequentially(SuiteRunner.java:450)\n\tat org.testng.SuiteRunner.privateRun(SuiteRunner.java:415)\n\tat org.testng.SuiteRunner.run(SuiteRunner.java:364)\n\tat org.testng.SuiteRunnerWorker.runSuite(SuiteRunnerWorker.java:52)\n\tat org.testng.SuiteRunnerWorker.run(SuiteRunnerWorker.java:84)\n\tat org.testng.TestNG.runSuitesSequentially(TestNG.java:1208)\n\tat org.testng.TestNG.runSuitesLocally(TestNG.java:1137)\n\tat org.testng.TestNG.runSuites(TestNG.java:1049)\n\tat org.testng.TestNG.run(TestNG.java:1017)\n\tat org.apache.maven.surefire.testng.TestNGExecutor.run(TestNGExecutor.java:135)\n\tat org.apache.maven.surefire.testng.TestNGDirectoryTestSuite.executeMulti(TestNGDirectoryTestSuite.java:193)\n\tat org.apache.maven.surefire.testng.TestNGDirectoryTestSuite.execute(TestNGDirectoryTestSuite.java:94)\n\tat org.apache.maven.surefire.testng.TestNGProvider.invoke(TestNGProvider.java:146)\n\tat org.apache.maven.surefire.booter.ForkedBooter.invokeProviderInSameClassLoader(ForkedBooter.java:386)\n\tat org.apache.maven.surefire.booter.ForkedBooter.runSuitesInProcess(ForkedBooter.java:323)\n\tat org.apache.maven.surefire.booter.ForkedBooter.main(ForkedBooter.java:143)\n"},"stage":"finished","start":1561037591961,"stop":1561037594379}]}]}],"parameters":[]}