{"uuid":"3eb1f244-4b44-456d-ae6e-ec1cad122379","historyId":"ab3495d331d9e60a340b35cf520616d1","fullName":"APITest.changePassword","labels":[{"name":"package","value":"APITest"},{"name":"testClass","value":"APITest"},{"name":"testMethod","value":"changePassword"},{"name":"parentSuite","value":"Default Suite"},{"name":"suite","value":"OpenfitAPIs"},{"name":"subSuite","value":"APITest"},{"name":"host","value":"MC-0126"},{"name":"thread","value":"15435@MC-0126.main(1)"}],"links":[],"name":"Change password.","status":"broken","statusDetails":{"known":false,"muted":false,"flaky":false,"message":"value == null","trace":"java.lang.IllegalArgumentException: value == null\n\tat com.squareup.okhttp.Headers$Builder.checkNameAndValue(Headers.java:291)\n\tat com.squareup.okhttp.Headers$Builder.add(Headers.java:245)\n\tat com.squareup.okhttp.Request$Builder.addHeader(Request.java:197)\n\tat requests.RequestBuilder.addHeader(RequestBuilder.java:34)\n\tat APITest.changePassword_aroundBody12(APITest.java:126)\n\tat APITest$AjcClosure13.run(APITest.java:1)\n\tat org.aspectj.runtime.reflect.JoinPointImpl.proceed(JoinPointImpl.java:149)\n\tat io.qameta.allure.aspects.StepsAspects.step(StepsAspects.java:46)\n\tat APITest.changePassword(APITest.java:121)\n\tat sun.reflect.NativeMethodAccessorImpl.invoke0(Native Method)\n\tat sun.reflect.NativeMethodAccessorImpl.invoke(NativeMethodAccessorImpl.java:62)\n\tat sun.reflect.DelegatingMethodAccessorImpl.invoke(DelegatingMethodAccessorImpl.java:43)\n\tat java.lang.reflect.Method.invoke(Method.java:498)\n\tat org.testng.internal.MethodInvocationHelper.invokeMethod(MethodInvocationHelper.java:124)\n\tat org.testng.internal.Invoker.invokeMethod(Invoker.java:583)\n\tat org.testng.internal.Invoker.invokeTestMethod(Invoker.java:719)\n\tat org.testng.internal.Invoker.invokeTestMethods(Invoker.java:989)\n\tat org.testng.internal.TestMethodWorker.invokeTestMethods(TestMethodWorker.java:125)\n\tat org.testng.internal.TestMethodWorker.run(TestMethodWorker.java:109)\n\tat org.testng.TestRunner.privateRun(TestRunner.java:648)\n\tat org.testng.TestRunner.run(TestRunner.java:505)\n\tat org.testng.SuiteRunner.runTest(SuiteRunner.java:455)\n\tat org.testng.SuiteRunner.runSequentially(SuiteRunner.java:450)\n\tat org.testng.SuiteRunner.privateRun(SuiteRunner.java:415)\n\tat org.testng.SuiteRunner.run(SuiteRunner.java:364)\n\tat org.testng.SuiteRunnerWorker.runSuite(SuiteRunnerWorker.java:52)\n\tat org.testng.SuiteRunnerWorker.run(SuiteRunnerWorker.java:84)\n\tat org.testng.TestNG.runSuitesSequentially(TestNG.java:1208)\n\tat org.testng.TestNG.runSuitesLocally(TestNG.java:1137)\n\tat org.testng.TestNG.runSuites(TestNG.java:1049)\n\tat org.testng.TestNG.run(TestNG.java:1017)\n\tat org.testng.IDEARemoteTestNG.run(IDEARemoteTestNG.java:73)\n\tat org.testng.RemoteTestNGStarter.main(RemoteTestNGStarter.java:123)\n"},"stage":"finished","start":1558357686312,"stop":1558357689750,"steps":[{"name":"Make request to create free user: {0}, Make request to generate valid token ID: {1}, Make request to subscribe with valid credentials: {2}, Make reqeust to change user password: {3}","status":"broken","statusDetails":{"known":false,"muted":false,"flaky":false,"message":"value == null","trace":"java.lang.IllegalArgumentException: value == null\n\tat com.squareup.okhttp.Headers$Builder.checkNameAndValue(Headers.java:291)\n\tat com.squareup.okhttp.Headers$Builder.add(Headers.java:245)\n\tat com.squareup.okhttp.Request$Builder.addHeader(Request.java:197)\n\tat requests.RequestBuilder.addHeader(RequestBuilder.java:34)\n\tat APITest.changePassword_aroundBody12(APITest.java:126)\n\tat APITest$AjcClosure13.run(APITest.java:1)\n\tat org.aspectj.runtime.reflect.JoinPointImpl.proceed(JoinPointImpl.java:149)\n\tat io.qameta.allure.aspects.StepsAspects.step(StepsAspects.java:46)\n\tat APITest.changePassword(APITest.java:121)\n\tat sun.reflect.NativeMethodAccessorImpl.invoke0(Native Method)\n\tat sun.reflect.NativeMethodAccessorImpl.invoke(NativeMethodAccessorImpl.java:62)\n\tat sun.reflect.DelegatingMethodAccessorImpl.invoke(DelegatingMethodAccessorImpl.java:43)\n\tat java.lang.reflect.Method.invoke(Method.java:498)\n\tat org.testng.internal.MethodInvocationHelper.invokeMethod(MethodInvocationHelper.java:124)\n\tat org.testng.internal.Invoker.invokeMethod(Invoker.java:583)\n\tat org.testng.internal.Invoker.invokeTestMethod(Invoker.java:719)\n\tat org.testng.internal.Invoker.invokeTestMethods(Invoker.java:989)\n\tat org.testng.internal.TestMethodWorker.invokeTestMethods(TestMethodWorker.java:125)\n\tat org.testng.internal.TestMethodWorker.run(TestMethodWorker.java:109)\n\tat org.testng.TestRunner.privateRun(TestRunner.java:648)\n\tat org.testng.TestRunner.run(TestRunner.java:505)\n\tat org.testng.SuiteRunner.runTest(SuiteRunner.java:455)\n\tat org.testng.SuiteRunner.runSequentially(SuiteRunner.java:450)\n\tat org.testng.SuiteRunner.privateRun(SuiteRunner.java:415)\n\tat org.testng.SuiteRunner.run(SuiteRunner.java:364)\n\tat org.testng.SuiteRunnerWorker.runSuite(SuiteRunnerWorker.java:52)\n\tat org.testng.SuiteRunnerWorker.run(SuiteRunnerWorker.java:84)\n\tat org.testng.TestNG.runSuitesSequentially(TestNG.java:1208)\n\tat org.testng.TestNG.runSuitesLocally(TestNG.java:1137)\n\tat org.testng.TestNG.runSuites(TestNG.java:1049)\n\tat org.testng.TestNG.run(TestNG.java:1017)\n\tat org.testng.IDEARemoteTestNG.run(IDEARemoteTestNG.java:73)\n\tat org.testng.RemoteTestNGStarter.main(RemoteTestNGStarter.java:123)\n"},"stage":"finished","start":1558357686350,"stop":1558357689742,"steps":[{"name":"Make request to create free user: {0}","status":"passed","stage":"finished","start":1558357686351,"stop":1558357689739}]}],"parameters":[]}