{"uuid":"4c8a80cc-4b25-4f52-8723-5db355bc212b","historyId":"6c56d22ec3d80415766ed92b4100c444","fullName":"ChangeAttributesTests.changeAttributesForSubscribedUser","labels":[{"name":"package","value":"ChangeAttributesTests"},{"name":"testClass","value":"ChangeAttributesTests"},{"name":"testMethod","value":"changeAttributesForSubscribedUser"},{"name":"parentSuite","value":"All"},{"name":"suite","value":"All_Tests"},{"name":"subSuite","value":"ChangeAttributesTests"},{"name":"host","value":"MC-0126"},{"name":"thread","value":"18810@MC-0126.main(1)"}],"links":[],"name":"changeAttributesForSubscribedUser","status":"failed","statusDetails":{"known":false,"muted":false,"flaky":false,"message":"The following asserts failed:\n\texpected [Test] but found [null],\n\texpected [Test] but found [null],\n\texpected object to not be null,\n\texpected object to not be null,\n\texpected object to not be null,\n\texpected object to not be null,\n\texpected object to not be null,\n\texpected [Test] but found [null],\n\texpected [Test] but found [null],\n\texpected object to not be null,\n\texpected object to not be null,\n\texpected object to not be null,\n\texpected object to not be null,\n\texpected object to not be null,\n\texpected [Test] but found [null],\n\texpected [Test] but found [null],\n\texpected object to not be null,\n\texpected object to not be null,\n\texpected object to not be null,\n\texpected object to not be null,\n\texpected object to not be null","trace":"java.lang.AssertionError: The following asserts failed:\n\texpected [Test] but found [null],\n\texpected [Test] but found [null],\n\texpected object to not be null,\n\texpected object to not be null,\n\texpected object to not be null,\n\texpected object to not be null,\n\texpected object to not be null,\n\texpected [Test] but found [null],\n\texpected [Test] but found [null],\n\texpected object to not be null,\n\texpected object to not be null,\n\texpected object to not be null,\n\texpected object to not be null,\n\texpected object to not be null,\n\texpected [Test] but found [null],\n\texpected [Test] but found [null],\n\texpected object to not be null,\n\texpected object to not be null,\n\texpected object to not be null,\n\texpected object to not be null,\n\texpected object to not be null\n\tat org.testng.asserts.SoftAssert.assertAll(SoftAssert.java:43)\n\tat util.Checker.getFreeRegisterContent(Checker.java:47)\n\tat FreeRegisterTests.freeRegister_aroundBody0(FreeRegisterTests.java:46)\n\tat FreeRegisterTests$AjcClosure1.run(FreeRegisterTests.java:1)\n\tat org.aspectj.runtime.reflect.JoinPointImpl.proceed(JoinPointImpl.java:149)\n\tat io.qameta.allure.aspects.StepsAspects.step(StepsAspects.java:46)\n\tat FreeRegisterTests.freeRegister(FreeRegisterTests.java:33)\n\tat SubscriptionsTests.registration6m_aroundBody2(SubscriptionsTests.java:95)\n\tat SubscriptionsTests$AjcClosure3.run(SubscriptionsTests.java:1)\n\tat org.aspectj.runtime.reflect.JoinPointImpl.proceed(JoinPointImpl.java:149)\n\tat io.qameta.allure.aspects.StepsAspects.step(StepsAspects.java:46)\n\tat SubscriptionsTests.registration6m(SubscriptionsTests.java:94)\n\tat ChangeAttributesTests.changeAttributesForSubscribedUser_aroundBody0(ChangeAttributesTests.java:30)\n\tat ChangeAttributesTests$AjcClosure1.run(ChangeAttributesTests.java:1)\n\tat org.aspectj.runtime.reflect.JoinPointImpl.proceed(JoinPointImpl.java:149)\n\tat io.qameta.allure.aspects.StepsAspects.step(StepsAspects.java:46)\n\tat ChangeAttributesTests.changeAttributesForSubscribedUser(ChangeAttributesTests.java:30)\n\tat sun.reflect.NativeMethodAccessorImpl.invoke0(Native Method)\n\tat sun.reflect.NativeMethodAccessorImpl.invoke(NativeMethodAccessorImpl.java:62)\n\tat sun.reflect.DelegatingMethodAccessorImpl.invoke(DelegatingMethodAccessorImpl.java:43)\n\tat java.lang.reflect.Method.invoke(Method.java:498)\n\tat org.testng.internal.MethodInvocationHelper.invokeMethod(MethodInvocationHelper.java:124)\n\tat org.testng.internal.Invoker.invokeMethod(Invoker.java:583)\n\tat org.testng.internal.Invoker.invokeTestMethod(Invoker.java:719)\n\tat org.testng.internal.Invoker.invokeTestMethods(Invoker.java:989)\n\tat org.testng.internal.TestMethodWorker.invokeTestMethods(TestMethodWorker.java:125)\n\tat org.testng.internal.TestMethodWorker.run(TestMethodWorker.java:109)\n\tat org.testng.TestRunner.privateRun(TestRunner.java:648)\n\tat org.testng.TestRunner.run(TestRunner.java:505)\n\tat org.testng.SuiteRunner.runTest(SuiteRunner.java:455)\n\tat org.testng.SuiteRunner.runSequentially(SuiteRunner.java:450)\n\tat org.testng.SuiteRunner.privateRun(SuiteRunner.java:415)\n\tat org.testng.SuiteRunner.run(SuiteRunner.java:364)\n\tat org.testng.SuiteRunnerWorker.runSuite(SuiteRunnerWorker.java:52)\n\tat org.testng.SuiteRunnerWorker.run(SuiteRunnerWorker.java:84)\n\tat org.testng.TestNG.runSuitesSequentially(TestNG.java:1208)\n\tat org.testng.TestNG.runSuitesLocally(TestNG.java:1137)\n\tat org.testng.TestNG.runSuites(TestNG.java:1049)\n\tat org.testng.TestNG.run(TestNG.java:1017)\n\tat org.testng.IDEARemoteTestNG.run(IDEARemoteTestNG.java:73)\n\tat org.testng.RemoteTestNGStarter.main(RemoteTestNGStarter.java:123)\n"},"stage":"finished","description":"Change subscribed user attributes.","start":1559658711573,"stop":1559658712873,"steps":[{"name":"Make request to create free user: , Make request to generate valid token ID:, Make request to subscribe with valid credentials:, Make reqeust to change user attributes:","status":"failed","statusDetails":{"known":false,"muted":false,"flaky":false,"message":"The following asserts failed:\n\texpected [Test] but found [null],\n\texpected [Test] but found [null],\n\texpected object to not be null,\n\texpected object to not be null,\n\texpected object to not be null,\n\texpected object to not be null,\n\texpected object to not be null,\n\texpected [Test] but found [null],\n\texpected [Test] but found [null],\n\texpected object to not be null,\n\texpected object to not be null,\n\texpected object to not be null,\n\texpected object to not be null,\n\texpected object to not be null,\n\texpected [Test] but found [null],\n\texpected [Test] but found [null],\n\texpected object to not be null,\n\texpected object to not be null,\n\texpected object to not be null,\n\texpected object to not be null,\n\texpected object to not be null","trace":"java.lang.AssertionError: The following asserts failed:\n\texpected [Test] but found [null],\n\texpected [Test] but found [null],\n\texpected object to not be null,\n\texpected object to not be null,\n\texpected object to not be null,\n\texpected object to not be null,\n\texpected object to not be null,\n\texpected [Test] but found [null],\n\texpected [Test] but found [null],\n\texpected object to not be null,\n\texpected object to not be null,\n\texpected object to not be null,\n\texpected object to not be null,\n\texpected object to not be null,\n\texpected [Test] but found [null],\n\texpected [Test] but found [null],\n\texpected object to not be null,\n\texpected object to not be null,\n\texpected object to not be null,\n\texpected object to not be null,\n\texpected object to not be null\n\tat org.testng.asserts.SoftAssert.assertAll(SoftAssert.java:43)\n\tat util.Checker.getFreeRegisterContent(Checker.java:47)\n\tat FreeRegisterTests.freeRegister_aroundBody0(FreeRegisterTests.java:46)\n\tat FreeRegisterTests$AjcClosure1.run(FreeRegisterTests.java:1)\n\tat org.aspectj.runtime.reflect.JoinPointImpl.proceed(JoinPointImpl.java:149)\n\tat io.qameta.allure.aspects.StepsAspects.step(StepsAspects.java:46)\n\tat FreeRegisterTests.freeRegister(FreeRegisterTests.java:33)\n\tat SubscriptionsTests.registration6m_aroundBody2(SubscriptionsTests.java:95)\n\tat SubscriptionsTests$AjcClosure3.run(SubscriptionsTests.java:1)\n\tat org.aspectj.runtime.reflect.JoinPointImpl.proceed(JoinPointImpl.java:149)\n\tat io.qameta.allure.aspects.StepsAspects.step(StepsAspects.java:46)\n\tat SubscriptionsTests.registration6m(SubscriptionsTests.java:94)\n\tat ChangeAttributesTests.changeAttributesForSubscribedUser_aroundBody0(ChangeAttributesTests.java:30)\n\tat ChangeAttributesTests$AjcClosure1.run(ChangeAttributesTests.java:1)\n\tat org.aspectj.runtime.reflect.JoinPointImpl.proceed(JoinPointImpl.java:149)\n\tat io.qameta.allure.aspects.StepsAspects.step(StepsAspects.java:46)\n\tat ChangeAttributesTests.changeAttributesForSubscribedUser(ChangeAttributesTests.java:30)\n\tat sun.reflect.NativeMethodAccessorImpl.invoke0(Native Method)\n\tat sun.reflect.NativeMethodAccessorImpl.invoke(NativeMethodAccessorImpl.java:62)\n\tat sun.reflect.DelegatingMethodAccessorImpl.invoke(DelegatingMethodAccessorImpl.java:43)\n\tat java.lang.reflect.Method.invoke(Method.java:498)\n\tat org.testng.internal.MethodInvocationHelper.invokeMethod(MethodInvocationHelper.java:124)\n\tat org.testng.internal.Invoker.invokeMethod(Invoker.java:583)\n\tat org.testng.internal.Invoker.invokeTestMethod(Invoker.java:719)\n\tat org.testng.internal.Invoker.invokeTestMethods(Invoker.java:989)\n\tat org.testng.internal.TestMethodWorker.invokeTestMethods(TestMethodWorker.java:125)\n\tat org.testng.internal.TestMethodWorker.run(TestMethodWorker.java:109)\n\tat org.testng.TestRunner.privateRun(TestRunner.java:648)\n\tat org.testng.TestRunner.run(TestRunner.java:505)\n\tat org.testng.SuiteRunner.runTest(SuiteRunner.java:455)\n\tat org.testng.SuiteRunner.runSequentially(SuiteRunner.java:450)\n\tat org.testng.SuiteRunner.privateRun(SuiteRunner.java:415)\n\tat org.testng.SuiteRunner.run(SuiteRunner.java:364)\n\tat org.testng.SuiteRunnerWorker.runSuite(SuiteRunnerWorker.java:52)\n\tat org.testng.SuiteRunnerWorker.run(SuiteRunnerWorker.java:84)\n\tat org.testng.TestNG.runSuitesSequentially(TestNG.java:1208)\n\tat org.testng.TestNG.runSuitesLocally(TestNG.java:1137)\n\tat org.testng.TestNG.runSuites(TestNG.java:1049)\n\tat org.testng.TestNG.run(TestNG.java:1017)\n\tat org.testng.IDEARemoteTestNG.run(IDEARemoteTestNG.java:73)\n\tat org.testng.RemoteTestNGStarter.main(RemoteTestNGStarter.java:123)\n"},"stage":"finished","start":1559658711574,"stop":1559658712870,"steps":[{"name":"Make request to generate valid ID Token: {0}, Make request to register free user: {1}, Make request to Subscribe with 6 months subscription plan: {2}","status":"failed","statusDetails":{"known":false,"muted":false,"flaky":false,"message":"The following asserts failed:\n\texpected [Test] but found [null],\n\texpected [Test] but found [null],\n\texpected object to not be null,\n\texpected object to not be null,\n\texpected object to not be null,\n\texpected object to not be null,\n\texpected object to not be null,\n\texpected [Test] but found [null],\n\texpected [Test] but found [null],\n\texpected object to not be null,\n\texpected object to not be null,\n\texpected object to not be null,\n\texpected object to not be null,\n\texpected object to not be null,\n\texpected [Test] but found [null],\n\texpected [Test] but found [null],\n\texpected object to not be null,\n\texpected object to not be null,\n\texpected object to not be null,\n\texpected object to not be null,\n\texpected object to not be null","trace":"java.lang.AssertionError: The following asserts failed:\n\texpected [Test] but found [null],\n\texpected [Test] but found [null],\n\texpected object to not be null,\n\texpected object to not be null,\n\texpected object to not be null,\n\texpected object to not be null,\n\texpected object to not be null,\n\texpected [Test] but found [null],\n\texpected [Test] but found [null],\n\texpected object to not be null,\n\texpected object to not be null,\n\texpected object to not be null,\n\texpected object to not be null,\n\texpected object to not be null,\n\texpected [Test] but found [null],\n\texpected [Test] but found [null],\n\texpected object to not be null,\n\texpected object to not be null,\n\texpected object to not be null,\n\texpected object to not be null,\n\texpected object to not be null\n\tat org.testng.asserts.SoftAssert.assertAll(SoftAssert.java:43)\n\tat util.Checker.getFreeRegisterContent(Checker.java:47)\n\tat FreeRegisterTests.freeRegister_aroundBody0(FreeRegisterTests.java:46)\n\tat FreeRegisterTests$AjcClosure1.run(FreeRegisterTests.java:1)\n\tat org.aspectj.runtime.reflect.JoinPointImpl.proceed(JoinPointImpl.java:149)\n\tat io.qameta.allure.aspects.StepsAspects.step(StepsAspects.java:46)\n\tat FreeRegisterTests.freeRegister(FreeRegisterTests.java:33)\n\tat SubscriptionsTests.registration6m_aroundBody2(SubscriptionsTests.java:95)\n\tat SubscriptionsTests$AjcClosure3.run(SubscriptionsTests.java:1)\n\tat org.aspectj.runtime.reflect.JoinPointImpl.proceed(JoinPointImpl.java:149)\n\tat io.qameta.allure.aspects.StepsAspects.step(StepsAspects.java:46)\n\tat SubscriptionsTests.registration6m(SubscriptionsTests.java:94)\n\tat ChangeAttributesTests.changeAttributesForSubscribedUser_aroundBody0(ChangeAttributesTests.java:30)\n\tat ChangeAttributesTests$AjcClosure1.run(ChangeAttributesTests.java:1)\n\tat org.aspectj.runtime.reflect.JoinPointImpl.proceed(JoinPointImpl.java:149)\n\tat io.qameta.allure.aspects.StepsAspects.step(StepsAspects.java:46)\n\tat ChangeAttributesTests.changeAttributesForSubscribedUser(ChangeAttributesTests.java:30)\n\tat sun.reflect.NativeMethodAccessorImpl.invoke0(Native Method)\n\tat sun.reflect.NativeMethodAccessorImpl.invoke(NativeMethodAccessorImpl.java:62)\n\tat sun.reflect.DelegatingMethodAccessorImpl.invoke(DelegatingMethodAccessorImpl.java:43)\n\tat java.lang.reflect.Method.invoke(Method.java:498)\n\tat org.testng.internal.MethodInvocationHelper.invokeMethod(MethodInvocationHelper.java:124)\n\tat org.testng.internal.Invoker.invokeMethod(Invoker.java:583)\n\tat org.testng.internal.Invoker.invokeTestMethod(Invoker.java:719)\n\tat org.testng.internal.Invoker.invokeTestMethods(Invoker.java:989)\n\tat org.testng.internal.TestMethodWorker.invokeTestMethods(TestMethodWorker.java:125)\n\tat org.testng.internal.TestMethodWorker.run(TestMethodWorker.java:109)\n\tat org.testng.TestRunner.privateRun(TestRunner.java:648)\n\tat org.testng.TestRunner.run(TestRunner.java:505)\n\tat org.testng.SuiteRunner.runTest(SuiteRunner.java:455)\n\tat org.testng.SuiteRunner.runSequentially(SuiteRunner.java:450)\n\tat org.testng.SuiteRunner.privateRun(SuiteRunner.java:415)\n\tat org.testng.SuiteRunner.run(SuiteRunner.java:364)\n\tat org.testng.SuiteRunnerWorker.runSuite(SuiteRunnerWorker.java:52)\n\tat org.testng.SuiteRunnerWorker.run(SuiteRunnerWorker.java:84)\n\tat org.testng.TestNG.runSuitesSequentially(TestNG.java:1208)\n\tat org.testng.TestNG.runSuitesLocally(TestNG.java:1137)\n\tat org.testng.TestNG.runSuites(TestNG.java:1049)\n\tat org.testng.TestNG.run(TestNG.java:1017)\n\tat org.testng.IDEARemoteTestNG.run(IDEARemoteTestNG.java:73)\n\tat org.testng.RemoteTestNGStarter.main(RemoteTestNGStarter.java:123)\n"},"stage":"finished","start":1559658711574,"stop":1559658712870,"steps":[{"name":"Make request to generate valid ID Token:","status":"passed","stage":"finished","start":1559658711574,"stop":1559658712274},{"name":"Make request to create free user:","status":"failed","statusDetails":{"known":false,"muted":false,"flaky":false,"message":"The following asserts failed:\n\texpected [Test] but found [null],\n\texpected [Test] but found [null],\n\texpected object to not be null,\n\texpected object to not be null,\n\texpected object to not be null,\n\texpected object to not be null,\n\texpected object to not be null,\n\texpected [Test] but found [null],\n\texpected [Test] but found [null],\n\texpected object to not be null,\n\texpected object to not be null,\n\texpected object to not be null,\n\texpected object to not be null,\n\texpected object to not be null,\n\texpected [Test] but found [null],\n\texpected [Test] but found [null],\n\texpected object to not be null,\n\texpected object to not be null,\n\texpected object to not be null,\n\texpected object to not be null,\n\texpected object to not be null","trace":"java.lang.AssertionError: The following asserts failed:\n\texpected [Test] but found [null],\n\texpected [Test] but found [null],\n\texpected object to not be null,\n\texpected object to not be null,\n\texpected object to not be null,\n\texpected object to not be null,\n\texpected object to not be null,\n\texpected [Test] but found [null],\n\texpected [Test] but found [null],\n\texpected object to not be null,\n\texpected object to not be null,\n\texpected object to not be null,\n\texpected object to not be null,\n\texpected object to not be null,\n\texpected [Test] but found [null],\n\texpected [Test] but found [null],\n\texpected object to not be null,\n\texpected object to not be null,\n\texpected object to not be null,\n\texpected object to not be null,\n\texpected object to not be null\n\tat org.testng.asserts.SoftAssert.assertAll(SoftAssert.java:43)\n\tat util.Checker.getFreeRegisterContent(Checker.java:47)\n\tat FreeRegisterTests.freeRegister_aroundBody0(FreeRegisterTests.java:46)\n\tat FreeRegisterTests$AjcClosure1.run(FreeRegisterTests.java:1)\n\tat org.aspectj.runtime.reflect.JoinPointImpl.proceed(JoinPointImpl.java:149)\n\tat io.qameta.allure.aspects.StepsAspects.step(StepsAspects.java:46)\n\tat FreeRegisterTests.freeRegister(FreeRegisterTests.java:33)\n\tat SubscriptionsTests.registration6m_aroundBody2(SubscriptionsTests.java:95)\n\tat SubscriptionsTests$AjcClosure3.run(SubscriptionsTests.java:1)\n\tat org.aspectj.runtime.reflect.JoinPointImpl.proceed(JoinPointImpl.java:149)\n\tat io.qameta.allure.aspects.StepsAspects.step(StepsAspects.java:46)\n\tat SubscriptionsTests.registration6m(SubscriptionsTests.java:94)\n\tat ChangeAttributesTests.changeAttributesForSubscribedUser_aroundBody0(ChangeAttributesTests.java:30)\n\tat ChangeAttributesTests$AjcClosure1.run(ChangeAttributesTests.java:1)\n\tat org.aspectj.runtime.reflect.JoinPointImpl.proceed(JoinPointImpl.java:149)\n\tat io.qameta.allure.aspects.StepsAspects.step(StepsAspects.java:46)\n\tat ChangeAttributesTests.changeAttributesForSubscribedUser(ChangeAttributesTests.java:30)\n\tat sun.reflect.NativeMethodAccessorImpl.invoke0(Native Method)\n\tat sun.reflect.NativeMethodAccessorImpl.invoke(NativeMethodAccessorImpl.java:62)\n\tat sun.reflect.DelegatingMethodAccessorImpl.invoke(DelegatingMethodAccessorImpl.java:43)\n\tat java.lang.reflect.Method.invoke(Method.java:498)\n\tat org.testng.internal.MethodInvocationHelper.invokeMethod(MethodInvocationHelper.java:124)\n\tat org.testng.internal.Invoker.invokeMethod(Invoker.java:583)\n\tat org.testng.internal.Invoker.invokeTestMethod(Invoker.java:719)\n\tat org.testng.internal.Invoker.invokeTestMethods(Invoker.java:989)\n\tat org.testng.internal.TestMethodWorker.invokeTestMethods(TestMethodWorker.java:125)\n\tat org.testng.internal.TestMethodWorker.run(TestMethodWorker.java:109)\n\tat org.testng.TestRunner.privateRun(TestRunner.java:648)\n\tat org.testng.TestRunner.run(TestRunner.java:505)\n\tat org.testng.SuiteRunner.runTest(SuiteRunner.java:455)\n\tat org.testng.SuiteRunner.runSequentially(SuiteRunner.java:450)\n\tat org.testng.SuiteRunner.privateRun(SuiteRunner.java:415)\n\tat org.testng.SuiteRunner.run(SuiteRunner.java:364)\n\tat org.testng.SuiteRunnerWorker.runSuite(SuiteRunnerWorker.java:52)\n\tat org.testng.SuiteRunnerWorker.run(SuiteRunnerWorker.java:84)\n\tat org.testng.TestNG.runSuitesSequentially(TestNG.java:1208)\n\tat org.testng.TestNG.runSuitesLocally(TestNG.java:1137)\n\tat org.testng.TestNG.runSuites(TestNG.java:1049)\n\tat org.testng.TestNG.run(TestNG.java:1017)\n\tat org.testng.IDEARemoteTestNG.run(IDEARemoteTestNG.java:73)\n\tat org.testng.RemoteTestNGStarter.main(RemoteTestNGStarter.java:123)\n"},"stage":"finished","start":1559658712275,"stop":1559658712869}]}]}],"parameters":[]}