{"uuid":"5589caaa-1610-4ed0-82d1-f6e9e86729f5","historyId":"c1297f7213ebd79bc82cdf5fcddd83b0","fullName":"LoginTests.loginWithRegisteredUser","labels":[{"name":"package","value":"LoginTests"},{"name":"testClass","value":"LoginTests"},{"name":"testMethod","value":"loginWithRegisteredUser"},{"name":"parentSuite","value":"All"},{"name":"suite","value":"All_Tests"},{"name":"subSuite","value":"LoginTests"},{"name":"host","value":"MC-0126"},{"name":"thread","value":"18810@MC-0126.main(1)"}],"links":[],"name":"loginWithRegisteredUser","status":"failed","statusDetails":{"known":false,"muted":false,"flaky":false,"message":"The following asserts failed:\n\texpected [Test] but found [null],\n\texpected [Test] but found [null],\n\texpected object to not be null,\n\texpected object to not be null,\n\texpected object to not be null,\n\texpected object to not be null,\n\texpected object to not be null,\n\texpected [Test] but found [null],\n\texpected [Test] but found [null],\n\texpected object to not be null,\n\texpected object to not be null,\n\texpected object to not be null,\n\texpected object to not be null,\n\texpected object to not be null,\n\texpected [Test] but found [null],\n\texpected [Test] but found [null],\n\texpected object to not be null,\n\texpected object to not be null,\n\texpected object to not be null,\n\texpected object to not be null,\n\texpected object to not be null,\n\texpected [Test] but found [null],\n\texpected [Test] but found [null],\n\texpected object to not be null,\n\texpected object to not be null,\n\texpected object to not be null,\n\texpected object to not be null,\n\texpected object to not be null","trace":"java.lang.AssertionError: The following asserts failed:\n\texpected [Test] but found [null],\n\texpected [Test] but found [null],\n\texpected object to not be null,\n\texpected object to not be null,\n\texpected object to not be null,\n\texpected object to not be null,\n\texpected object to not be null,\n\texpected [Test] but found [null],\n\texpected [Test] but found [null],\n\texpected object to not be null,\n\texpected object to not be null,\n\texpected object to not be null,\n\texpected object to not be null,\n\texpected object to not be null,\n\texpected [Test] but found [null],\n\texpected [Test] but found [null],\n\texpected object to not be null,\n\texpected object to not be null,\n\texpected object to not be null,\n\texpected object to not be null,\n\texpected object to not be null,\n\texpected [Test] but found [null],\n\texpected [Test] but found [null],\n\texpected object to not be null,\n\texpected object to not be null,\n\texpected object to not be null,\n\texpected object to not be null,\n\texpected object to not be null\n\tat org.testng.asserts.SoftAssert.assertAll(SoftAssert.java:43)\n\tat util.Checker.getFreeRegisterContent(Checker.java:47)\n\tat FreeRegisterTests.freeRegister_aroundBody0(FreeRegisterTests.java:46)\n\tat FreeRegisterTests$AjcClosure1.run(FreeRegisterTests.java:1)\n\tat org.aspectj.runtime.reflect.JoinPointImpl.proceed(JoinPointImpl.java:149)\n\tat io.qameta.allure.aspects.StepsAspects.step(StepsAspects.java:46)\n\tat FreeRegisterTests.freeRegister(FreeRegisterTests.java:33)\n\tat LoginTests.loginWithRegisteredUser_aroundBody2(LoginTests.java:37)\n\tat LoginTests$AjcClosure3.run(LoginTests.java:1)\n\tat org.aspectj.runtime.reflect.JoinPointImpl.proceed(JoinPointImpl.java:149)\n\tat io.qameta.allure.aspects.StepsAspects.step(StepsAspects.java:46)\n\tat LoginTests.loginWithRegisteredUser(LoginTests.java:37)\n\tat sun.reflect.NativeMethodAccessorImpl.invoke0(Native Method)\n\tat sun.reflect.NativeMethodAccessorImpl.invoke(NativeMethodAccessorImpl.java:62)\n\tat sun.reflect.DelegatingMethodAccessorImpl.invoke(DelegatingMethodAccessorImpl.java:43)\n\tat java.lang.reflect.Method.invoke(Method.java:498)\n\tat org.testng.internal.MethodInvocationHelper.invokeMethod(MethodInvocationHelper.java:124)\n\tat org.testng.internal.Invoker.invokeMethod(Invoker.java:583)\n\tat org.testng.internal.Invoker.invokeTestMethod(Invoker.java:719)\n\tat org.testng.internal.Invoker.invokeTestMethods(Invoker.java:989)\n\tat org.testng.internal.TestMethodWorker.invokeTestMethods(TestMethodWorker.java:125)\n\tat org.testng.internal.TestMethodWorker.run(TestMethodWorker.java:109)\n\tat org.testng.TestRunner.privateRun(TestRunner.java:648)\n\tat org.testng.TestRunner.run(TestRunner.java:505)\n\tat org.testng.SuiteRunner.runTest(SuiteRunner.java:455)\n\tat org.testng.SuiteRunner.runSequentially(SuiteRunner.java:450)\n\tat org.testng.SuiteRunner.privateRun(SuiteRunner.java:415)\n\tat org.testng.SuiteRunner.run(SuiteRunner.java:364)\n\tat org.testng.SuiteRunnerWorker.runSuite(SuiteRunnerWorker.java:52)\n\tat org.testng.SuiteRunnerWorker.run(SuiteRunnerWorker.java:84)\n\tat org.testng.TestNG.runSuitesSequentially(TestNG.java:1208)\n\tat org.testng.TestNG.runSuitesLocally(TestNG.java:1137)\n\tat org.testng.TestNG.runSuites(TestNG.java:1049)\n\tat org.testng.TestNG.run(TestNG.java:1017)\n\tat org.testng.IDEARemoteTestNG.run(IDEARemoteTestNG.java:73)\n\tat org.testng.RemoteTestNGStarter.main(RemoteTestNGStarter.java:123)\n"},"stage":"finished","description":"Login with registered user.","start":1559658712880,"stop":1559658713471,"steps":[{"name":"Subscribe with valid product ID:, Login with valid credentials:","status":"failed","statusDetails":{"known":false,"muted":false,"flaky":false,"message":"The following asserts failed:\n\texpected [Test] but found [null],\n\texpected [Test] but found [null],\n\texpected object to not be null,\n\texpected object to not be null,\n\texpected object to not be null,\n\texpected object to not be null,\n\texpected object to not be null,\n\texpected [Test] but found [null],\n\texpected [Test] but found [null],\n\texpected object to not be null,\n\texpected object to not be null,\n\texpected object to not be null,\n\texpected object to not be null,\n\texpected object to not be null,\n\texpected [Test] but found [null],\n\texpected [Test] but found [null],\n\texpected object to not be null,\n\texpected object to not be null,\n\texpected object to not be null,\n\texpected object to not be null,\n\texpected object to not be null,\n\texpected [Test] but found [null],\n\texpected [Test] but found [null],\n\texpected object to not be null,\n\texpected object to not be null,\n\texpected object to not be null,\n\texpected object to not be null,\n\texpected object to not be null","trace":"java.lang.AssertionError: The following asserts failed:\n\texpected [Test] but found [null],\n\texpected [Test] but found [null],\n\texpected object to not be null,\n\texpected object to not be null,\n\texpected object to not be null,\n\texpected object to not be null,\n\texpected object to not be null,\n\texpected [Test] but found [null],\n\texpected [Test] but found [null],\n\texpected object to not be null,\n\texpected object to not be null,\n\texpected object to not be null,\n\texpected object to not be null,\n\texpected object to not be null,\n\texpected [Test] but found [null],\n\texpected [Test] but found [null],\n\texpected object to not be null,\n\texpected object to not be null,\n\texpected object to not be null,\n\texpected object to not be null,\n\texpected object to not be null,\n\texpected [Test] but found [null],\n\texpected [Test] but found [null],\n\texpected object to not be null,\n\texpected object to not be null,\n\texpected object to not be null,\n\texpected object to not be null,\n\texpected object to not be null\n\tat org.testng.asserts.SoftAssert.assertAll(SoftAssert.java:43)\n\tat util.Checker.getFreeRegisterContent(Checker.java:47)\n\tat FreeRegisterTests.freeRegister_aroundBody0(FreeRegisterTests.java:46)\n\tat FreeRegisterTests$AjcClosure1.run(FreeRegisterTests.java:1)\n\tat org.aspectj.runtime.reflect.JoinPointImpl.proceed(JoinPointImpl.java:149)\n\tat io.qameta.allure.aspects.StepsAspects.step(StepsAspects.java:46)\n\tat FreeRegisterTests.freeRegister(FreeRegisterTests.java:33)\n\tat LoginTests.loginWithRegisteredUser_aroundBody2(LoginTests.java:37)\n\tat LoginTests$AjcClosure3.run(LoginTests.java:1)\n\tat org.aspectj.runtime.reflect.JoinPointImpl.proceed(JoinPointImpl.java:149)\n\tat io.qameta.allure.aspects.StepsAspects.step(StepsAspects.java:46)\n\tat LoginTests.loginWithRegisteredUser(LoginTests.java:37)\n\tat sun.reflect.NativeMethodAccessorImpl.invoke0(Native Method)\n\tat sun.reflect.NativeMethodAccessorImpl.invoke(NativeMethodAccessorImpl.java:62)\n\tat sun.reflect.DelegatingMethodAccessorImpl.invoke(DelegatingMethodAccessorImpl.java:43)\n\tat java.lang.reflect.Method.invoke(Method.java:498)\n\tat org.testng.internal.MethodInvocationHelper.invokeMethod(MethodInvocationHelper.java:124)\n\tat org.testng.internal.Invoker.invokeMethod(Invoker.java:583)\n\tat org.testng.internal.Invoker.invokeTestMethod(Invoker.java:719)\n\tat org.testng.internal.Invoker.invokeTestMethods(Invoker.java:989)\n\tat org.testng.internal.TestMethodWorker.invokeTestMethods(TestMethodWorker.java:125)\n\tat org.testng.internal.TestMethodWorker.run(TestMethodWorker.java:109)\n\tat org.testng.TestRunner.privateRun(TestRunner.java:648)\n\tat org.testng.TestRunner.run(TestRunner.java:505)\n\tat org.testng.SuiteRunner.runTest(SuiteRunner.java:455)\n\tat org.testng.SuiteRunner.runSequentially(SuiteRunner.java:450)\n\tat org.testng.SuiteRunner.privateRun(SuiteRunner.java:415)\n\tat org.testng.SuiteRunner.run(SuiteRunner.java:364)\n\tat org.testng.SuiteRunnerWorker.runSuite(SuiteRunnerWorker.java:52)\n\tat org.testng.SuiteRunnerWorker.run(SuiteRunnerWorker.java:84)\n\tat org.testng.TestNG.runSuitesSequentially(TestNG.java:1208)\n\tat org.testng.TestNG.runSuitesLocally(TestNG.java:1137)\n\tat org.testng.TestNG.runSuites(TestNG.java:1049)\n\tat org.testng.TestNG.run(TestNG.java:1017)\n\tat org.testng.IDEARemoteTestNG.run(IDEARemoteTestNG.java:73)\n\tat org.testng.RemoteTestNGStarter.main(RemoteTestNGStarter.java:123)\n"},"stage":"finished","start":1559658712880,"stop":1559658713468,"steps":[{"name":"Make request to create free user:","status":"failed","statusDetails":{"known":false,"muted":false,"flaky":false,"message":"The following asserts failed:\n\texpected [Test] but found [null],\n\texpected [Test] but found [null],\n\texpected object to not be null,\n\texpected object to not be null,\n\texpected object to not be null,\n\texpected object to not be null,\n\texpected object to not be null,\n\texpected [Test] but found [null],\n\texpected [Test] but found [null],\n\texpected object to not be null,\n\texpected object to not be null,\n\texpected object to not be null,\n\texpected object to not be null,\n\texpected object to not be null,\n\texpected [Test] but found [null],\n\texpected [Test] but found [null],\n\texpected object to not be null,\n\texpected object to not be null,\n\texpected object to not be null,\n\texpected object to not be null,\n\texpected object to not be null,\n\texpected [Test] but found [null],\n\texpected [Test] but found [null],\n\texpected object to not be null,\n\texpected object to not be null,\n\texpected object to not be null,\n\texpected object to not be null,\n\texpected object to not be null","trace":"java.lang.AssertionError: The following asserts failed:\n\texpected [Test] but found [null],\n\texpected [Test] but found [null],\n\texpected object to not be null,\n\texpected object to not be null,\n\texpected object to not be null,\n\texpected object to not be null,\n\texpected object to not be null,\n\texpected [Test] but found [null],\n\texpected [Test] but found [null],\n\texpected object to not be null,\n\texpected object to not be null,\n\texpected object to not be null,\n\texpected object to not be null,\n\texpected object to not be null,\n\texpected [Test] but found [null],\n\texpected [Test] but found [null],\n\texpected object to not be null,\n\texpected object to not be null,\n\texpected object to not be null,\n\texpected object to not be null,\n\texpected object to not be null,\n\texpected [Test] but found [null],\n\texpected [Test] but found [null],\n\texpected object to not be null,\n\texpected object to not be null,\n\texpected object to not be null,\n\texpected object to not be null,\n\texpected object to not be null\n\tat org.testng.asserts.SoftAssert.assertAll(SoftAssert.java:43)\n\tat util.Checker.getFreeRegisterContent(Checker.java:47)\n\tat FreeRegisterTests.freeRegister_aroundBody0(FreeRegisterTests.java:46)\n\tat FreeRegisterTests$AjcClosure1.run(FreeRegisterTests.java:1)\n\tat org.aspectj.runtime.reflect.JoinPointImpl.proceed(JoinPointImpl.java:149)\n\tat io.qameta.allure.aspects.StepsAspects.step(StepsAspects.java:46)\n\tat FreeRegisterTests.freeRegister(FreeRegisterTests.java:33)\n\tat LoginTests.loginWithRegisteredUser_aroundBody2(LoginTests.java:37)\n\tat LoginTests$AjcClosure3.run(LoginTests.java:1)\n\tat org.aspectj.runtime.reflect.JoinPointImpl.proceed(JoinPointImpl.java:149)\n\tat io.qameta.allure.aspects.StepsAspects.step(StepsAspects.java:46)\n\tat LoginTests.loginWithRegisteredUser(LoginTests.java:37)\n\tat sun.reflect.NativeMethodAccessorImpl.invoke0(Native Method)\n\tat sun.reflect.NativeMethodAccessorImpl.invoke(NativeMethodAccessorImpl.java:62)\n\tat sun.reflect.DelegatingMethodAccessorImpl.invoke(DelegatingMethodAccessorImpl.java:43)\n\tat java.lang.reflect.Method.invoke(Method.java:498)\n\tat org.testng.internal.MethodInvocationHelper.invokeMethod(MethodInvocationHelper.java:124)\n\tat org.testng.internal.Invoker.invokeMethod(Invoker.java:583)\n\tat org.testng.internal.Invoker.invokeTestMethod(Invoker.java:719)\n\tat org.testng.internal.Invoker.invokeTestMethods(Invoker.java:989)\n\tat org.testng.internal.TestMethodWorker.invokeTestMethods(TestMethodWorker.java:125)\n\tat org.testng.internal.TestMethodWorker.run(TestMethodWorker.java:109)\n\tat org.testng.TestRunner.privateRun(TestRunner.java:648)\n\tat org.testng.TestRunner.run(TestRunner.java:505)\n\tat org.testng.SuiteRunner.runTest(SuiteRunner.java:455)\n\tat org.testng.SuiteRunner.runSequentially(SuiteRunner.java:450)\n\tat org.testng.SuiteRunner.privateRun(SuiteRunner.java:415)\n\tat org.testng.SuiteRunner.run(SuiteRunner.java:364)\n\tat org.testng.SuiteRunnerWorker.runSuite(SuiteRunnerWorker.java:52)\n\tat org.testng.SuiteRunnerWorker.run(SuiteRunnerWorker.java:84)\n\tat org.testng.TestNG.runSuitesSequentially(TestNG.java:1208)\n\tat org.testng.TestNG.runSuitesLocally(TestNG.java:1137)\n\tat org.testng.TestNG.runSuites(TestNG.java:1049)\n\tat org.testng.TestNG.run(TestNG.java:1017)\n\tat org.testng.IDEARemoteTestNG.run(IDEARemoteTestNG.java:73)\n\tat org.testng.RemoteTestNGStarter.main(RemoteTestNGStarter.java:123)\n"},"stage":"finished","start":1559658712880,"stop":1559658713468}]}],"parameters":[]}