{"uuid":"5953aefe-82cb-4a90-8738-aec1fe7daf31","historyId":"ec545c16427705c49635bb1777e7b5f","fullName":"tests.SubscriptionsTests.registration12m","labels":[{"name":"package","value":"tests.SubscriptionsTests"},{"name":"testClass","value":"tests.SubscriptionsTests"},{"name":"testMethod","value":"registration12m"},{"name":"parentSuite","value":"Surefire suite"},{"name":"suite","value":"Surefire test"},{"name":"subSuite","value":"tests.SubscriptionsTests"},{"name":"host","value":"MC-0126"},{"name":"thread","value":"23322@MC-0126.main(1)"}],"links":[],"name":"registration12m","status":"broken","statusDetails":{"known":false,"muted":false,"flaky":false,"message":"No results for path: $['result']","trace":"com.jayway.jsonpath.PathNotFoundException: No results for path: $['result']\n\tat com.jayway.jsonpath.internal.path.EvaluationContextImpl.getValue(EvaluationContextImpl.java:133)\n\tat com.jayway.jsonpath.JsonPath.read(JsonPath.java:187)\n\tat com.jayway.jsonpath.internal.JsonContext.read(JsonContext.java:102)\n\tat com.jayway.jsonpath.internal.JsonContext.read(JsonContext.java:89)\n\tat com.jayway.jsonpath.JsonPath.read(JsonPath.java:502)\n\tat util.CheckerMethods.getSubscriptionResponseContent(CheckerMethods.java:77)\n\tat tests.SubscriptionsTests.registration12m_aroundBody4(SubscriptionsTests.java:171)\n\tat tests.SubscriptionsTests$AjcClosure5.run(SubscriptionsTests.java:1)\n\tat org.aspectj.runtime.reflect.JoinPointImpl.proceed(JoinPointImpl.java:149)\n\tat io.qameta.allure.aspects.StepsAspects.step(StepsAspects.java:46)\n\tat tests.SubscriptionsTests.registration12m(SubscriptionsTests.java:141)\n\tat sun.reflect.NativeMethodAccessorImpl.invoke0(Native Method)\n\tat sun.reflect.NativeMethodAccessorImpl.invoke(NativeMethodAccessorImpl.java:62)\n\tat sun.reflect.DelegatingMethodAccessorImpl.invoke(DelegatingMethodAccessorImpl.java:43)\n\tat java.lang.reflect.Method.invoke(Method.java:498)\n\tat org.testng.internal.MethodInvocationHelper.invokeMethod(MethodInvocationHelper.java:124)\n\tat org.testng.internal.Invoker.invokeMethod(Invoker.java:583)\n\tat org.testng.internal.Invoker.invokeTestMethod(Invoker.java:719)\n\tat org.testng.internal.Invoker.invokeTestMethods(Invoker.java:989)\n\tat org.testng.internal.TestMethodWorker.invokeTestMethods(TestMethodWorker.java:125)\n\tat org.testng.internal.TestMethodWorker.run(TestMethodWorker.java:109)\n\tat org.testng.TestRunner.privateRun(TestRunner.java:648)\n\tat org.testng.TestRunner.run(TestRunner.java:505)\n\tat org.testng.SuiteRunner.runTest(SuiteRunner.java:455)\n\tat org.testng.SuiteRunner.runSequentially(SuiteRunner.java:450)\n\tat org.testng.SuiteRunner.privateRun(SuiteRunner.java:415)\n\tat org.testng.SuiteRunner.run(SuiteRunner.java:364)\n\tat org.testng.SuiteRunnerWorker.runSuite(SuiteRunnerWorker.java:52)\n\tat org.testng.SuiteRunnerWorker.run(SuiteRunnerWorker.java:84)\n\tat org.testng.TestNG.runSuitesSequentially(TestNG.java:1208)\n\tat org.testng.TestNG.runSuitesLocally(TestNG.java:1137)\n\tat org.testng.TestNG.runSuites(TestNG.java:1049)\n\tat org.testng.TestNG.run(TestNG.java:1017)\n\tat org.apache.maven.surefire.testng.TestNGExecutor.run(TestNGExecutor.java:135)\n\tat org.apache.maven.surefire.testng.TestNGDirectoryTestSuite.executeMulti(TestNGDirectoryTestSuite.java:193)\n\tat org.apache.maven.surefire.testng.TestNGDirectoryTestSuite.execute(TestNGDirectoryTestSuite.java:94)\n\tat org.apache.maven.surefire.testng.TestNGProvider.invoke(TestNGProvider.java:146)\n\tat org.apache.maven.surefire.booter.ForkedBooter.invokeProviderInSameClassLoader(ForkedBooter.java:386)\n\tat org.apache.maven.surefire.booter.ForkedBooter.runSuitesInProcess(ForkedBooter.java:323)\n\tat org.apache.maven.surefire.booter.ForkedBooter.main(ForkedBooter.java:143)\n"},"stage":"finished","description":"Make request to subscribe with 12m.","start":1561031575903,"stop":1561031581288,"steps":[{"name":"Make request to Subscribe with 12 months subscription plan:","status":"broken","statusDetails":{"known":false,"muted":false,"flaky":false,"message":"No results for path: $['result']","trace":"com.jayway.jsonpath.PathNotFoundException: No results for path: $['result']\n\tat com.jayway.jsonpath.internal.path.EvaluationContextImpl.getValue(EvaluationContextImpl.java:133)\n\tat com.jayway.jsonpath.JsonPath.read(JsonPath.java:187)\n\tat com.jayway.jsonpath.internal.JsonContext.read(JsonContext.java:102)\n\tat com.jayway.jsonpath.internal.JsonContext.read(JsonContext.java:89)\n\tat com.jayway.jsonpath.JsonPath.read(JsonPath.java:502)\n\tat util.CheckerMethods.getSubscriptionResponseContent(CheckerMethods.java:77)\n\tat tests.SubscriptionsTests.registration12m_aroundBody4(SubscriptionsTests.java:171)\n\tat tests.SubscriptionsTests$AjcClosure5.run(SubscriptionsTests.java:1)\n\tat org.aspectj.runtime.reflect.JoinPointImpl.proceed(JoinPointImpl.java:149)\n\tat io.qameta.allure.aspects.StepsAspects.step(StepsAspects.java:46)\n\tat tests.SubscriptionsTests.registration12m(SubscriptionsTests.java:141)\n\tat sun.reflect.NativeMethodAccessorImpl.invoke0(Native Method)\n\tat sun.reflect.NativeMethodAccessorImpl.invoke(NativeMethodAccessorImpl.java:62)\n\tat sun.reflect.DelegatingMethodAccessorImpl.invoke(DelegatingMethodAccessorImpl.java:43)\n\tat java.lang.reflect.Method.invoke(Method.java:498)\n\tat org.testng.internal.MethodInvocationHelper.invokeMethod(MethodInvocationHelper.java:124)\n\tat org.testng.internal.Invoker.invokeMethod(Invoker.java:583)\n\tat org.testng.internal.Invoker.invokeTestMethod(Invoker.java:719)\n\tat org.testng.internal.Invoker.invokeTestMethods(Invoker.java:989)\n\tat org.testng.internal.TestMethodWorker.invokeTestMethods(TestMethodWorker.java:125)\n\tat org.testng.internal.TestMethodWorker.run(TestMethodWorker.java:109)\n\tat org.testng.TestRunner.privateRun(TestRunner.java:648)\n\tat org.testng.TestRunner.run(TestRunner.java:505)\n\tat org.testng.SuiteRunner.runTest(SuiteRunner.java:455)\n\tat org.testng.SuiteRunner.runSequentially(SuiteRunner.java:450)\n\tat org.testng.SuiteRunner.privateRun(SuiteRunner.java:415)\n\tat org.testng.SuiteRunner.run(SuiteRunner.java:364)\n\tat org.testng.SuiteRunnerWorker.runSuite(SuiteRunnerWorker.java:52)\n\tat org.testng.SuiteRunnerWorker.run(SuiteRunnerWorker.java:84)\n\tat org.testng.TestNG.runSuitesSequentially(TestNG.java:1208)\n\tat org.testng.TestNG.runSuitesLocally(TestNG.java:1137)\n\tat org.testng.TestNG.runSuites(TestNG.java:1049)\n\tat org.testng.TestNG.run(TestNG.java:1017)\n\tat org.apache.maven.surefire.testng.TestNGExecutor.run(TestNGExecutor.java:135)\n\tat org.apache.maven.surefire.testng.TestNGDirectoryTestSuite.executeMulti(TestNGDirectoryTestSuite.java:193)\n\tat org.apache.maven.surefire.testng.TestNGDirectoryTestSuite.execute(TestNGDirectoryTestSuite.java:94)\n\tat org.apache.maven.surefire.testng.TestNGProvider.invoke(TestNGProvider.java:146)\n\tat org.apache.maven.surefire.booter.ForkedBooter.invokeProviderInSameClassLoader(ForkedBooter.java:386)\n\tat org.apache.maven.surefire.booter.ForkedBooter.runSuitesInProcess(ForkedBooter.java:323)\n\tat org.apache.maven.surefire.booter.ForkedBooter.main(ForkedBooter.java:143)\n"},"stage":"finished","start":1561031575903,"stop":1561031581275,"steps":[{"name":"Make request to generate valid ID Token:","status":"passed","stage":"finished","start":1561031575903,"stop":1561031576291,"attachments":[{"name":"Request: ","source":"42e4a8b5-945c-4dec-93ea-e4bcfe39955b-attachment.txt","type":"text/plain"},{"name":"Response: ","source":"399f27c4-70e9-4a04-8868-d64f6cd7e703-attachment.txt","type":"text/plain"}]},{"name":"Make request to create free user:","status":"passed","stage":"finished","start":1561031576291,"stop":1561031578355,"attachments":[{"name":"Request: ","source":"197f4f34-354c-469a-8c21-5e5ad3429a80-attachment.txt","type":"text/plain"},{"name":"Response: ","source":"0eb52376-c1ec-49ce-9c6d-b4c0ffaf8a05-attachment.txt","type":"text/plain"}]}]}],"parameters":[]}