{"uuid":"5d577497-e9f8-4b13-817f-2407ed0af86b","historyId":"4d275ace52da0fc6f6480c070097b18d","fullName":"tests.ChangePasswordTests.changePasswordForSubscribedUser","labels":[{"name":"package","value":"tests.ChangePasswordTests"},{"name":"testClass","value":"tests.ChangePasswordTests"},{"name":"testMethod","value":"changePasswordForSubscribedUser"},{"name":"parentSuite","value":"Surefire suite"},{"name":"suite","value":"Surefire test"},{"name":"subSuite","value":"tests.ChangePasswordTests"},{"name":"host","value":"MC-0126"},{"name":"thread","value":"23322@MC-0126.main(1)"}],"links":[],"name":"changePasswordForSubscribedUser","status":"broken","statusDetails":{"known":false,"muted":false,"flaky":false,"message":"No results for path: $['result']","trace":"com.jayway.jsonpath.PathNotFoundException: No results for path: $['result']\n\tat com.jayway.jsonpath.internal.path.EvaluationContextImpl.getValue(EvaluationContextImpl.java:133)\n\tat com.jayway.jsonpath.JsonPath.read(JsonPath.java:187)\n\tat com.jayway.jsonpath.internal.JsonContext.read(JsonContext.java:102)\n\tat com.jayway.jsonpath.internal.JsonContext.read(JsonContext.java:85)\n\tat com.jayway.jsonpath.JsonPath.read(JsonPath.java:502)\n\tat util.CheckerMethods.getSubscriptionResponseContent(CheckerMethods.java:77)\n\tat tests.SubscriptionsTests.registration6m_aroundBody2(SubscriptionsTests.java:131)\n\tat tests.SubscriptionsTests$AjcClosure3.run(SubscriptionsTests.java:1)\n\tat org.aspectj.runtime.reflect.JoinPointImpl.proceed(JoinPointImpl.java:149)\n\tat io.qameta.allure.aspects.StepsAspects.step(StepsAspects.java:46)\n\tat tests.SubscriptionsTests.registration6m(SubscriptionsTests.java:99)\n\tat tests.ChangePasswordTests.changePasswordForSubscribedUser_aroundBody2(ChangePasswordTests.java:48)\n\tat tests.ChangePasswordTests$AjcClosure3.run(ChangePasswordTests.java:1)\n\tat org.aspectj.runtime.reflect.JoinPointImpl.proceed(JoinPointImpl.java:149)\n\tat io.qameta.allure.aspects.StepsAspects.step(StepsAspects.java:46)\n\tat tests.ChangePasswordTests.changePasswordForSubscribedUser(ChangePasswordTests.java:48)\n\tat sun.reflect.NativeMethodAccessorImpl.invoke0(Native Method)\n\tat sun.reflect.NativeMethodAccessorImpl.invoke(NativeMethodAccessorImpl.java:62)\n\tat sun.reflect.DelegatingMethodAccessorImpl.invoke(DelegatingMethodAccessorImpl.java:43)\n\tat java.lang.reflect.Method.invoke(Method.java:498)\n\tat org.testng.internal.MethodInvocationHelper.invokeMethod(MethodInvocationHelper.java:124)\n\tat org.testng.internal.Invoker.invokeMethod(Invoker.java:583)\n\tat org.testng.internal.Invoker.invokeTestMethod(Invoker.java:719)\n\tat org.testng.internal.Invoker.invokeTestMethods(Invoker.java:989)\n\tat org.testng.internal.TestMethodWorker.invokeTestMethods(TestMethodWorker.java:125)\n\tat org.testng.internal.TestMethodWorker.run(TestMethodWorker.java:109)\n\tat org.testng.TestRunner.privateRun(TestRunner.java:648)\n\tat org.testng.TestRunner.run(TestRunner.java:505)\n\tat org.testng.SuiteRunner.runTest(SuiteRunner.java:455)\n\tat org.testng.SuiteRunner.runSequentially(SuiteRunner.java:450)\n\tat org.testng.SuiteRunner.privateRun(SuiteRunner.java:415)\n\tat org.testng.SuiteRunner.run(SuiteRunner.java:364)\n\tat org.testng.SuiteRunnerWorker.runSuite(SuiteRunnerWorker.java:52)\n\tat org.testng.SuiteRunnerWorker.run(SuiteRunnerWorker.java:84)\n\tat org.testng.TestNG.runSuitesSequentially(TestNG.java:1208)\n\tat org.testng.TestNG.runSuitesLocally(TestNG.java:1137)\n\tat org.testng.TestNG.runSuites(TestNG.java:1049)\n\tat org.testng.TestNG.run(TestNG.java:1017)\n\tat org.apache.maven.surefire.testng.TestNGExecutor.run(TestNGExecutor.java:135)\n\tat org.apache.maven.surefire.testng.TestNGDirectoryTestSuite.executeMulti(TestNGDirectoryTestSuite.java:193)\n\tat org.apache.maven.surefire.testng.TestNGDirectoryTestSuite.execute(TestNGDirectoryTestSuite.java:94)\n\tat org.apache.maven.surefire.testng.TestNGProvider.invoke(TestNGProvider.java:146)\n\tat org.apache.maven.surefire.booter.ForkedBooter.invokeProviderInSameClassLoader(ForkedBooter.java:386)\n\tat org.apache.maven.surefire.booter.ForkedBooter.runSuitesInProcess(ForkedBooter.java:323)\n\tat org.apache.maven.surefire.booter.ForkedBooter.main(ForkedBooter.java:143)\n"},"stage":"finished","description":"Change password for Subscribed User.","start":1561031588106,"stop":1561031592933,"steps":[{"name":"Make request to change subscribed user password:","status":"broken","statusDetails":{"known":false,"muted":false,"flaky":false,"message":"No results for path: $['result']","trace":"com.jayway.jsonpath.PathNotFoundException: No results for path: $['result']\n\tat com.jayway.jsonpath.internal.path.EvaluationContextImpl.getValue(EvaluationContextImpl.java:133)\n\tat com.jayway.jsonpath.JsonPath.read(JsonPath.java:187)\n\tat com.jayway.jsonpath.internal.JsonContext.read(JsonContext.java:102)\n\tat com.jayway.jsonpath.internal.JsonContext.read(JsonContext.java:85)\n\tat com.jayway.jsonpath.JsonPath.read(JsonPath.java:502)\n\tat util.CheckerMethods.getSubscriptionResponseContent(CheckerMethods.java:77)\n\tat tests.SubscriptionsTests.registration6m_aroundBody2(SubscriptionsTests.java:131)\n\tat tests.SubscriptionsTests$AjcClosure3.run(SubscriptionsTests.java:1)\n\tat org.aspectj.runtime.reflect.JoinPointImpl.proceed(JoinPointImpl.java:149)\n\tat io.qameta.allure.aspects.StepsAspects.step(StepsAspects.java:46)\n\tat tests.SubscriptionsTests.registration6m(SubscriptionsTests.java:99)\n\tat tests.ChangePasswordTests.changePasswordForSubscribedUser_aroundBody2(ChangePasswordTests.java:48)\n\tat tests.ChangePasswordTests$AjcClosure3.run(ChangePasswordTests.java:1)\n\tat org.aspectj.runtime.reflect.JoinPointImpl.proceed(JoinPointImpl.java:149)\n\tat io.qameta.allure.aspects.StepsAspects.step(StepsAspects.java:46)\n\tat tests.ChangePasswordTests.changePasswordForSubscribedUser(ChangePasswordTests.java:48)\n\tat sun.reflect.NativeMethodAccessorImpl.invoke0(Native Method)\n\tat sun.reflect.NativeMethodAccessorImpl.invoke(NativeMethodAccessorImpl.java:62)\n\tat sun.reflect.DelegatingMethodAccessorImpl.invoke(DelegatingMethodAccessorImpl.java:43)\n\tat java.lang.reflect.Method.invoke(Method.java:498)\n\tat org.testng.internal.MethodInvocationHelper.invokeMethod(MethodInvocationHelper.java:124)\n\tat org.testng.internal.Invoker.invokeMethod(Invoker.java:583)\n\tat org.testng.internal.Invoker.invokeTestMethod(Invoker.java:719)\n\tat org.testng.internal.Invoker.invokeTestMethods(Invoker.java:989)\n\tat org.testng.internal.TestMethodWorker.invokeTestMethods(TestMethodWorker.java:125)\n\tat org.testng.internal.TestMethodWorker.run(TestMethodWorker.java:109)\n\tat org.testng.TestRunner.privateRun(TestRunner.java:648)\n\tat org.testng.TestRunner.run(TestRunner.java:505)\n\tat org.testng.SuiteRunner.runTest(SuiteRunner.java:455)\n\tat org.testng.SuiteRunner.runSequentially(SuiteRunner.java:450)\n\tat org.testng.SuiteRunner.privateRun(SuiteRunner.java:415)\n\tat org.testng.SuiteRunner.run(SuiteRunner.java:364)\n\tat org.testng.SuiteRunnerWorker.runSuite(SuiteRunnerWorker.java:52)\n\tat org.testng.SuiteRunnerWorker.run(SuiteRunnerWorker.java:84)\n\tat org.testng.TestNG.runSuitesSequentially(TestNG.java:1208)\n\tat org.testng.TestNG.runSuitesLocally(TestNG.java:1137)\n\tat org.testng.TestNG.runSuites(TestNG.java:1049)\n\tat org.testng.TestNG.run(TestNG.java:1017)\n\tat org.apache.maven.surefire.testng.TestNGExecutor.run(TestNGExecutor.java:135)\n\tat org.apache.maven.surefire.testng.TestNGDirectoryTestSuite.executeMulti(TestNGDirectoryTestSuite.java:193)\n\tat org.apache.maven.surefire.testng.TestNGDirectoryTestSuite.execute(TestNGDirectoryTestSuite.java:94)\n\tat org.apache.maven.surefire.testng.TestNGProvider.invoke(TestNGProvider.java:146)\n\tat org.apache.maven.surefire.booter.ForkedBooter.invokeProviderInSameClassLoader(ForkedBooter.java:386)\n\tat org.apache.maven.surefire.booter.ForkedBooter.runSuitesInProcess(ForkedBooter.java:323)\n\tat org.apache.maven.surefire.booter.ForkedBooter.main(ForkedBooter.java:143)\n"},"stage":"finished","start":1561031588107,"stop":1561031592932,"steps":[{"name":"Make request to Subscribe with 6 months subscription plan:","status":"broken","statusDetails":{"known":false,"muted":false,"flaky":false,"message":"No results for path: $['result']","trace":"com.jayway.jsonpath.PathNotFoundException: No results for path: $['result']\n\tat com.jayway.jsonpath.internal.path.EvaluationContextImpl.getValue(EvaluationContextImpl.java:133)\n\tat com.jayway.jsonpath.JsonPath.read(JsonPath.java:187)\n\tat com.jayway.jsonpath.internal.JsonContext.read(JsonContext.java:102)\n\tat com.jayway.jsonpath.internal.JsonContext.read(JsonContext.java:85)\n\tat com.jayway.jsonpath.JsonPath.read(JsonPath.java:502)\n\tat util.CheckerMethods.getSubscriptionResponseContent(CheckerMethods.java:77)\n\tat tests.SubscriptionsTests.registration6m_aroundBody2(SubscriptionsTests.java:131)\n\tat tests.SubscriptionsTests$AjcClosure3.run(SubscriptionsTests.java:1)\n\tat org.aspectj.runtime.reflect.JoinPointImpl.proceed(JoinPointImpl.java:149)\n\tat io.qameta.allure.aspects.StepsAspects.step(StepsAspects.java:46)\n\tat tests.SubscriptionsTests.registration6m(SubscriptionsTests.java:99)\n\tat tests.ChangePasswordTests.changePasswordForSubscribedUser_aroundBody2(ChangePasswordTests.java:48)\n\tat tests.ChangePasswordTests$AjcClosure3.run(ChangePasswordTests.java:1)\n\tat org.aspectj.runtime.reflect.JoinPointImpl.proceed(JoinPointImpl.java:149)\n\tat io.qameta.allure.aspects.StepsAspects.step(StepsAspects.java:46)\n\tat tests.ChangePasswordTests.changePasswordForSubscribedUser(ChangePasswordTests.java:48)\n\tat sun.reflect.NativeMethodAccessorImpl.invoke0(Native Method)\n\tat sun.reflect.NativeMethodAccessorImpl.invoke(NativeMethodAccessorImpl.java:62)\n\tat sun.reflect.DelegatingMethodAccessorImpl.invoke(DelegatingMethodAccessorImpl.java:43)\n\tat java.lang.reflect.Method.invoke(Method.java:498)\n\tat org.testng.internal.MethodInvocationHelper.invokeMethod(MethodInvocationHelper.java:124)\n\tat org.testng.internal.Invoker.invokeMethod(Invoker.java:583)\n\tat org.testng.internal.Invoker.invokeTestMethod(Invoker.java:719)\n\tat org.testng.internal.Invoker.invokeTestMethods(Invoker.java:989)\n\tat org.testng.internal.TestMethodWorker.invokeTestMethods(TestMethodWorker.java:125)\n\tat org.testng.internal.TestMethodWorker.run(TestMethodWorker.java:109)\n\tat org.testng.TestRunner.privateRun(TestRunner.java:648)\n\tat org.testng.TestRunner.run(TestRunner.java:505)\n\tat org.testng.SuiteRunner.runTest(SuiteRunner.java:455)\n\tat org.testng.SuiteRunner.runSequentially(SuiteRunner.java:450)\n\tat org.testng.SuiteRunner.privateRun(SuiteRunner.java:415)\n\tat org.testng.SuiteRunner.run(SuiteRunner.java:364)\n\tat org.testng.SuiteRunnerWorker.runSuite(SuiteRunnerWorker.java:52)\n\tat org.testng.SuiteRunnerWorker.run(SuiteRunnerWorker.java:84)\n\tat org.testng.TestNG.runSuitesSequentially(TestNG.java:1208)\n\tat org.testng.TestNG.runSuitesLocally(TestNG.java:1137)\n\tat org.testng.TestNG.runSuites(TestNG.java:1049)\n\tat org.testng.TestNG.run(TestNG.java:1017)\n\tat org.apache.maven.surefire.testng.TestNGExecutor.run(TestNGExecutor.java:135)\n\tat org.apache.maven.surefire.testng.TestNGDirectoryTestSuite.executeMulti(TestNGDirectoryTestSuite.java:193)\n\tat org.apache.maven.surefire.testng.TestNGDirectoryTestSuite.execute(TestNGDirectoryTestSuite.java:94)\n\tat org.apache.maven.surefire.testng.TestNGProvider.invoke(TestNGProvider.java:146)\n\tat org.apache.maven.surefire.booter.ForkedBooter.invokeProviderInSameClassLoader(ForkedBooter.java:386)\n\tat org.apache.maven.surefire.booter.ForkedBooter.runSuitesInProcess(ForkedBooter.java:323)\n\tat org.apache.maven.surefire.booter.ForkedBooter.main(ForkedBooter.java:143)\n"},"stage":"finished","start":1561031588107,"stop":1561031592932,"steps":[{"name":"Make request to generate valid ID Token:","status":"passed","stage":"finished","start":1561031588107,"stop":1561031588386,"attachments":[{"name":"Request: ","source":"6781ed6b-d4b4-4a98-a36d-87e41c9d15d7-attachment.txt","type":"text/plain"},{"name":"Response: ","source":"86157ac3-b92e-4dfd-924b-e2be2c40858f-attachment.txt","type":"text/plain"}]},{"name":"Make request to create free user:","status":"passed","stage":"finished","start":1561031588387,"stop":1561031590529,"attachments":[{"name":"Request: ","source":"c22acea5-70ce-4920-aa6c-4ca02f8f35ef-attachment.txt","type":"text/plain"},{"name":"Response: ","source":"214e8e48-a6b0-4878-849a-9abaec27b6ae-attachment.txt","type":"text/plain"}]}]}]}],"parameters":[]}