{"uuid":"68d4fd9e-44d9-425f-aeb3-dd151a8942c7","historyId":"9218e4fcf217ea1b37d17cf59e93b68b","fullName":"APITest.loginWithSubscribedUser","labels":[{"name":"package","value":"APITest"},{"name":"testClass","value":"APITest"},{"name":"testMethod","value":"loginWithSubscribedUser"},{"name":"parentSuite","value":"Default Suite"},{"name":"suite","value":"OpenfitAPIs"},{"name":"subSuite","value":"APITest"},{"name":"host","value":"MC-0126"},{"name":"thread","value":"17597@MC-0126.main(1)"}],"links":[],"name":"Login with subscribed user.","status":"failed","statusDetails":{"known":false,"muted":false,"flaky":false,"message":"The following asserts failed:\n\texpected [testerhu69n@yopmail.com] but found [email],\n\texpected [null] but found [given_name, family_name, sub, id_token, access_token, refresh_token]","trace":"java.lang.AssertionError: The following asserts failed:\n\texpected [testerhu69n@yopmail.com] but found [email],\n\texpected [null] but found [given_name, family_name, sub, id_token, access_token, refresh_token]\n\tat org.testng.asserts.SoftAssert.assertAll(SoftAssert.java:43)\n\tat Methods.getLoginResponseContent(Methods.java:147)\n\tat APITest.loginWithSubscribedUser_aroundBody6(APITest.java:78)\n\tat APITest$AjcClosure7.run(APITest.java:1)\n\tat org.aspectj.runtime.reflect.JoinPointImpl.proceed(JoinPointImpl.java:149)\n\tat io.qameta.allure.aspects.StepsAspects.step(StepsAspects.java:46)\n\tat APITest.loginWithSubscribedUser(APITest.java:73)\n\tat sun.reflect.NativeMethodAccessorImpl.invoke0(Native Method)\n\tat sun.reflect.NativeMethodAccessorImpl.invoke(NativeMethodAccessorImpl.java:62)\n\tat sun.reflect.DelegatingMethodAccessorImpl.invoke(DelegatingMethodAccessorImpl.java:43)\n\tat java.lang.reflect.Method.invoke(Method.java:498)\n\tat org.testng.internal.MethodInvocationHelper.invokeMethod(MethodInvocationHelper.java:124)\n\tat org.testng.internal.Invoker.invokeMethod(Invoker.java:583)\n\tat org.testng.internal.Invoker.invokeTestMethod(Invoker.java:719)\n\tat org.testng.internal.Invoker.invokeTestMethods(Invoker.java:989)\n\tat org.testng.internal.TestMethodWorker.invokeTestMethods(TestMethodWorker.java:125)\n\tat org.testng.internal.TestMethodWorker.run(TestMethodWorker.java:109)\n\tat org.testng.TestRunner.privateRun(TestRunner.java:648)\n\tat org.testng.TestRunner.run(TestRunner.java:505)\n\tat org.testng.SuiteRunner.runTest(SuiteRunner.java:455)\n\tat org.testng.SuiteRunner.runSequentially(SuiteRunner.java:450)\n\tat org.testng.SuiteRunner.privateRun(SuiteRunner.java:415)\n\tat org.testng.SuiteRunner.run(SuiteRunner.java:364)\n\tat org.testng.SuiteRunnerWorker.runSuite(SuiteRunnerWorker.java:52)\n\tat org.testng.SuiteRunnerWorker.run(SuiteRunnerWorker.java:84)\n\tat org.testng.TestNG.runSuitesSequentially(TestNG.java:1208)\n\tat org.testng.TestNG.runSuitesLocally(TestNG.java:1137)\n\tat org.testng.TestNG.runSuites(TestNG.java:1049)\n\tat org.testng.TestNG.run(TestNG.java:1017)\n\tat org.testng.IDEARemoteTestNG.run(IDEARemoteTestNG.java:73)\n\tat org.testng.RemoteTestNGStarter.main(RemoteTestNGStarter.java:123)\n"},"stage":"finished","start":1558359659881,"stop":1558359670629,"steps":[{"name":"Subscribe with valid product ID: {0}, Login with valid credentials: {1}","status":"failed","statusDetails":{"known":false,"muted":false,"flaky":false,"message":"The following asserts failed:\n\texpected [testerhu69n@yopmail.com] but found [email],\n\texpected [null] but found [given_name, family_name, sub, id_token, access_token, refresh_token]","trace":"java.lang.AssertionError: The following asserts failed:\n\texpected [testerhu69n@yopmail.com] but found [email],\n\texpected [null] but found [given_name, family_name, sub, id_token, access_token, refresh_token]\n\tat org.testng.asserts.SoftAssert.assertAll(SoftAssert.java:43)\n\tat Methods.getLoginResponseContent(Methods.java:147)\n\tat APITest.loginWithSubscribedUser_aroundBody6(APITest.java:78)\n\tat APITest$AjcClosure7.run(APITest.java:1)\n\tat org.aspectj.runtime.reflect.JoinPointImpl.proceed(JoinPointImpl.java:149)\n\tat io.qameta.allure.aspects.StepsAspects.step(StepsAspects.java:46)\n\tat APITest.loginWithSubscribedUser(APITest.java:73)\n\tat sun.reflect.NativeMethodAccessorImpl.invoke0(Native Method)\n\tat sun.reflect.NativeMethodAccessorImpl.invoke(NativeMethodAccessorImpl.java:62)\n\tat sun.reflect.DelegatingMethodAccessorImpl.invoke(DelegatingMethodAccessorImpl.java:43)\n\tat java.lang.reflect.Method.invoke(Method.java:498)\n\tat org.testng.internal.MethodInvocationHelper.invokeMethod(MethodInvocationHelper.java:124)\n\tat org.testng.internal.Invoker.invokeMethod(Invoker.java:583)\n\tat org.testng.internal.Invoker.invokeTestMethod(Invoker.java:719)\n\tat org.testng.internal.Invoker.invokeTestMethods(Invoker.java:989)\n\tat org.testng.internal.TestMethodWorker.invokeTestMethods(TestMethodWorker.java:125)\n\tat org.testng.internal.TestMethodWorker.run(TestMethodWorker.java:109)\n\tat org.testng.TestRunner.privateRun(TestRunner.java:648)\n\tat org.testng.TestRunner.run(TestRunner.java:505)\n\tat org.testng.SuiteRunner.runTest(SuiteRunner.java:455)\n\tat org.testng.SuiteRunner.runSequentially(SuiteRunner.java:450)\n\tat org.testng.SuiteRunner.privateRun(SuiteRunner.java:415)\n\tat org.testng.SuiteRunner.run(SuiteRunner.java:364)\n\tat org.testng.SuiteRunnerWorker.runSuite(SuiteRunnerWorker.java:52)\n\tat org.testng.SuiteRunnerWorker.run(SuiteRunnerWorker.java:84)\n\tat org.testng.TestNG.runSuitesSequentially(TestNG.java:1208)\n\tat org.testng.TestNG.runSuitesLocally(TestNG.java:1137)\n\tat org.testng.TestNG.runSuites(TestNG.java:1049)\n\tat org.testng.TestNG.run(TestNG.java:1017)\n\tat org.testng.IDEARemoteTestNG.run(IDEARemoteTestNG.java:73)\n\tat org.testng.RemoteTestNGStarter.main(RemoteTestNGStarter.java:123)\n"},"stage":"finished","start":1558359659946,"stop":1558359670614,"steps":[{"name":"Make request to generate valid ID Token: {0}, Make request to register free user: {1}, Make request to Subscribe with valid credentials: {2}","status":"passed","stage":"finished","start":1558359659948,"stop":1558359669512,"steps":[{"name":"Make request to generate valid ID Token: {0}","status":"passed","stage":"finished","start":1558359659948,"stop":1558359661890},{"name":"Make request to create free user: {0}","status":"passed","stage":"finished","start":1558359661895,"stop":1558359664282}]}]}],"parameters":[]}