{"uuid":"6ecfa2fd-fdd5-440e-820c-50a1905d8f5f","historyId":"effdacb838779cce26c6c508193c8486","fullName":"Subscriptions.getSubscriptions","labels":[{"name":"package","value":"Subscriptions"},{"name":"testClass","value":"Subscriptions"},{"name":"testMethod","value":"getSubscriptions"},{"name":"parentSuite","value":"Default Suite"},{"name":"suite","value":"OpenfitAPIs"},{"name":"subSuite","value":"Subscriptions"},{"name":"host","value":"MC-0126"},{"name":"thread","value":"25066@MC-0126.main(1)"}],"links":[],"name":"getSubscriptions","status":"failed","statusDetails":{"known":false,"muted":false,"flaky":false,"message":"The following asserts failed:\n\texpected [null-null] but found [1685587853379-15447916838979],\n\texpected [Openfit Streaming Subscription... - Semi-Annual] but found [Openfit Streaming Subscription - Semi-Annual],\n\texpected [active] but found [null]","trace":"java.lang.AssertionError: The following asserts failed:\n\texpected [null-null] but found [1685587853379-15447916838979],\n\texpected [Openfit Streaming Subscription... - Semi-Annual] but found [Openfit Streaming Subscription - Semi-Annual],\n\texpected [active] but found [null]\n\tat org.testng.asserts.SoftAssert.assertAll(SoftAssert.java:43)\n\tat Methods.getSubscriptionContent(Methods.java:136)\n\tat Subscriptions.getSubscriptions_aroundBody6(Subscriptions.java:120)\n\tat Subscriptions$AjcClosure7.run(Subscriptions.java:1)\n\tat org.aspectj.runtime.reflect.JoinPointImpl.proceed(JoinPointImpl.java:149)\n\tat io.qameta.allure.aspects.StepsAspects.step(StepsAspects.java:46)\n\tat Subscriptions.getSubscriptions(Subscriptions.java:111)\n\tat sun.reflect.NativeMethodAccessorImpl.invoke0(Native Method)\n\tat sun.reflect.NativeMethodAccessorImpl.invoke(NativeMethodAccessorImpl.java:62)\n\tat sun.reflect.DelegatingMethodAccessorImpl.invoke(DelegatingMethodAccessorImpl.java:43)\n\tat java.lang.reflect.Method.invoke(Method.java:498)\n\tat org.testng.internal.MethodInvocationHelper.invokeMethod(MethodInvocationHelper.java:124)\n\tat org.testng.internal.Invoker.invokeMethod(Invoker.java:583)\n\tat org.testng.internal.Invoker.invokeTestMethod(Invoker.java:719)\n\tat org.testng.internal.Invoker.invokeTestMethods(Invoker.java:989)\n\tat org.testng.internal.TestMethodWorker.invokeTestMethods(TestMethodWorker.java:125)\n\tat org.testng.internal.TestMethodWorker.run(TestMethodWorker.java:109)\n\tat org.testng.TestRunner.privateRun(TestRunner.java:648)\n\tat org.testng.TestRunner.run(TestRunner.java:505)\n\tat org.testng.SuiteRunner.runTest(SuiteRunner.java:455)\n\tat org.testng.SuiteRunner.runSequentially(SuiteRunner.java:450)\n\tat org.testng.SuiteRunner.privateRun(SuiteRunner.java:415)\n\tat org.testng.SuiteRunner.run(SuiteRunner.java:364)\n\tat org.testng.SuiteRunnerWorker.runSuite(SuiteRunnerWorker.java:52)\n\tat org.testng.SuiteRunnerWorker.run(SuiteRunnerWorker.java:84)\n\tat org.testng.TestNG.runSuitesSequentially(TestNG.java:1208)\n\tat org.testng.TestNG.runSuitesLocally(TestNG.java:1137)\n\tat org.testng.TestNG.runSuites(TestNG.java:1049)\n\tat org.testng.TestNG.run(TestNG.java:1017)\n\tat org.testng.IDEARemoteTestNG.run(IDEARemoteTestNG.java:73)\n\tat org.testng.RemoteTestNGStarter.main(RemoteTestNGStarter.java:123)\n"},"stage":"finished","description":"GET Subscription after Subscribing.","start":1558961910795,"stop":1558961923559,"steps":[{"name":"Free Registration:, Generated Token ID:, Subscribe with valid product ID:","status":"failed","statusDetails":{"known":false,"muted":false,"flaky":false,"message":"The following asserts failed:\n\texpected [null-null] but found [1685587853379-15447916838979],\n\texpected [Openfit Streaming Subscription... - Semi-Annual] but found [Openfit Streaming Subscription - Semi-Annual],\n\texpected [active] but found [null]","trace":"java.lang.AssertionError: The following asserts failed:\n\texpected [null-null] but found [1685587853379-15447916838979],\n\texpected [Openfit Streaming Subscription... - Semi-Annual] but found [Openfit Streaming Subscription - Semi-Annual],\n\texpected [active] but found [null]\n\tat org.testng.asserts.SoftAssert.assertAll(SoftAssert.java:43)\n\tat Methods.getSubscriptionContent(Methods.java:136)\n\tat Subscriptions.getSubscriptions_aroundBody6(Subscriptions.java:120)\n\tat Subscriptions$AjcClosure7.run(Subscriptions.java:1)\n\tat org.aspectj.runtime.reflect.JoinPointImpl.proceed(JoinPointImpl.java:149)\n\tat io.qameta.allure.aspects.StepsAspects.step(StepsAspects.java:46)\n\tat Subscriptions.getSubscriptions(Subscriptions.java:111)\n\tat sun.reflect.NativeMethodAccessorImpl.invoke0(Native Method)\n\tat sun.reflect.NativeMethodAccessorImpl.invoke(NativeMethodAccessorImpl.java:62)\n\tat sun.reflect.DelegatingMethodAccessorImpl.invoke(DelegatingMethodAccessorImpl.java:43)\n\tat java.lang.reflect.Method.invoke(Method.java:498)\n\tat org.testng.internal.MethodInvocationHelper.invokeMethod(MethodInvocationHelper.java:124)\n\tat org.testng.internal.Invoker.invokeMethod(Invoker.java:583)\n\tat org.testng.internal.Invoker.invokeTestMethod(Invoker.java:719)\n\tat org.testng.internal.Invoker.invokeTestMethods(Invoker.java:989)\n\tat org.testng.internal.TestMethodWorker.invokeTestMethods(TestMethodWorker.java:125)\n\tat org.testng.internal.TestMethodWorker.run(TestMethodWorker.java:109)\n\tat org.testng.TestRunner.privateRun(TestRunner.java:648)\n\tat org.testng.TestRunner.run(TestRunner.java:505)\n\tat org.testng.SuiteRunner.runTest(SuiteRunner.java:455)\n\tat org.testng.SuiteRunner.runSequentially(SuiteRunner.java:450)\n\tat org.testng.SuiteRunner.privateRun(SuiteRunner.java:415)\n\tat org.testng.SuiteRunner.run(SuiteRunner.java:364)\n\tat org.testng.SuiteRunnerWorker.runSuite(SuiteRunnerWorker.java:52)\n\tat org.testng.SuiteRunnerWorker.run(SuiteRunnerWorker.java:84)\n\tat org.testng.TestNG.runSuitesSequentially(TestNG.java:1208)\n\tat org.testng.TestNG.runSuitesLocally(TestNG.java:1137)\n\tat org.testng.TestNG.runSuites(TestNG.java:1049)\n\tat org.testng.TestNG.run(TestNG.java:1017)\n\tat org.testng.IDEARemoteTestNG.run(IDEARemoteTestNG.java:73)\n\tat org.testng.RemoteTestNGStarter.main(RemoteTestNGStarter.java:123)\n"},"stage":"finished","start":1558961910823,"stop":1558961923551,"steps":[{"name":"Make request to generate valid ID Token: {0}, Make request to register free user: {1}, Make request to Subscribe with 6 months subscription plan: {2}","status":"passed","stage":"finished","start":1558961910826,"stop":1558961920124,"steps":[{"name":"Make request to generate valid ID Token:","status":"passed","stage":"finished","start":1558961910826,"stop":1558961912132},{"name":"Make request to create free user:","status":"passed","stage":"finished","start":1558961912133,"stop":1558961914948}]}]}],"parameters":[]}