{"uuid":"e477fab0-69d6-44c3-b840-89336338dfbe","historyId":"eeb563b88e5f061b2a4bf0b8ddc3d7e0","fullName":"SubscriptionsTests.registration1m","labels":[{"name":"package","value":"SubscriptionsTests"},{"name":"testClass","value":"SubscriptionsTests"},{"name":"testMethod","value":"registration1m"},{"name":"parentSuite","value":"Default Suite"},{"name":"suite","value":"OpenfitAPIs"},{"name":"subSuite","value":"SubscriptionsTests"},{"name":"host","value":"MC-0126"},{"name":"thread","value":"12276@MC-0126.main(1)"}],"links":[],"name":"registration1m","status":"failed","statusDetails":{"known":false,"muted":false,"flaky":false,"message":"The following asserts failed:\n\texpected [Test] but found [null],\n\texpected [Test] but found [null],\n\texpected object to not be null,\n\texpected object to not be null,\n\texpected object to not be null,\n\texpected object to not be null,\n\texpected object to not be null,\n\texpected object to not be null,\n\texpected object to not be null","trace":"java.lang.AssertionError: The following asserts failed:\n\texpected [Test] but found [null],\n\texpected [Test] but found [null],\n\texpected object to not be null,\n\texpected object to not be null,\n\texpected object to not be null,\n\texpected object to not be null,\n\texpected object to not be null,\n\texpected object to not be null,\n\texpected object to not be null\n\tat org.testng.asserts.SoftAssert.assertAll(SoftAssert.java:43)\n\tat util.Methods.getUser(Methods.java:67)\n\tat APITests.freeRegister_aroundBody2(APITests.java:42)\n\tat APITests$AjcClosure3.run(APITests.java:1)\n\tat org.aspectj.runtime.reflect.JoinPointImpl.proceed(JoinPointImpl.java:149)\n\tat io.qameta.allure.aspects.StepsAspects.step(StepsAspects.java:46)\n\tat APITests.freeRegister(APITests.java:28)\n\tat SubscriptionsTests.registration1m_aroundBody0(SubscriptionsTests.java:20)\n\tat SubscriptionsTests$AjcClosure1.run(SubscriptionsTests.java:1)\n\tat org.aspectj.runtime.reflect.JoinPointImpl.proceed(JoinPointImpl.java:149)\n\tat io.qameta.allure.aspects.StepsAspects.step(StepsAspects.java:46)\n\tat SubscriptionsTests.registration1m(SubscriptionsTests.java:19)\n\tat sun.reflect.NativeMethodAccessorImpl.invoke0(Native Method)\n\tat sun.reflect.NativeMethodAccessorImpl.invoke(NativeMethodAccessorImpl.java:62)\n\tat sun.reflect.DelegatingMethodAccessorImpl.invoke(DelegatingMethodAccessorImpl.java:43)\n\tat java.lang.reflect.Method.invoke(Method.java:498)\n\tat org.testng.internal.MethodInvocationHelper.invokeMethod(MethodInvocationHelper.java:124)\n\tat org.testng.internal.Invoker.invokeMethod(Invoker.java:583)\n\tat org.testng.internal.Invoker.invokeTestMethod(Invoker.java:719)\n\tat org.testng.internal.Invoker.invokeTestMethods(Invoker.java:989)\n\tat org.testng.internal.TestMethodWorker.invokeTestMethods(TestMethodWorker.java:125)\n\tat org.testng.internal.TestMethodWorker.run(TestMethodWorker.java:109)\n\tat org.testng.TestRunner.privateRun(TestRunner.java:648)\n\tat org.testng.TestRunner.run(TestRunner.java:505)\n\tat org.testng.SuiteRunner.runTest(SuiteRunner.java:455)\n\tat org.testng.SuiteRunner.runSequentially(SuiteRunner.java:450)\n\tat org.testng.SuiteRunner.privateRun(SuiteRunner.java:415)\n\tat org.testng.SuiteRunner.run(SuiteRunner.java:364)\n\tat org.testng.SuiteRunnerWorker.runSuite(SuiteRunnerWorker.java:52)\n\tat org.testng.SuiteRunnerWorker.run(SuiteRunnerWorker.java:84)\n\tat org.testng.TestNG.runSuitesSequentially(TestNG.java:1208)\n\tat org.testng.TestNG.runSuitesLocally(TestNG.java:1137)\n\tat org.testng.TestNG.runSuites(TestNG.java:1049)\n\tat org.testng.TestNG.run(TestNG.java:1017)\n\tat org.testng.IDEARemoteTestNG.run(IDEARemoteTestNG.java:73)\n\tat org.testng.RemoteTestNGStarter.main(RemoteTestNGStarter.java:123)\n"},"stage":"finished","description":"Make request to subscribe with 6m.","start":1559569829738,"stop":1559569831892,"steps":[{"name":"Make request to generate valid ID Token: {0}, Make request to register free user: {1}, Make request to Subscribe with 6 months subscription plan: {2}","status":"failed","statusDetails":{"known":false,"muted":false,"flaky":false,"message":"The following asserts failed:\n\texpected [Test] but found [null],\n\texpected [Test] but found [null],\n\texpected object to not be null,\n\texpected object to not be null,\n\texpected object to not be null,\n\texpected object to not be null,\n\texpected object to not be null,\n\texpected object to not be null,\n\texpected object to not be null","trace":"java.lang.AssertionError: The following asserts failed:\n\texpected [Test] but found [null],\n\texpected [Test] but found [null],\n\texpected object to not be null,\n\texpected object to not be null,\n\texpected object to not be null,\n\texpected object to not be null,\n\texpected object to not be null,\n\texpected object to not be null,\n\texpected object to not be null\n\tat org.testng.asserts.SoftAssert.assertAll(SoftAssert.java:43)\n\tat util.Methods.getUser(Methods.java:67)\n\tat APITests.freeRegister_aroundBody2(APITests.java:42)\n\tat APITests$AjcClosure3.run(APITests.java:1)\n\tat org.aspectj.runtime.reflect.JoinPointImpl.proceed(JoinPointImpl.java:149)\n\tat io.qameta.allure.aspects.StepsAspects.step(StepsAspects.java:46)\n\tat APITests.freeRegister(APITests.java:28)\n\tat SubscriptionsTests.registration1m_aroundBody0(SubscriptionsTests.java:20)\n\tat SubscriptionsTests$AjcClosure1.run(SubscriptionsTests.java:1)\n\tat org.aspectj.runtime.reflect.JoinPointImpl.proceed(JoinPointImpl.java:149)\n\tat io.qameta.allure.aspects.StepsAspects.step(StepsAspects.java:46)\n\tat SubscriptionsTests.registration1m(SubscriptionsTests.java:19)\n\tat sun.reflect.NativeMethodAccessorImpl.invoke0(Native Method)\n\tat sun.reflect.NativeMethodAccessorImpl.invoke(NativeMethodAccessorImpl.java:62)\n\tat sun.reflect.DelegatingMethodAccessorImpl.invoke(DelegatingMethodAccessorImpl.java:43)\n\tat java.lang.reflect.Method.invoke(Method.java:498)\n\tat org.testng.internal.MethodInvocationHelper.invokeMethod(MethodInvocationHelper.java:124)\n\tat org.testng.internal.Invoker.invokeMethod(Invoker.java:583)\n\tat org.testng.internal.Invoker.invokeTestMethod(Invoker.java:719)\n\tat org.testng.internal.Invoker.invokeTestMethods(Invoker.java:989)\n\tat org.testng.internal.TestMethodWorker.invokeTestMethods(TestMethodWorker.java:125)\n\tat org.testng.internal.TestMethodWorker.run(TestMethodWorker.java:109)\n\tat org.testng.TestRunner.privateRun(TestRunner.java:648)\n\tat org.testng.TestRunner.run(TestRunner.java:505)\n\tat org.testng.SuiteRunner.runTest(SuiteRunner.java:455)\n\tat org.testng.SuiteRunner.runSequentially(SuiteRunner.java:450)\n\tat org.testng.SuiteRunner.privateRun(SuiteRunner.java:415)\n\tat org.testng.SuiteRunner.run(SuiteRunner.java:364)\n\tat org.testng.SuiteRunnerWorker.runSuite(SuiteRunnerWorker.java:52)\n\tat org.testng.SuiteRunnerWorker.run(SuiteRunnerWorker.java:84)\n\tat org.testng.TestNG.runSuitesSequentially(TestNG.java:1208)\n\tat org.testng.TestNG.runSuitesLocally(TestNG.java:1137)\n\tat org.testng.TestNG.runSuites(TestNG.java:1049)\n\tat org.testng.TestNG.run(TestNG.java:1017)\n\tat org.testng.IDEARemoteTestNG.run(IDEARemoteTestNG.java:73)\n\tat org.testng.RemoteTestNGStarter.main(RemoteTestNGStarter.java:123)\n"},"stage":"finished","start":1559569829771,"stop":1559569831880,"steps":[{"name":"Make request to generate valid ID Token:","status":"passed","stage":"finished","start":1559569829772,"stop":1559569830949},{"name":"Make request to create free user:","status":"failed","statusDetails":{"known":false,"muted":false,"flaky":false,"message":"The following asserts failed:\n\texpected [Test] but found [null],\n\texpected [Test] but found [null],\n\texpected object to not be null,\n\texpected object to not be null,\n\texpected object to not be null,\n\texpected object to not be null,\n\texpected object to not be null,\n\texpected object to not be null,\n\texpected object to not be null","trace":"java.lang.AssertionError: The following asserts failed:\n\texpected [Test] but found [null],\n\texpected [Test] but found [null],\n\texpected object to not be null,\n\texpected object to not be null,\n\texpected object to not be null,\n\texpected object to not be null,\n\texpected object to not be null,\n\texpected object to not be null,\n\texpected object to not be null\n\tat org.testng.asserts.SoftAssert.assertAll(SoftAssert.java:43)\n\tat util.Methods.getUser(Methods.java:67)\n\tat APITests.freeRegister_aroundBody2(APITests.java:42)\n\tat APITests$AjcClosure3.run(APITests.java:1)\n\tat org.aspectj.runtime.reflect.JoinPointImpl.proceed(JoinPointImpl.java:149)\n\tat io.qameta.allure.aspects.StepsAspects.step(StepsAspects.java:46)\n\tat APITests.freeRegister(APITests.java:28)\n\tat SubscriptionsTests.registration1m_aroundBody0(SubscriptionsTests.java:20)\n\tat SubscriptionsTests$AjcClosure1.run(SubscriptionsTests.java:1)\n\tat org.aspectj.runtime.reflect.JoinPointImpl.proceed(JoinPointImpl.java:149)\n\tat io.qameta.allure.aspects.StepsAspects.step(StepsAspects.java:46)\n\tat SubscriptionsTests.registration1m(SubscriptionsTests.java:19)\n\tat sun.reflect.NativeMethodAccessorImpl.invoke0(Native Method)\n\tat sun.reflect.NativeMethodAccessorImpl.invoke(NativeMethodAccessorImpl.java:62)\n\tat sun.reflect.DelegatingMethodAccessorImpl.invoke(DelegatingMethodAccessorImpl.java:43)\n\tat java.lang.reflect.Method.invoke(Method.java:498)\n\tat org.testng.internal.MethodInvocationHelper.invokeMethod(MethodInvocationHelper.java:124)\n\tat org.testng.internal.Invoker.invokeMethod(Invoker.java:583)\n\tat org.testng.internal.Invoker.invokeTestMethod(Invoker.java:719)\n\tat org.testng.internal.Invoker.invokeTestMethods(Invoker.java:989)\n\tat org.testng.internal.TestMethodWorker.invokeTestMethods(TestMethodWorker.java:125)\n\tat org.testng.internal.TestMethodWorker.run(TestMethodWorker.java:109)\n\tat org.testng.TestRunner.privateRun(TestRunner.java:648)\n\tat org.testng.TestRunner.run(TestRunner.java:505)\n\tat org.testng.SuiteRunner.runTest(SuiteRunner.java:455)\n\tat org.testng.SuiteRunner.runSequentially(SuiteRunner.java:450)\n\tat org.testng.SuiteRunner.privateRun(SuiteRunner.java:415)\n\tat org.testng.SuiteRunner.run(SuiteRunner.java:364)\n\tat org.testng.SuiteRunnerWorker.runSuite(SuiteRunnerWorker.java:52)\n\tat org.testng.SuiteRunnerWorker.run(SuiteRunnerWorker.java:84)\n\tat org.testng.TestNG.runSuitesSequentially(TestNG.java:1208)\n\tat org.testng.TestNG.runSuitesLocally(TestNG.java:1137)\n\tat org.testng.TestNG.runSuites(TestNG.java:1049)\n\tat org.testng.TestNG.run(TestNG.java:1017)\n\tat org.testng.IDEARemoteTestNG.run(IDEARemoteTestNG.java:73)\n\tat org.testng.RemoteTestNGStarter.main(RemoteTestNGStarter.java:123)\n"},"stage":"finished","start":1559569830950,"stop":1559569831879}]}],"parameters":[]}