{"uuid":"e6f36f41-39ef-4e46-8980-208cb63a09db","historyId":"ec545c16427705c49635bb1777e7b5f","fullName":"tests.SubscriptionsTests.registration12m","labels":[{"name":"package","value":"tests.SubscriptionsTests"},{"name":"testClass","value":"tests.SubscriptionsTests"},{"name":"testMethod","value":"registration12m"},{"name":"parentSuite","value":"Surefire suite"},{"name":"suite","value":"Surefire test"},{"name":"subSuite","value":"tests.SubscriptionsTests"},{"name":"host","value":"MC-0126"},{"name":"thread","value":"23110@MC-0126.main(1)"}],"links":[],"name":"registration12m","status":"broken","statusDetails":{"known":false,"muted":false,"flaky":false,"message":"No results for path: $['result']","trace":"com.jayway.jsonpath.PathNotFoundException: No results for path: $['result']\n\tat com.jayway.jsonpath.internal.path.EvaluationContextImpl.getValue(EvaluationContextImpl.java:133)\n\tat com.jayway.jsonpath.JsonPath.read(JsonPath.java:187)\n\tat com.jayway.jsonpath.internal.JsonContext.read(JsonContext.java:102)\n\tat com.jayway.jsonpath.internal.JsonContext.read(JsonContext.java:89)\n\tat com.jayway.jsonpath.JsonPath.read(JsonPath.java:502)\n\tat util.CheckerMethods.getSubscriptionResponseContent(CheckerMethods.java:77)\n\tat tests.SubscriptionsTests.registration12m_aroundBody4(SubscriptionsTests.java:171)\n\tat tests.SubscriptionsTests$AjcClosure5.run(SubscriptionsTests.java:1)\n\tat org.aspectj.runtime.reflect.JoinPointImpl.proceed(JoinPointImpl.java:149)\n\tat io.qameta.allure.aspects.StepsAspects.step(StepsAspects.java:46)\n\tat tests.SubscriptionsTests.registration12m(SubscriptionsTests.java:141)\n\tat sun.reflect.NativeMethodAccessorImpl.invoke0(Native Method)\n\tat sun.reflect.NativeMethodAccessorImpl.invoke(NativeMethodAccessorImpl.java:62)\n\tat sun.reflect.DelegatingMethodAccessorImpl.invoke(DelegatingMethodAccessorImpl.java:43)\n\tat java.lang.reflect.Method.invoke(Method.java:498)\n\tat org.testng.internal.MethodInvocationHelper.invokeMethod(MethodInvocationHelper.java:124)\n\tat org.testng.internal.Invoker.invokeMethod(Invoker.java:583)\n\tat org.testng.internal.Invoker.invokeTestMethod(Invoker.java:719)\n\tat org.testng.internal.Invoker.invokeTestMethods(Invoker.java:989)\n\tat org.testng.internal.TestMethodWorker.invokeTestMethods(TestMethodWorker.java:125)\n\tat org.testng.internal.TestMethodWorker.run(TestMethodWorker.java:109)\n\tat org.testng.TestRunner.privateRun(TestRunner.java:648)\n\tat org.testng.TestRunner.run(TestRunner.java:505)\n\tat org.testng.SuiteRunner.runTest(SuiteRunner.java:455)\n\tat org.testng.SuiteRunner.runSequentially(SuiteRunner.java:450)\n\tat org.testng.SuiteRunner.privateRun(SuiteRunner.java:415)\n\tat org.testng.SuiteRunner.run(SuiteRunner.java:364)\n\tat org.testng.SuiteRunnerWorker.runSuite(SuiteRunnerWorker.java:52)\n\tat org.testng.SuiteRunnerWorker.run(SuiteRunnerWorker.java:84)\n\tat org.testng.TestNG.runSuitesSequentially(TestNG.java:1208)\n\tat org.testng.TestNG.runSuitesLocally(TestNG.java:1137)\n\tat org.testng.TestNG.runSuites(TestNG.java:1049)\n\tat org.testng.TestNG.run(TestNG.java:1017)\n\tat org.apache.maven.surefire.testng.TestNGExecutor.run(TestNGExecutor.java:135)\n\tat org.apache.maven.surefire.testng.TestNGDirectoryTestSuite.executeMulti(TestNGDirectoryTestSuite.java:193)\n\tat org.apache.maven.surefire.testng.TestNGDirectoryTestSuite.execute(TestNGDirectoryTestSuite.java:94)\n\tat org.apache.maven.surefire.testng.TestNGProvider.invoke(TestNGProvider.java:146)\n\tat org.apache.maven.surefire.booter.ForkedBooter.invokeProviderInSameClassLoader(ForkedBooter.java:386)\n\tat org.apache.maven.surefire.booter.ForkedBooter.runSuitesInProcess(ForkedBooter.java:323)\n\tat org.apache.maven.surefire.booter.ForkedBooter.main(ForkedBooter.java:143)\n"},"stage":"finished","description":"Make request to subscribe with 12m.","start":1561031459910,"stop":1561031466939,"steps":[{"name":"Make request to Subscribe with 12 months subscription plan:","status":"broken","statusDetails":{"known":false,"muted":false,"flaky":false,"message":"No results for path: $['result']","trace":"com.jayway.jsonpath.PathNotFoundException: No results for path: $['result']\n\tat com.jayway.jsonpath.internal.path.EvaluationContextImpl.getValue(EvaluationContextImpl.java:133)\n\tat com.jayway.jsonpath.JsonPath.read(JsonPath.java:187)\n\tat com.jayway.jsonpath.internal.JsonContext.read(JsonContext.java:102)\n\tat com.jayway.jsonpath.internal.JsonContext.read(JsonContext.java:89)\n\tat com.jayway.jsonpath.JsonPath.read(JsonPath.java:502)\n\tat util.CheckerMethods.getSubscriptionResponseContent(CheckerMethods.java:77)\n\tat tests.SubscriptionsTests.registration12m_aroundBody4(SubscriptionsTests.java:171)\n\tat tests.SubscriptionsTests$AjcClosure5.run(SubscriptionsTests.java:1)\n\tat org.aspectj.runtime.reflect.JoinPointImpl.proceed(JoinPointImpl.java:149)\n\tat io.qameta.allure.aspects.StepsAspects.step(StepsAspects.java:46)\n\tat tests.SubscriptionsTests.registration12m(SubscriptionsTests.java:141)\n\tat sun.reflect.NativeMethodAccessorImpl.invoke0(Native Method)\n\tat sun.reflect.NativeMethodAccessorImpl.invoke(NativeMethodAccessorImpl.java:62)\n\tat sun.reflect.DelegatingMethodAccessorImpl.invoke(DelegatingMethodAccessorImpl.java:43)\n\tat java.lang.reflect.Method.invoke(Method.java:498)\n\tat org.testng.internal.MethodInvocationHelper.invokeMethod(MethodInvocationHelper.java:124)\n\tat org.testng.internal.Invoker.invokeMethod(Invoker.java:583)\n\tat org.testng.internal.Invoker.invokeTestMethod(Invoker.java:719)\n\tat org.testng.internal.Invoker.invokeTestMethods(Invoker.java:989)\n\tat org.testng.internal.TestMethodWorker.invokeTestMethods(TestMethodWorker.java:125)\n\tat org.testng.internal.TestMethodWorker.run(TestMethodWorker.java:109)\n\tat org.testng.TestRunner.privateRun(TestRunner.java:648)\n\tat org.testng.TestRunner.run(TestRunner.java:505)\n\tat org.testng.SuiteRunner.runTest(SuiteRunner.java:455)\n\tat org.testng.SuiteRunner.runSequentially(SuiteRunner.java:450)\n\tat org.testng.SuiteRunner.privateRun(SuiteRunner.java:415)\n\tat org.testng.SuiteRunner.run(SuiteRunner.java:364)\n\tat org.testng.SuiteRunnerWorker.runSuite(SuiteRunnerWorker.java:52)\n\tat org.testng.SuiteRunnerWorker.run(SuiteRunnerWorker.java:84)\n\tat org.testng.TestNG.runSuitesSequentially(TestNG.java:1208)\n\tat org.testng.TestNG.runSuitesLocally(TestNG.java:1137)\n\tat org.testng.TestNG.runSuites(TestNG.java:1049)\n\tat org.testng.TestNG.run(TestNG.java:1017)\n\tat org.apache.maven.surefire.testng.TestNGExecutor.run(TestNGExecutor.java:135)\n\tat org.apache.maven.surefire.testng.TestNGDirectoryTestSuite.executeMulti(TestNGDirectoryTestSuite.java:193)\n\tat org.apache.maven.surefire.testng.TestNGDirectoryTestSuite.execute(TestNGDirectoryTestSuite.java:94)\n\tat org.apache.maven.surefire.testng.TestNGProvider.invoke(TestNGProvider.java:146)\n\tat org.apache.maven.surefire.booter.ForkedBooter.invokeProviderInSameClassLoader(ForkedBooter.java:386)\n\tat org.apache.maven.surefire.booter.ForkedBooter.runSuitesInProcess(ForkedBooter.java:323)\n\tat org.apache.maven.surefire.booter.ForkedBooter.main(ForkedBooter.java:143)\n"},"stage":"finished","start":1561031459913,"stop":1561031466930,"steps":[{"name":"Make request to generate valid ID Token:","status":"passed","stage":"finished","start":1561031459913,"stop":1561031460749,"attachments":[{"name":"Request: ","source":"e5c84a61-2a57-4a60-b488-3586f3f647ca-attachment.txt","type":"text/plain"},{"name":"Response: ","source":"4037bd0f-68a2-4f44-9aa9-904f281746a4-attachment.txt","type":"text/plain"}]},{"name":"Make request to create free user:","status":"passed","stage":"finished","start":1561031460749,"stop":1561031462865,"attachments":[{"name":"Request: ","source":"72f42889-8572-4c12-ab5d-9e95274f70a8-attachment.txt","type":"text/plain"},{"name":"Response: ","source":"fdee2fea-2e11-48a0-8d82-e06d581b36ed-attachment.txt","type":"text/plain"}]}]}],"parameters":[]}