{"uuid":"f05c5591-d516-4568-98de-cd7e0d0e6710","historyId":"4d275ace52da0fc6f6480c070097b18d","fullName":"tests.ChangePasswordTests.changePasswordForSubscribedUser","labels":[{"name":"package","value":"tests.ChangePasswordTests"},{"name":"testClass","value":"tests.ChangePasswordTests"},{"name":"testMethod","value":"changePasswordForSubscribedUser"},{"name":"parentSuite","value":"Surefire suite"},{"name":"suite","value":"Surefire test"},{"name":"subSuite","value":"tests.ChangePasswordTests"},{"name":"host","value":"MC-0126"},{"name":"thread","value":"29541@MC-0126.main(1)"}],"links":[],"name":"changePasswordForSubscribedUser","status":"failed","statusDetails":{"known":false,"muted":false,"flaky":false,"message":"The following asserts failed:\n\texpected [testerujxih@yopmail.com] but found [null],\n\texpected [testeraj4an@yopmail.com] but found [null],\n\texpected [testerm7f56@yopmail.com] but found [null],\n\texpected [testeryc63y@yopmail.com] but found [null]","trace":"java.lang.AssertionError: The following asserts failed:\n\texpected [testerujxih@yopmail.com] but found [null],\n\texpected [testeraj4an@yopmail.com] but found [null],\n\texpected [testerm7f56@yopmail.com] but found [null],\n\texpected [testeryc63y@yopmail.com] but found [null]\n\tat org.testng.asserts.SoftAssert.assertAll(SoftAssert.java:43)\n\tat util.CheckerMethods.getFreeRegisterResponseContent(CheckerMethods.java:45)\n\tat tests.FreeRegisterTests.freeRegister_aroundBody0(FreeRegisterTests.java:75)\n\tat tests.FreeRegisterTests$AjcClosure1.run(FreeRegisterTests.java:1)\n\tat org.aspectj.runtime.reflect.JoinPointImpl.proceed(JoinPointImpl.java:149)\n\tat io.qameta.allure.aspects.StepsAspects.step(StepsAspects.java:46)\n\tat tests.FreeRegisterTests.freeRegister(FreeRegisterTests.java:53)\n\tat tests.SubscriptionsTests.registration6m_aroundBody2(SubscriptionsTests.java:101)\n\tat tests.SubscriptionsTests$AjcClosure3.run(SubscriptionsTests.java:1)\n\tat org.aspectj.runtime.reflect.JoinPointImpl.proceed(JoinPointImpl.java:149)\n\tat io.qameta.allure.aspects.StepsAspects.step(StepsAspects.java:46)\n\tat tests.SubscriptionsTests.registration6m(SubscriptionsTests.java:95)\n\tat tests.ChangePasswordTests.changePasswordForSubscribedUser_aroundBody2(ChangePasswordTests.java:48)\n\tat tests.ChangePasswordTests$AjcClosure3.run(ChangePasswordTests.java:1)\n\tat org.aspectj.runtime.reflect.JoinPointImpl.proceed(JoinPointImpl.java:149)\n\tat io.qameta.allure.aspects.StepsAspects.step(StepsAspects.java:46)\n\tat tests.ChangePasswordTests.changePasswordForSubscribedUser(ChangePasswordTests.java:48)\n\tat sun.reflect.NativeMethodAccessorImpl.invoke0(Native Method)\n\tat sun.reflect.NativeMethodAccessorImpl.invoke(NativeMethodAccessorImpl.java:62)\n\tat sun.reflect.DelegatingMethodAccessorImpl.invoke(DelegatingMethodAccessorImpl.java:43)\n\tat java.lang.reflect.Method.invoke(Method.java:498)\n\tat org.testng.internal.MethodInvocationHelper.invokeMethod(MethodInvocationHelper.java:124)\n\tat org.testng.internal.Invoker.invokeMethod(Invoker.java:583)\n\tat org.testng.internal.Invoker.invokeTestMethod(Invoker.java:719)\n\tat org.testng.internal.Invoker.invokeTestMethods(Invoker.java:989)\n\tat org.testng.internal.TestMethodWorker.invokeTestMethods(TestMethodWorker.java:125)\n\tat org.testng.internal.TestMethodWorker.run(TestMethodWorker.java:109)\n\tat org.testng.TestRunner.privateRun(TestRunner.java:648)\n\tat org.testng.TestRunner.run(TestRunner.java:505)\n\tat org.testng.SuiteRunner.runTest(SuiteRunner.java:455)\n\tat org.testng.SuiteRunner.runSequentially(SuiteRunner.java:450)\n\tat org.testng.SuiteRunner.privateRun(SuiteRunner.java:415)\n\tat org.testng.SuiteRunner.run(SuiteRunner.java:364)\n\tat org.testng.SuiteRunnerWorker.runSuite(SuiteRunnerWorker.java:52)\n\tat org.testng.SuiteRunnerWorker.run(SuiteRunnerWorker.java:84)\n\tat org.testng.TestNG.runSuitesSequentially(TestNG.java:1208)\n\tat org.testng.TestNG.runSuitesLocally(TestNG.java:1137)\n\tat org.testng.TestNG.runSuites(TestNG.java:1049)\n\tat org.testng.TestNG.run(TestNG.java:1017)\n\tat org.apache.maven.surefire.testng.TestNGExecutor.run(TestNGExecutor.java:135)\n\tat org.apache.maven.surefire.testng.TestNGDirectoryTestSuite.executeMulti(TestNGDirectoryTestSuite.java:193)\n\tat org.apache.maven.surefire.testng.TestNGDirectoryTestSuite.execute(TestNGDirectoryTestSuite.java:94)\n\tat org.apache.maven.surefire.testng.TestNGProvider.invoke(TestNGProvider.java:146)\n\tat org.apache.maven.surefire.booter.ForkedBooter.invokeProviderInSameClassLoader(ForkedBooter.java:386)\n\tat org.apache.maven.surefire.booter.ForkedBooter.runSuitesInProcess(ForkedBooter.java:323)\n\tat org.apache.maven.surefire.booter.ForkedBooter.main(ForkedBooter.java:143)\n"},"stage":"finished","description":"Change password for Subscribed User.","start":1561037784754,"stop":1561037793719,"steps":[{"name":"Make request to change subscribed user password:","status":"failed","statusDetails":{"known":false,"muted":false,"flaky":false,"message":"The following asserts failed:\n\texpected [testerujxih@yopmail.com] but found [null],\n\texpected [testeraj4an@yopmail.com] but found [null],\n\texpected [testerm7f56@yopmail.com] but found [null],\n\texpected [testeryc63y@yopmail.com] but found [null]","trace":"java.lang.AssertionError: The following asserts failed:\n\texpected [testerujxih@yopmail.com] but found [null],\n\texpected [testeraj4an@yopmail.com] but found [null],\n\texpected [testerm7f56@yopmail.com] but found [null],\n\texpected [testeryc63y@yopmail.com] but found [null]\n\tat org.testng.asserts.SoftAssert.assertAll(SoftAssert.java:43)\n\tat util.CheckerMethods.getFreeRegisterResponseContent(CheckerMethods.java:45)\n\tat tests.FreeRegisterTests.freeRegister_aroundBody0(FreeRegisterTests.java:75)\n\tat tests.FreeRegisterTests$AjcClosure1.run(FreeRegisterTests.java:1)\n\tat org.aspectj.runtime.reflect.JoinPointImpl.proceed(JoinPointImpl.java:149)\n\tat io.qameta.allure.aspects.StepsAspects.step(StepsAspects.java:46)\n\tat tests.FreeRegisterTests.freeRegister(FreeRegisterTests.java:53)\n\tat tests.SubscriptionsTests.registration6m_aroundBody2(SubscriptionsTests.java:101)\n\tat tests.SubscriptionsTests$AjcClosure3.run(SubscriptionsTests.java:1)\n\tat org.aspectj.runtime.reflect.JoinPointImpl.proceed(JoinPointImpl.java:149)\n\tat io.qameta.allure.aspects.StepsAspects.step(StepsAspects.java:46)\n\tat tests.SubscriptionsTests.registration6m(SubscriptionsTests.java:95)\n\tat tests.ChangePasswordTests.changePasswordForSubscribedUser_aroundBody2(ChangePasswordTests.java:48)\n\tat tests.ChangePasswordTests$AjcClosure3.run(ChangePasswordTests.java:1)\n\tat org.aspectj.runtime.reflect.JoinPointImpl.proceed(JoinPointImpl.java:149)\n\tat io.qameta.allure.aspects.StepsAspects.step(StepsAspects.java:46)\n\tat tests.ChangePasswordTests.changePasswordForSubscribedUser(ChangePasswordTests.java:48)\n\tat sun.reflect.NativeMethodAccessorImpl.invoke0(Native Method)\n\tat sun.reflect.NativeMethodAccessorImpl.invoke(NativeMethodAccessorImpl.java:62)\n\tat sun.reflect.DelegatingMethodAccessorImpl.invoke(DelegatingMethodAccessorImpl.java:43)\n\tat java.lang.reflect.Method.invoke(Method.java:498)\n\tat org.testng.internal.MethodInvocationHelper.invokeMethod(MethodInvocationHelper.java:124)\n\tat org.testng.internal.Invoker.invokeMethod(Invoker.java:583)\n\tat org.testng.internal.Invoker.invokeTestMethod(Invoker.java:719)\n\tat org.testng.internal.Invoker.invokeTestMethods(Invoker.java:989)\n\tat org.testng.internal.TestMethodWorker.invokeTestMethods(TestMethodWorker.java:125)\n\tat org.testng.internal.TestMethodWorker.run(TestMethodWorker.java:109)\n\tat org.testng.TestRunner.privateRun(TestRunner.java:648)\n\tat org.testng.TestRunner.run(TestRunner.java:505)\n\tat org.testng.SuiteRunner.runTest(SuiteRunner.java:455)\n\tat org.testng.SuiteRunner.runSequentially(SuiteRunner.java:450)\n\tat org.testng.SuiteRunner.privateRun(SuiteRunner.java:415)\n\tat org.testng.SuiteRunner.run(SuiteRunner.java:364)\n\tat org.testng.SuiteRunnerWorker.runSuite(SuiteRunnerWorker.java:52)\n\tat org.testng.SuiteRunnerWorker.run(SuiteRunnerWorker.java:84)\n\tat org.testng.TestNG.runSuitesSequentially(TestNG.java:1208)\n\tat org.testng.TestNG.runSuitesLocally(TestNG.java:1137)\n\tat org.testng.TestNG.runSuites(TestNG.java:1049)\n\tat org.testng.TestNG.run(TestNG.java:1017)\n\tat org.apache.maven.surefire.testng.TestNGExecutor.run(TestNGExecutor.java:135)\n\tat org.apache.maven.surefire.testng.TestNGDirectoryTestSuite.executeMulti(TestNGDirectoryTestSuite.java:193)\n\tat org.apache.maven.surefire.testng.TestNGDirectoryTestSuite.execute(TestNGDirectoryTestSuite.java:94)\n\tat org.apache.maven.surefire.testng.TestNGProvider.invoke(TestNGProvider.java:146)\n\tat org.apache.maven.surefire.booter.ForkedBooter.invokeProviderInSameClassLoader(ForkedBooter.java:386)\n\tat org.apache.maven.surefire.booter.ForkedBooter.runSuitesInProcess(ForkedBooter.java:323)\n\tat org.apache.maven.surefire.booter.ForkedBooter.main(ForkedBooter.java:143)\n"},"stage":"finished","start":1561037784754,"stop":1561037793719,"steps":[{"name":"Make request to Subscribe with 6 months subscription plan:","status":"failed","statusDetails":{"known":false,"muted":false,"flaky":false,"message":"The following asserts failed:\n\texpected [testerujxih@yopmail.com] but found [null],\n\texpected [testeraj4an@yopmail.com] but found [null],\n\texpected [testerm7f56@yopmail.com] but found [null],\n\texpected [testeryc63y@yopmail.com] but found [null]","trace":"java.lang.AssertionError: The following asserts failed:\n\texpected [testerujxih@yopmail.com] but found [null],\n\texpected [testeraj4an@yopmail.com] but found [null],\n\texpected [testerm7f56@yopmail.com] but found [null],\n\texpected [testeryc63y@yopmail.com] but found [null]\n\tat org.testng.asserts.SoftAssert.assertAll(SoftAssert.java:43)\n\tat util.CheckerMethods.getFreeRegisterResponseContent(CheckerMethods.java:45)\n\tat tests.FreeRegisterTests.freeRegister_aroundBody0(FreeRegisterTests.java:75)\n\tat tests.FreeRegisterTests$AjcClosure1.run(FreeRegisterTests.java:1)\n\tat org.aspectj.runtime.reflect.JoinPointImpl.proceed(JoinPointImpl.java:149)\n\tat io.qameta.allure.aspects.StepsAspects.step(StepsAspects.java:46)\n\tat tests.FreeRegisterTests.freeRegister(FreeRegisterTests.java:53)\n\tat tests.SubscriptionsTests.registration6m_aroundBody2(SubscriptionsTests.java:101)\n\tat tests.SubscriptionsTests$AjcClosure3.run(SubscriptionsTests.java:1)\n\tat org.aspectj.runtime.reflect.JoinPointImpl.proceed(JoinPointImpl.java:149)\n\tat io.qameta.allure.aspects.StepsAspects.step(StepsAspects.java:46)\n\tat tests.SubscriptionsTests.registration6m(SubscriptionsTests.java:95)\n\tat tests.ChangePasswordTests.changePasswordForSubscribedUser_aroundBody2(ChangePasswordTests.java:48)\n\tat tests.ChangePasswordTests$AjcClosure3.run(ChangePasswordTests.java:1)\n\tat org.aspectj.runtime.reflect.JoinPointImpl.proceed(JoinPointImpl.java:149)\n\tat io.qameta.allure.aspects.StepsAspects.step(StepsAspects.java:46)\n\tat tests.ChangePasswordTests.changePasswordForSubscribedUser(ChangePasswordTests.java:48)\n\tat sun.reflect.NativeMethodAccessorImpl.invoke0(Native Method)\n\tat sun.reflect.NativeMethodAccessorImpl.invoke(NativeMethodAccessorImpl.java:62)\n\tat sun.reflect.DelegatingMethodAccessorImpl.invoke(DelegatingMethodAccessorImpl.java:43)\n\tat java.lang.reflect.Method.invoke(Method.java:498)\n\tat org.testng.internal.MethodInvocationHelper.invokeMethod(MethodInvocationHelper.java:124)\n\tat org.testng.internal.Invoker.invokeMethod(Invoker.java:583)\n\tat org.testng.internal.Invoker.invokeTestMethod(Invoker.java:719)\n\tat org.testng.internal.Invoker.invokeTestMethods(Invoker.java:989)\n\tat org.testng.internal.TestMethodWorker.invokeTestMethods(TestMethodWorker.java:125)\n\tat org.testng.internal.TestMethodWorker.run(TestMethodWorker.java:109)\n\tat org.testng.TestRunner.privateRun(TestRunner.java:648)\n\tat org.testng.TestRunner.run(TestRunner.java:505)\n\tat org.testng.SuiteRunner.runTest(SuiteRunner.java:455)\n\tat org.testng.SuiteRunner.runSequentially(SuiteRunner.java:450)\n\tat org.testng.SuiteRunner.privateRun(SuiteRunner.java:415)\n\tat org.testng.SuiteRunner.run(SuiteRunner.java:364)\n\tat org.testng.SuiteRunnerWorker.runSuite(SuiteRunnerWorker.java:52)\n\tat org.testng.SuiteRunnerWorker.run(SuiteRunnerWorker.java:84)\n\tat org.testng.TestNG.runSuitesSequentially(TestNG.java:1208)\n\tat org.testng.TestNG.runSuitesLocally(TestNG.java:1137)\n\tat org.testng.TestNG.runSuites(TestNG.java:1049)\n\tat org.testng.TestNG.run(TestNG.java:1017)\n\tat org.apache.maven.surefire.testng.TestNGExecutor.run(TestNGExecutor.java:135)\n\tat org.apache.maven.surefire.testng.TestNGDirectoryTestSuite.executeMulti(TestNGDirectoryTestSuite.java:193)\n\tat org.apache.maven.surefire.testng.TestNGDirectoryTestSuite.execute(TestNGDirectoryTestSuite.java:94)\n\tat org.apache.maven.surefire.testng.TestNGProvider.invoke(TestNGProvider.java:146)\n\tat org.apache.maven.surefire.booter.ForkedBooter.invokeProviderInSameClassLoader(ForkedBooter.java:386)\n\tat org.apache.maven.surefire.booter.ForkedBooter.runSuitesInProcess(ForkedBooter.java:323)\n\tat org.apache.maven.surefire.booter.ForkedBooter.main(ForkedBooter.java:143)\n"},"stage":"finished","start":1561037784755,"stop":1561037793718,"steps":[{"name":"Make request to generate valid ID Token:","status":"passed","stage":"finished","start":1561037784755,"stop":1561037784975,"attachments":[{"name":"Request: ","source":"91ca2e1c-81c0-4b5e-adb6-882be66efc13-attachment.txt","type":"text/plain"},{"name":"Response: ","source":"f93b848a-7ad3-42dd-aed1-b87a1494d266-attachment.txt","type":"text/plain"}]},{"name":"Make request to create free user:","status":"failed","statusDetails":{"known":false,"muted":false,"flaky":false,"message":"The following asserts failed:\n\texpected [testerujxih@yopmail.com] but found [null],\n\texpected [testeraj4an@yopmail.com] but found [null],\n\texpected [testerm7f56@yopmail.com] but found [null],\n\texpected [testeryc63y@yopmail.com] but found [null]","trace":"java.lang.AssertionError: The following asserts failed:\n\texpected [testerujxih@yopmail.com] but found [null],\n\texpected [testeraj4an@yopmail.com] but found [null],\n\texpected [testerm7f56@yopmail.com] but found [null],\n\texpected [testeryc63y@yopmail.com] but found [null]\n\tat org.testng.asserts.SoftAssert.assertAll(SoftAssert.java:43)\n\tat util.CheckerMethods.getFreeRegisterResponseContent(CheckerMethods.java:45)\n\tat tests.FreeRegisterTests.freeRegister_aroundBody0(FreeRegisterTests.java:75)\n\tat tests.FreeRegisterTests$AjcClosure1.run(FreeRegisterTests.java:1)\n\tat org.aspectj.runtime.reflect.JoinPointImpl.proceed(JoinPointImpl.java:149)\n\tat io.qameta.allure.aspects.StepsAspects.step(StepsAspects.java:46)\n\tat tests.FreeRegisterTests.freeRegister(FreeRegisterTests.java:53)\n\tat tests.SubscriptionsTests.registration6m_aroundBody2(SubscriptionsTests.java:101)\n\tat tests.SubscriptionsTests$AjcClosure3.run(SubscriptionsTests.java:1)\n\tat org.aspectj.runtime.reflect.JoinPointImpl.proceed(JoinPointImpl.java:149)\n\tat io.qameta.allure.aspects.StepsAspects.step(StepsAspects.java:46)\n\tat tests.SubscriptionsTests.registration6m(SubscriptionsTests.java:95)\n\tat tests.ChangePasswordTests.changePasswordForSubscribedUser_aroundBody2(ChangePasswordTests.java:48)\n\tat tests.ChangePasswordTests$AjcClosure3.run(ChangePasswordTests.java:1)\n\tat org.aspectj.runtime.reflect.JoinPointImpl.proceed(JoinPointImpl.java:149)\n\tat io.qameta.allure.aspects.StepsAspects.step(StepsAspects.java:46)\n\tat tests.ChangePasswordTests.changePasswordForSubscribedUser(ChangePasswordTests.java:48)\n\tat sun.reflect.NativeMethodAccessorImpl.invoke0(Native Method)\n\tat sun.reflect.NativeMethodAccessorImpl.invoke(NativeMethodAccessorImpl.java:62)\n\tat sun.reflect.DelegatingMethodAccessorImpl.invoke(DelegatingMethodAccessorImpl.java:43)\n\tat java.lang.reflect.Method.invoke(Method.java:498)\n\tat org.testng.internal.MethodInvocationHelper.invokeMethod(MethodInvocationHelper.java:124)\n\tat org.testng.internal.Invoker.invokeMethod(Invoker.java:583)\n\tat org.testng.internal.Invoker.invokeTestMethod(Invoker.java:719)\n\tat org.testng.internal.Invoker.invokeTestMethods(Invoker.java:989)\n\tat org.testng.internal.TestMethodWorker.invokeTestMethods(TestMethodWorker.java:125)\n\tat org.testng.internal.TestMethodWorker.run(TestMethodWorker.java:109)\n\tat org.testng.TestRunner.privateRun(TestRunner.java:648)\n\tat org.testng.TestRunner.run(TestRunner.java:505)\n\tat org.testng.SuiteRunner.runTest(SuiteRunner.java:455)\n\tat org.testng.SuiteRunner.runSequentially(SuiteRunner.java:450)\n\tat org.testng.SuiteRunner.privateRun(SuiteRunner.java:415)\n\tat org.testng.SuiteRunner.run(SuiteRunner.java:364)\n\tat org.testng.SuiteRunnerWorker.runSuite(SuiteRunnerWorker.java:52)\n\tat org.testng.SuiteRunnerWorker.run(SuiteRunnerWorker.java:84)\n\tat org.testng.TestNG.runSuitesSequentially(TestNG.java:1208)\n\tat org.testng.TestNG.runSuitesLocally(TestNG.java:1137)\n\tat org.testng.TestNG.runSuites(TestNG.java:1049)\n\tat org.testng.TestNG.run(TestNG.java:1017)\n\tat org.apache.maven.surefire.testng.TestNGExecutor.run(TestNGExecutor.java:135)\n\tat org.apache.maven.surefire.testng.TestNGDirectoryTestSuite.executeMulti(TestNGDirectoryTestSuite.java:193)\n\tat org.apache.maven.surefire.testng.TestNGDirectoryTestSuite.execute(TestNGDirectoryTestSuite.java:94)\n\tat org.apache.maven.surefire.testng.TestNGProvider.invoke(TestNGProvider.java:146)\n\tat org.apache.maven.surefire.booter.ForkedBooter.invokeProviderInSameClassLoader(ForkedBooter.java:386)\n\tat org.apache.maven.surefire.booter.ForkedBooter.runSuitesInProcess(ForkedBooter.java:323)\n\tat org.apache.maven.surefire.booter.ForkedBooter.main(ForkedBooter.java:143)\n"},"stage":"finished","start":1561037784975,"stop":1561037793718}]}]}],"parameters":[]}