<!DOCTYPE html PUBLIC "-//W3C//DTD XHTML 1.1//EN" "http://www.w3.org/TR/xhtml11/DTD/xhtml11.dtd">
<html xmlns="http://www.w3.org/1999/xhtml">
<head>
<meta http-equiv="content-type" content="text/html; charset=UTF-8"/>
<title>TestNG Report</title>
<style type="text/css">table {margin-bottom:10px;border-collapse:collapse;empty-cells:show}th,td {border:1px solid #009;padding:.25em .5em}th {vertical-align:bottom}td {vertical-align:top}table a {font-weight:bold}.stripe td {background-color: #E6EBF9}.num {text-align:right}.passedodd td {background-color: #3F3}.passedeven td {background-color: #0A0}.skippedodd td {background-color: #DDD}.skippedeven td {background-color: #CCC}.failedodd td,.attn {background-color: #F33}.failedeven td,.stripe .attn {background-color: #D00}.stacktrace {white-space:pre;font-family:monospace}.totop {font-size:85%;text-align:center;border-bottom:2px solid #000}.invisible {display:none}</style>
</head>
<body>
<table>
<tr><th>Test</th><th># Passed</th><th># Skipped</th><th># Failed</th><th>Time (ms)</th><th>Included Groups</th><th>Excluded Groups</th></tr>
<tr><th colspan="7">Surefire suite</th></tr>
<tr><td><a href="#t0">Surefire test</a></td><td class="num">4</td><td class="num">0</td><td class="num attn">8</td><td class="num">27,702</td><td></td><td></td></tr>
</table>
<table id='summary'><thead><tr><th>Class</th><th>Method</th><th>Start</th><th>Time (ms)</th></tr></thead><tbody><tr><th colspan="4">Surefire suite</th></tr></tbody><tbody id="t0"><tr><th colspan="4">Surefire test &#8212; failed</th></tr><tr class="failedeven"><td rowspan="2">tests.ChangeAttributesTests</td><td><a href="#m0">changeAttributesForRegisteredUser</a></td><td rowspan="1">1560952334996</td><td rowspan="1">2321</td></tr><tr class="failedeven"><td><a href="#m1">changeAttributesForSubscribedUser</a></td><td rowspan="1">1560952337321</td><td rowspan="1">2292</td></tr><tr class="failedodd"><td rowspan="2">tests.ChangePasswordTests</td><td><a href="#m2">changePasswordForRegisteredUser</a></td><td rowspan="1">1560952325346</td><td rowspan="1">2140</td></tr><tr class="failedodd"><td><a href="#m3">changePasswordForSubscribedUser</a></td><td rowspan="1">1560952327490</td><td rowspan="1">2957</td></tr><tr class="failedeven"><td rowspan="2">tests.LoginTests</td><td><a href="#m4">loginWithRegisteredUser</a></td><td rowspan="1">1560952330453</td><td rowspan="1">1989</td></tr><tr class="failedeven"><td><a href="#m5">loginWithSubscribedUser</a></td><td rowspan="1">1560952332446</td><td rowspan="1">2544</td></tr><tr class="failedodd"><td rowspan="2">tests.SubscriptionsTests</td><td><a href="#m6">registration1m</a></td><td rowspan="1">1560952322885</td><td rowspan="1">1390</td></tr><tr class="failedodd"><td><a href="#m7">registration6m</a></td><td rowspan="1">1560952324299</td><td rowspan="1">821</td></tr><tr><th colspan="4">Surefire test &#8212; passed</th></tr><tr class="passedeven"><td rowspan="1">tests.ContentTests</td><td><a href="#m8">getContent</a></td><td rowspan="1">1560952339617</td><td rowspan="1">4</td></tr><tr class="passedodd"><td rowspan="1">tests.FreeRegisterTests</td><td><a href="#m9">freeRegister</a></td><td rowspan="1">1560952311958</td><td rowspan="1">3248</td></tr><tr class="passedeven"><td rowspan="1">tests.GetTokenIdTests</td><td><a href="#m10">getIDToken</a></td><td rowspan="1">1560952325127</td><td rowspan="1">217</td></tr><tr class="passedodd"><td rowspan="1">tests.SubscriptionsTests</td><td><a href="#m11">registration12m</a></td><td rowspan="1">1560952315302</td><td rowspan="1">7582</td></tr></tbody>
</table>
<h2>Surefire test</h2><h3 id="m0">tests.ChangeAttributesTests#changeAttributesForRegisteredUser</h3><table class="result"><tr><th>Exception</th></tr><tr><td><div class="stacktrace">java.lang.AssertionError: The following asserts failed:
	expected [Test] but found [null],
	expected [Test] but found [null],
	expected object to not be null,
	expected object to not be null,
	expected object to not be null,
	expected object to not be null,
	expected object to not be null,
	expected [Test] but found [null],
	expected [Test] but found [null],
	expected object to not be null,
	expected object to not be null,
	expected object to not be null,
	expected object to not be null,
	expected object to not be null
	at util.CheckerMethods.getFreeRegisterResponseContent(CheckerMethods.java:59)
	at tests.FreeRegisterTests.freeRegister_aroundBody0(FreeRegisterTests.java:64)
	at tests.FreeRegisterTests$AjcClosure1.run(FreeRegisterTests.java:1)
	at io.qameta.allure.aspects.StepsAspects.step(StepsAspects.java:46)
	at tests.FreeRegisterTests.freeRegister(FreeRegisterTests.java:53)
	at tests.ChangeAttributesTests.changeAttributesForRegisteredUser_aroundBody2(ChangeAttributesTests.java:50)
	at tests.ChangeAttributesTests$AjcClosure3.run(ChangeAttributesTests.java:1)
	at io.qameta.allure.aspects.StepsAspects.step(StepsAspects.java:46)
	at tests.ChangeAttributesTests.changeAttributesForRegisteredUser(ChangeAttributesTests.java:50)
... Removed 32 stack frames</div></td></tr></table><p class="totop"><a href="#summary">back to summary</a></p>
<h3 id="m1">tests.ChangeAttributesTests#changeAttributesForSubscribedUser</h3><table class="result"><tr><th>Exception</th></tr><tr><td><div class="stacktrace">java.lang.AssertionError: The following asserts failed:
	expected [Test] but found [null],
	expected [Test] but found [null],
	expected object to not be null,
	expected object to not be null,
	expected object to not be null,
	expected object to not be null,
	expected object to not be null,
	expected [Test] but found [null],
	expected [Test] but found [null],
	expected object to not be null,
	expected object to not be null,
	expected object to not be null,
	expected object to not be null,
	expected object to not be null
	at util.CheckerMethods.getFreeRegisterResponseContent(CheckerMethods.java:59)
	at tests.FreeRegisterTests.freeRegister_aroundBody0(FreeRegisterTests.java:64)
	at tests.FreeRegisterTests$AjcClosure1.run(FreeRegisterTests.java:1)
	at io.qameta.allure.aspects.StepsAspects.step(StepsAspects.java:46)
	at tests.FreeRegisterTests.freeRegister(FreeRegisterTests.java:53)
	at tests.SubscriptionsTests.registration6m_aroundBody2(SubscriptionsTests.java:105)
	at tests.SubscriptionsTests$AjcClosure3.run(SubscriptionsTests.java:1)
	at io.qameta.allure.aspects.StepsAspects.step(StepsAspects.java:46)
	at tests.SubscriptionsTests.registration6m(SubscriptionsTests.java:99)
	at tests.ChangeAttributesTests.changeAttributesForSubscribedUser_aroundBody0(ChangeAttributesTests.java:28)
	at tests.ChangeAttributesTests$AjcClosure1.run(ChangeAttributesTests.java:1)
	at io.qameta.allure.aspects.StepsAspects.step(StepsAspects.java:46)
	at tests.ChangeAttributesTests.changeAttributesForSubscribedUser(ChangeAttributesTests.java:28)
... Removed 33 stack frames</div></td></tr></table><p class="totop"><a href="#summary">back to summary</a></p>
<h3 id="m2">tests.ChangePasswordTests#changePasswordForRegisteredUser</h3><table class="result"><tr><th>Exception</th></tr><tr><td><div class="stacktrace">java.lang.AssertionError: The following asserts failed:
	expected [Test] but found [null],
	expected [Test] but found [null],
	expected object to not be null,
	expected object to not be null,
	expected object to not be null,
	expected object to not be null,
	expected object to not be null,
	expected [Test] but found [null],
	expected [Test] but found [null],
	expected object to not be null,
	expected object to not be null,
	expected object to not be null,
	expected object to not be null,
	expected object to not be null
	at util.CheckerMethods.getFreeRegisterResponseContent(CheckerMethods.java:59)
	at tests.FreeRegisterTests.freeRegister_aroundBody0(FreeRegisterTests.java:64)
	at tests.FreeRegisterTests$AjcClosure1.run(FreeRegisterTests.java:1)
	at io.qameta.allure.aspects.StepsAspects.step(StepsAspects.java:46)
	at tests.FreeRegisterTests.freeRegister(FreeRegisterTests.java:53)
	at tests.ChangePasswordTests.changePasswordForRegisteredUser_aroundBody0(ChangePasswordTests.java:28)
	at tests.ChangePasswordTests$AjcClosure1.run(ChangePasswordTests.java:1)
	at io.qameta.allure.aspects.StepsAspects.step(StepsAspects.java:46)
	at tests.ChangePasswordTests.changePasswordForRegisteredUser(ChangePasswordTests.java:28)
... Removed 32 stack frames</div></td></tr></table><p class="totop"><a href="#summary">back to summary</a></p>
<h3 id="m3">tests.ChangePasswordTests#changePasswordForSubscribedUser</h3><table class="result"><tr><th>Exception</th></tr><tr><td><div class="stacktrace">java.lang.AssertionError: The following asserts failed:
	expected [Test] but found [null],
	expected [Test] but found [null],
	expected object to not be null,
	expected object to not be null,
	expected object to not be null,
	expected object to not be null,
	expected object to not be null,
	expected [Test] but found [null],
	expected [Test] but found [null],
	expected object to not be null,
	expected object to not be null,
	expected object to not be null,
	expected object to not be null,
	expected object to not be null
	at util.CheckerMethods.getFreeRegisterResponseContent(CheckerMethods.java:59)
	at tests.FreeRegisterTests.freeRegister_aroundBody0(FreeRegisterTests.java:64)
	at tests.FreeRegisterTests$AjcClosure1.run(FreeRegisterTests.java:1)
	at io.qameta.allure.aspects.StepsAspects.step(StepsAspects.java:46)
	at tests.FreeRegisterTests.freeRegister(FreeRegisterTests.java:53)
	at tests.SubscriptionsTests.registration6m_aroundBody2(SubscriptionsTests.java:105)
	at tests.SubscriptionsTests$AjcClosure3.run(SubscriptionsTests.java:1)
	at io.qameta.allure.aspects.StepsAspects.step(StepsAspects.java:46)
	at tests.SubscriptionsTests.registration6m(SubscriptionsTests.java:99)
	at tests.ChangePasswordTests.changePasswordForSubscribedUser_aroundBody2(ChangePasswordTests.java:48)
	at tests.ChangePasswordTests$AjcClosure3.run(ChangePasswordTests.java:1)
	at io.qameta.allure.aspects.StepsAspects.step(StepsAspects.java:46)
	at tests.ChangePasswordTests.changePasswordForSubscribedUser(ChangePasswordTests.java:48)
... Removed 33 stack frames</div></td></tr></table><p class="totop"><a href="#summary">back to summary</a></p>
<h3 id="m4">tests.LoginTests#loginWithRegisteredUser</h3><table class="result"><tr><th>Exception</th></tr><tr><td><div class="stacktrace">java.lang.AssertionError: The following asserts failed:
	expected [Test] but found [null],
	expected [Test] but found [null],
	expected object to not be null,
	expected object to not be null,
	expected object to not be null,
	expected object to not be null,
	expected object to not be null,
	expected [Test] but found [null],
	expected [Test] but found [null],
	expected object to not be null,
	expected object to not be null,
	expected object to not be null,
	expected object to not be null,
	expected object to not be null
	at util.CheckerMethods.getFreeRegisterResponseContent(CheckerMethods.java:59)
	at tests.FreeRegisterTests.freeRegister_aroundBody0(FreeRegisterTests.java:64)
	at tests.FreeRegisterTests$AjcClosure1.run(FreeRegisterTests.java:1)
	at io.qameta.allure.aspects.StepsAspects.step(StepsAspects.java:46)
	at tests.FreeRegisterTests.freeRegister(FreeRegisterTests.java:53)
	at tests.LoginTests.loginWithRegisteredUser_aroundBody2(LoginTests.java:40)
	at tests.LoginTests$AjcClosure3.run(LoginTests.java:1)
	at io.qameta.allure.aspects.StepsAspects.step(StepsAspects.java:46)
	at tests.LoginTests.loginWithRegisteredUser(LoginTests.java:40)
... Removed 32 stack frames</div></td></tr></table><p class="totop"><a href="#summary">back to summary</a></p>
<h3 id="m5">tests.LoginTests#loginWithSubscribedUser</h3><table class="result"><tr><th>Exception</th></tr><tr><td><div class="stacktrace">java.lang.AssertionError: The following asserts failed:
	expected [Test] but found [null],
	expected [Test] but found [null],
	expected object to not be null,
	expected object to not be null,
	expected object to not be null,
	expected object to not be null,
	expected object to not be null,
	expected [Test] but found [null],
	expected [Test] but found [null],
	expected object to not be null,
	expected object to not be null,
	expected object to not be null,
	expected object to not be null,
	expected object to not be null
	at util.CheckerMethods.getFreeRegisterResponseContent(CheckerMethods.java:59)
	at tests.FreeRegisterTests.freeRegister_aroundBody0(FreeRegisterTests.java:64)
	at tests.FreeRegisterTests$AjcClosure1.run(FreeRegisterTests.java:1)
	at io.qameta.allure.aspects.StepsAspects.step(StepsAspects.java:46)
	at tests.FreeRegisterTests.freeRegister(FreeRegisterTests.java:53)
	at tests.SubscriptionsTests.registration6m_aroundBody2(SubscriptionsTests.java:105)
	at tests.SubscriptionsTests$AjcClosure3.run(SubscriptionsTests.java:1)
	at io.qameta.allure.aspects.StepsAspects.step(StepsAspects.java:46)
	at tests.SubscriptionsTests.registration6m(SubscriptionsTests.java:99)
	at tests.LoginTests.loginWithSubscribedUser_aroundBody0(LoginTests.java:25)
	at tests.LoginTests$AjcClosure1.run(LoginTests.java:1)
	at io.qameta.allure.aspects.StepsAspects.step(StepsAspects.java:46)
	at tests.LoginTests.loginWithSubscribedUser(LoginTests.java:25)
... Removed 33 stack frames</div></td></tr></table><p class="totop"><a href="#summary">back to summary</a></p>
<h3 id="m6">tests.SubscriptionsTests#registration1m</h3><table class="result"><tr><th>Exception</th></tr><tr><td><div class="stacktrace">java.lang.AssertionError: The following asserts failed:
	expected [Test] but found [null],
	expected [Test] but found [null],
	expected object to not be null,
	expected object to not be null,
	expected object to not be null,
	expected object to not be null,
	expected object to not be null
	at util.CheckerMethods.getFreeRegisterResponseContent(CheckerMethods.java:59)
	at tests.FreeRegisterTests.freeRegister_aroundBody0(FreeRegisterTests.java:64)
	at tests.FreeRegisterTests$AjcClosure1.run(FreeRegisterTests.java:1)
	at io.qameta.allure.aspects.StepsAspects.step(StepsAspects.java:46)
	at tests.FreeRegisterTests.freeRegister(FreeRegisterTests.java:53)
	at tests.SubscriptionsTests.registration1m_aroundBody0(SubscriptionsTests.java:64)
	at tests.SubscriptionsTests$AjcClosure1.run(SubscriptionsTests.java:1)
	at io.qameta.allure.aspects.StepsAspects.step(StepsAspects.java:46)
	at tests.SubscriptionsTests.registration1m(SubscriptionsTests.java:58)
... Removed 32 stack frames</div></td></tr></table><p class="totop"><a href="#summary">back to summary</a></p>
<h3 id="m7">tests.SubscriptionsTests#registration6m</h3><table class="result"><tr><th>Exception</th></tr><tr><td><div class="stacktrace">java.lang.AssertionError: The following asserts failed:
	expected [Test] but found [null],
	expected [Test] but found [null],
	expected object to not be null,
	expected object to not be null,
	expected object to not be null,
	expected object to not be null,
	expected object to not be null,
	expected [Test] but found [null],
	expected [Test] but found [null],
	expected object to not be null,
	expected object to not be null,
	expected object to not be null,
	expected object to not be null,
	expected object to not be null
	at util.CheckerMethods.getFreeRegisterResponseContent(CheckerMethods.java:59)
	at tests.FreeRegisterTests.freeRegister_aroundBody0(FreeRegisterTests.java:64)
	at tests.FreeRegisterTests$AjcClosure1.run(FreeRegisterTests.java:1)
	at io.qameta.allure.aspects.StepsAspects.step(StepsAspects.java:46)
	at tests.FreeRegisterTests.freeRegister(FreeRegisterTests.java:53)
	at tests.SubscriptionsTests.registration6m_aroundBody2(SubscriptionsTests.java:105)
	at tests.SubscriptionsTests$AjcClosure3.run(SubscriptionsTests.java:1)
	at io.qameta.allure.aspects.StepsAspects.step(StepsAspects.java:46)
	at tests.SubscriptionsTests.registration6m(SubscriptionsTests.java:99)
... Removed 32 stack frames</div></td></tr></table><p class="totop"><a href="#summary">back to summary</a></p>
<h3 id="m8">tests.ContentTests#getContent</h3><table class="result"><tr><th class="invisible"/></tr></table><p class="totop"><a href="#summary">back to summary</a></p>
<h3 id="m9">tests.FreeRegisterTests#freeRegister</h3><table class="result"><tr><th class="invisible"/></tr></table><p class="totop"><a href="#summary">back to summary</a></p>
<h3 id="m10">tests.GetTokenIdTests#getIDToken</h3><table class="result"><tr><th class="invisible"/></tr></table><p class="totop"><a href="#summary">back to summary</a></p>
<h3 id="m11">tests.SubscriptionsTests#registration12m</h3><table class="result"><tr><th class="invisible"/></tr></table><p class="totop"><a href="#summary">back to summary</a></p>
</body>
</html>
