<!DOCTYPE html>

<html>
  <head>
  <meta charset='utf-8'>
  <title>TestNG reports</title>

    <link type="text/css" href="testng-reports.css" rel="stylesheet" />
    <script type="text/javascript" src="jquery-1.7.1.min.js"></script>
    <script type="text/javascript" src="testng-reports.js"></script>
    <script type="text/javascript" src="https://www.google.com/jsapi"></script>
    <script type='text/javascript'>
      google.load('visualization', '1', {packages:['table']});
      google.setOnLoadCallback(drawTable);
      var suiteTableInitFunctions = new Array();
      var suiteTableData = new Array();
    </script>
    <!--
      <script type="text/javascript" src="jquery-ui/js/jquery-ui-1.8.16.custom.min.js"></script>
     -->
  </head>

  <body>
    <div class="top-banner-root">
      <span class="top-banner-title-font">Test results</span>
      <br/>
      <span class="top-banner-font-1">1 suite, 10 failed tests</span>
    </div> <!-- top-banner-root -->
    <div class="navigator-root">
      <div class="navigator-suite-header">
        <span>All suites</span>
        <a href="#" class="collapse-all-link" title="Collapse/expand all the suites">
          <img class="collapse-all-icon" src="collapseall.gif">
          </img> <!-- collapse-all-icon -->
        </a> <!-- collapse-all-link -->
      </div> <!-- navigator-suite-header -->
      <div class="suite">
        <div class="rounded-window">
          <div class="suite-header light-rounded-window-top">
            <a href="#" class="navigator-link" panel-name="suite-Surefire_suite">
              <span class="suite-name border-failed">Surefire suite</span>
            </a> <!-- navigator-link -->
          </div> <!-- suite-header light-rounded-window-top -->
          <div class="navigator-suite-content">
            <div class="suite-section-title">
              <span>Info</span>
            </div> <!-- suite-section-title -->
            <div class="suite-section-content">
              <ul>
                <li>
                  <a href="#" class="navigator-link " panel-name="test-xml-Surefire_suite">
                    <span>[unset file name]</span>
                  </a> <!-- navigator-link  -->
                </li>
                <li>
                  <a href="#" class="navigator-link " panel-name="testlist-Surefire_suite">
                    <span class="test-stats">1 test</span>
                  </a> <!-- navigator-link  -->
                </li>
                <li>
                  <a href="#" class="navigator-link " panel-name="group-Surefire_suite">
                    <span>3 groups</span>
                  </a> <!-- navigator-link  -->
                </li>
                <li>
                  <a href="#" class="navigator-link " panel-name="times-Surefire_suite">
                    <span>Times</span>
                  </a> <!-- navigator-link  -->
                </li>
                <li>
                  <a href="#" class="navigator-link " panel-name="reporter-Surefire_suite">
                    <span>Reporter output</span>
                  </a> <!-- navigator-link  -->
                </li>
                <li>
                  <a href="#" class="navigator-link " panel-name="ignored-methods-Surefire_suite">
                    <span>Ignored methods</span>
                  </a> <!-- navigator-link  -->
                </li>
                <li>
                  <a href="#" class="navigator-link " panel-name="chronological-Surefire_suite">
                    <span>Chronological view</span>
                  </a> <!-- navigator-link  -->
                </li>
              </ul>
            </div> <!-- suite-section-content -->
            <div class="result-section">
              <div class="suite-section-title">
                <span>Results</span>
              </div> <!-- suite-section-title -->
              <div class="suite-section-content">
                <ul>
                  <li>
                    <span class="method-stats">12 methods, 10 failed,   2 passed</span>
                  </li>
                  <li>
                    <span class="method-list-title failed">Failed methods</span>
                    <span class="show-or-hide-methods failed">
                      <a href="#" panel-name="suite-Surefire_suite" class="hide-methods failed suite-Surefire_suite"> (hide)</a> <!-- hide-methods failed suite-Surefire_suite -->
                      <a href="#" panel-name="suite-Surefire_suite" class="show-methods failed suite-Surefire_suite"> (show)</a> <!-- show-methods failed suite-Surefire_suite -->
                    </span>
                    <div class="method-list-content failed suite-Surefire_suite">
                      <span>
                        <img width="3%" src="failed.png"/>
                        <a href="#" class="method navigator-link" panel-name="suite-Surefire_suite" title="tests.ChangeAttributesTests" hash-for-method="changeAttributesForRegisteredUser">changeAttributesForRegisteredUser</a> <!-- method navigator-link -->
                      </span>
                      <br/>
                      <span>
                        <img width="3%" src="failed.png"/>
                        <a href="#" class="method navigator-link" panel-name="suite-Surefire_suite" title="tests.ChangeAttributesTests" hash-for-method="changeAttributesForSubscribedUser">changeAttributesForSubscribedUser</a> <!-- method navigator-link -->
                      </span>
                      <br/>
                      <span>
                        <img width="3%" src="failed.png"/>
                        <a href="#" class="method navigator-link" panel-name="suite-Surefire_suite" title="tests.ChangePasswordTests" hash-for-method="changePasswordForRegisteredUser">changePasswordForRegisteredUser</a> <!-- method navigator-link -->
                      </span>
                      <br/>
                      <span>
                        <img width="3%" src="failed.png"/>
                        <a href="#" class="method navigator-link" panel-name="suite-Surefire_suite" title="tests.ChangePasswordTests" hash-for-method="changePasswordForSubscribedUser">changePasswordForSubscribedUser</a> <!-- method navigator-link -->
                      </span>
                      <br/>
                      <span>
                        <img width="3%" src="failed.png"/>
                        <a href="#" class="method navigator-link" panel-name="suite-Surefire_suite" title="tests.FreeRegisterTests" hash-for-method="freeRegister">freeRegister</a> <!-- method navigator-link -->
                      </span>
                      <br/>
                      <span>
                        <img width="3%" src="failed.png"/>
                        <a href="#" class="method navigator-link" panel-name="suite-Surefire_suite" title="tests.LoginTests" hash-for-method="loginWithRegisteredUser">loginWithRegisteredUser</a> <!-- method navigator-link -->
                      </span>
                      <br/>
                      <span>
                        <img width="3%" src="failed.png"/>
                        <a href="#" class="method navigator-link" panel-name="suite-Surefire_suite" title="tests.LoginTests" hash-for-method="loginWithSubscribedUser">loginWithSubscribedUser</a> <!-- method navigator-link -->
                      </span>
                      <br/>
                      <span>
                        <img width="3%" src="failed.png"/>
                        <a href="#" class="method navigator-link" panel-name="suite-Surefire_suite" title="tests.SubscriptionsTests" hash-for-method="registration12m">registration12m</a> <!-- method navigator-link -->
                      </span>
                      <br/>
                      <span>
                        <img width="3%" src="failed.png"/>
                        <a href="#" class="method navigator-link" panel-name="suite-Surefire_suite" title="tests.SubscriptionsTests" hash-for-method="registration1m">registration1m</a> <!-- method navigator-link -->
                      </span>
                      <br/>
                      <span>
                        <img width="3%" src="failed.png"/>
                        <a href="#" class="method navigator-link" panel-name="suite-Surefire_suite" title="tests.SubscriptionsTests" hash-for-method="registration6m">registration6m</a> <!-- method navigator-link -->
                      </span>
                      <br/>
                    </div> <!-- method-list-content failed suite-Surefire_suite -->
                  </li>
                  <li>
                    <span class="method-list-title passed">Passed methods</span>
                    <span class="show-or-hide-methods passed">
                      <a href="#" panel-name="suite-Surefire_suite" class="hide-methods passed suite-Surefire_suite"> (hide)</a> <!-- hide-methods passed suite-Surefire_suite -->
                      <a href="#" panel-name="suite-Surefire_suite" class="show-methods passed suite-Surefire_suite"> (show)</a> <!-- show-methods passed suite-Surefire_suite -->
                    </span>
                    <div class="method-list-content passed suite-Surefire_suite">
                      <span>
                        <img width="3%" src="passed.png"/>
                        <a href="#" class="method navigator-link" panel-name="suite-Surefire_suite" title="tests.ContentTests" hash-for-method="getContent">getContent</a> <!-- method navigator-link -->
                      </span>
                      <br/>
                      <span>
                        <img width="3%" src="passed.png"/>
                        <a href="#" class="method navigator-link" panel-name="suite-Surefire_suite" title="tests.GetTokenIdTests" hash-for-method="getIDToken">getIDToken</a> <!-- method navigator-link -->
                      </span>
                      <br/>
                    </div> <!-- method-list-content passed suite-Surefire_suite -->
                  </li>
                </ul>
              </div> <!-- suite-section-content -->
            </div> <!-- result-section -->
          </div> <!-- navigator-suite-content -->
        </div> <!-- rounded-window -->
      </div> <!-- suite -->
    </div> <!-- navigator-root -->
    <div class="wrapper">
      <div class="main-panel-root">
        <div panel-name="suite-Surefire_suite" class="panel Surefire_suite">
          <div class="suite-Surefire_suite-class-failed">
            <div class="main-panel-header rounded-window-top">
              <img src="failed.png"/>
              <span class="class-name">tests.SubscriptionsTests</span>
            </div> <!-- main-panel-header rounded-window-top -->
            <div class="main-panel-content rounded-window-bottom">
              <div class="method">
                <div class="method-content">
                  <a name="registration12m">
                  </a> <!-- registration12m -->
                  <span class="method-name">registration12m</span>
                  <div class="stack-trace">java.lang.AssertionError: The following asserts failed:
	expected [testerujxih@yopmail.com] but found [null],
	expected [testeraj4an@yopmail.com] but found [null]
	at util.CheckerMethods.getFreeRegisterResponseContent(CheckerMethods.java:45)
	at tests.FreeRegisterTests.freeRegister_aroundBody0(FreeRegisterTests.java:75)
	at tests.FreeRegisterTests$AjcClosure1.run(FreeRegisterTests.java:1)
	at io.qameta.allure.aspects.StepsAspects.step(StepsAspects.java:46)
	at tests.FreeRegisterTests.freeRegister(FreeRegisterTests.java:53)
	at tests.SubscriptionsTests.registration12m_aroundBody4(SubscriptionsTests.java:143)
	at tests.SubscriptionsTests$AjcClosure5.run(SubscriptionsTests.java:1)
	at io.qameta.allure.aspects.StepsAspects.step(StepsAspects.java:46)
	at tests.SubscriptionsTests.registration12m(SubscriptionsTests.java:137)
... Removed 32 stack frames
</div> <!-- stack-trace -->
                </div> <!-- method-content -->
              </div> <!-- method -->
              <div class="method">
                <div class="method-content">
                  <a name="registration1m">
                  </a> <!-- registration1m -->
                  <span class="method-name">registration1m</span>
                  <div class="stack-trace">com.jayway.jsonpath.PathNotFoundException: No results for path: $[&apos;result&apos;]
	at com.jayway.jsonpath.internal.path.EvaluationContextImpl.getValue(EvaluationContextImpl.java:133)
	at com.jayway.jsonpath.JsonPath.read(JsonPath.java:187)
	at com.jayway.jsonpath.internal.JsonContext.read(JsonContext.java:102)
	at com.jayway.jsonpath.internal.JsonContext.read(JsonContext.java:89)
	at com.jayway.jsonpath.JsonPath.read(JsonPath.java:502)
	at util.CheckerMethods.getSubscriptionResponseContent(CheckerMethods.java:77)
	at tests.SubscriptionsTests.registration1m_aroundBody0(SubscriptionsTests.java:85)
	at tests.SubscriptionsTests$AjcClosure1.run(SubscriptionsTests.java:1)
	at io.qameta.allure.aspects.StepsAspects.step(StepsAspects.java:46)
	at tests.SubscriptionsTests.registration1m(SubscriptionsTests.java:58)
... Removed 30 stack frames
</div> <!-- stack-trace -->
                </div> <!-- method-content -->
              </div> <!-- method -->
              <div class="method">
                <div class="method-content">
                  <a name="registration6m">
                  </a> <!-- registration6m -->
                  <span class="method-name">registration6m</span>
                  <div class="stack-trace">com.jayway.jsonpath.PathNotFoundException: No results for path: $[&apos;result&apos;]
	at com.jayway.jsonpath.internal.path.EvaluationContextImpl.getValue(EvaluationContextImpl.java:133)
	at com.jayway.jsonpath.JsonPath.read(JsonPath.java:187)
	at com.jayway.jsonpath.internal.JsonContext.read(JsonContext.java:102)
	at com.jayway.jsonpath.internal.JsonContext.read(JsonContext.java:85)
	at com.jayway.jsonpath.JsonPath.read(JsonPath.java:502)
	at util.CheckerMethods.getSubscriptionResponseContent(CheckerMethods.java:77)
	at tests.SubscriptionsTests.registration6m_aroundBody2(SubscriptionsTests.java:127)
	at tests.SubscriptionsTests$AjcClosure3.run(SubscriptionsTests.java:1)
	at io.qameta.allure.aspects.StepsAspects.step(StepsAspects.java:46)
	at tests.SubscriptionsTests.registration6m(SubscriptionsTests.java:95)
... Removed 30 stack frames
</div> <!-- stack-trace -->
                </div> <!-- method-content -->
              </div> <!-- method -->
            </div> <!-- main-panel-content rounded-window-bottom -->
          </div> <!-- suite-Surefire_suite-class-failed -->
          <div class="suite-Surefire_suite-class-failed">
            <div class="main-panel-header rounded-window-top">
              <img src="failed.png"/>
              <span class="class-name">tests.ChangePasswordTests</span>
            </div> <!-- main-panel-header rounded-window-top -->
            <div class="main-panel-content rounded-window-bottom">
              <div class="method">
                <div class="method-content">
                  <a name="changePasswordForRegisteredUser">
                  </a> <!-- changePasswordForRegisteredUser -->
                  <span class="method-name">changePasswordForRegisteredUser</span>
                  <div class="stack-trace">java.lang.AssertionError: The following asserts failed:
	expected [testerujxih@yopmail.com] but found [null],
	expected [testeraj4an@yopmail.com] but found [null],
	expected [testerm7f56@yopmail.com] but found [null]
	at util.CheckerMethods.getFreeRegisterResponseContent(CheckerMethods.java:45)
	at tests.FreeRegisterTests.freeRegister_aroundBody0(FreeRegisterTests.java:75)
	at tests.FreeRegisterTests$AjcClosure1.run(FreeRegisterTests.java:1)
	at io.qameta.allure.aspects.StepsAspects.step(StepsAspects.java:46)
	at tests.FreeRegisterTests.freeRegister(FreeRegisterTests.java:53)
	at tests.ChangePasswordTests.changePasswordForRegisteredUser_aroundBody0(ChangePasswordTests.java:28)
	at tests.ChangePasswordTests$AjcClosure1.run(ChangePasswordTests.java:1)
	at io.qameta.allure.aspects.StepsAspects.step(StepsAspects.java:46)
	at tests.ChangePasswordTests.changePasswordForRegisteredUser(ChangePasswordTests.java:28)
... Removed 32 stack frames
</div> <!-- stack-trace -->
                </div> <!-- method-content -->
              </div> <!-- method -->
              <div class="method">
                <div class="method-content">
                  <a name="changePasswordForSubscribedUser">
                  </a> <!-- changePasswordForSubscribedUser -->
                  <span class="method-name">changePasswordForSubscribedUser</span>
                  <div class="stack-trace">java.lang.AssertionError: The following asserts failed:
	expected [testerujxih@yopmail.com] but found [null],
	expected [testeraj4an@yopmail.com] but found [null],
	expected [testerm7f56@yopmail.com] but found [null],
	expected [testeryc63y@yopmail.com] but found [null]
	at util.CheckerMethods.getFreeRegisterResponseContent(CheckerMethods.java:45)
	at tests.FreeRegisterTests.freeRegister_aroundBody0(FreeRegisterTests.java:75)
	at tests.FreeRegisterTests$AjcClosure1.run(FreeRegisterTests.java:1)
	at io.qameta.allure.aspects.StepsAspects.step(StepsAspects.java:46)
	at tests.FreeRegisterTests.freeRegister(FreeRegisterTests.java:53)
	at tests.SubscriptionsTests.registration6m_aroundBody2(SubscriptionsTests.java:101)
	at tests.SubscriptionsTests$AjcClosure3.run(SubscriptionsTests.java:1)
	at io.qameta.allure.aspects.StepsAspects.step(StepsAspects.java:46)
	at tests.SubscriptionsTests.registration6m(SubscriptionsTests.java:95)
	at tests.ChangePasswordTests.changePasswordForSubscribedUser_aroundBody2(ChangePasswordTests.java:48)
	at tests.ChangePasswordTests$AjcClosure3.run(ChangePasswordTests.java:1)
	at io.qameta.allure.aspects.StepsAspects.step(StepsAspects.java:46)
	at tests.ChangePasswordTests.changePasswordForSubscribedUser(ChangePasswordTests.java:48)
... Removed 33 stack frames
</div> <!-- stack-trace -->
                </div> <!-- method-content -->
              </div> <!-- method -->
            </div> <!-- main-panel-content rounded-window-bottom -->
          </div> <!-- suite-Surefire_suite-class-failed -->
          <div class="suite-Surefire_suite-class-failed">
            <div class="main-panel-header rounded-window-top">
              <img src="failed.png"/>
              <span class="class-name">tests.LoginTests</span>
            </div> <!-- main-panel-header rounded-window-top -->
            <div class="main-panel-content rounded-window-bottom">
              <div class="method">
                <div class="method-content">
                  <a name="loginWithRegisteredUser">
                  </a> <!-- loginWithRegisteredUser -->
                  <span class="method-name">loginWithRegisteredUser</span>
                  <div class="stack-trace">java.lang.AssertionError: The following asserts failed:
	expected [testerujxih@yopmail.com] but found [null],
	expected [testeraj4an@yopmail.com] but found [null],
	expected [testerm7f56@yopmail.com] but found [null],
	expected [testeryc63y@yopmail.com] but found [null],
	expected [testerymmht@yopmail.com] but found [null]
	at util.CheckerMethods.getFreeRegisterResponseContent(CheckerMethods.java:45)
	at tests.FreeRegisterTests.freeRegister_aroundBody0(FreeRegisterTests.java:75)
	at tests.FreeRegisterTests$AjcClosure1.run(FreeRegisterTests.java:1)
	at io.qameta.allure.aspects.StepsAspects.step(StepsAspects.java:46)
	at tests.FreeRegisterTests.freeRegister(FreeRegisterTests.java:53)
	at tests.LoginTests.loginWithRegisteredUser_aroundBody2(LoginTests.java:40)
	at tests.LoginTests$AjcClosure3.run(LoginTests.java:1)
	at io.qameta.allure.aspects.StepsAspects.step(StepsAspects.java:46)
	at tests.LoginTests.loginWithRegisteredUser(LoginTests.java:40)
... Removed 32 stack frames
</div> <!-- stack-trace -->
                </div> <!-- method-content -->
              </div> <!-- method -->
              <div class="method">
                <div class="method-content">
                  <a name="loginWithSubscribedUser">
                  </a> <!-- loginWithSubscribedUser -->
                  <span class="method-name">loginWithSubscribedUser</span>
                  <div class="stack-trace">java.lang.AssertionError: The following asserts failed:
	expected [testerujxih@yopmail.com] but found [null],
	expected [testeraj4an@yopmail.com] but found [null],
	expected [testerm7f56@yopmail.com] but found [null],
	expected [testeryc63y@yopmail.com] but found [null],
	expected [testerymmht@yopmail.com] but found [null],
	expected [testerffbm3@yopmail.com] but found [null]
	at util.CheckerMethods.getFreeRegisterResponseContent(CheckerMethods.java:45)
	at tests.FreeRegisterTests.freeRegister_aroundBody0(FreeRegisterTests.java:75)
	at tests.FreeRegisterTests$AjcClosure1.run(FreeRegisterTests.java:1)
	at io.qameta.allure.aspects.StepsAspects.step(StepsAspects.java:46)
	at tests.FreeRegisterTests.freeRegister(FreeRegisterTests.java:53)
	at tests.SubscriptionsTests.registration6m_aroundBody2(SubscriptionsTests.java:101)
	at tests.SubscriptionsTests$AjcClosure3.run(SubscriptionsTests.java:1)
	at io.qameta.allure.aspects.StepsAspects.step(StepsAspects.java:46)
	at tests.SubscriptionsTests.registration6m(SubscriptionsTests.java:95)
	at tests.LoginTests.loginWithSubscribedUser_aroundBody0(LoginTests.java:25)
	at tests.LoginTests$AjcClosure1.run(LoginTests.java:1)
	at io.qameta.allure.aspects.StepsAspects.step(StepsAspects.java:46)
	at tests.LoginTests.loginWithSubscribedUser(LoginTests.java:25)
... Removed 33 stack frames
</div> <!-- stack-trace -->
                </div> <!-- method-content -->
              </div> <!-- method -->
            </div> <!-- main-panel-content rounded-window-bottom -->
          </div> <!-- suite-Surefire_suite-class-failed -->
          <div class="suite-Surefire_suite-class-failed">
            <div class="main-panel-header rounded-window-top">
              <img src="failed.png"/>
              <span class="class-name">tests.ChangeAttributesTests</span>
            </div> <!-- main-panel-header rounded-window-top -->
            <div class="main-panel-content rounded-window-bottom">
              <div class="method">
                <div class="method-content">
                  <a name="changeAttributesForRegisteredUser">
                  </a> <!-- changeAttributesForRegisteredUser -->
                  <span class="method-name">changeAttributesForRegisteredUser</span>
                  <div class="stack-trace">java.lang.AssertionError: The following asserts failed:
	expected [testerujxih@yopmail.com] but found [null],
	expected [testeraj4an@yopmail.com] but found [null],
	expected [testerm7f56@yopmail.com] but found [null],
	expected [testeryc63y@yopmail.com] but found [null],
	expected [testerymmht@yopmail.com] but found [null],
	expected [testerffbm3@yopmail.com] but found [null],
	expected [testerhsgcf@yopmail.com] but found [null]
	at util.CheckerMethods.getFreeRegisterResponseContent(CheckerMethods.java:45)
	at tests.FreeRegisterTests.freeRegister_aroundBody0(FreeRegisterTests.java:75)
	at tests.FreeRegisterTests$AjcClosure1.run(FreeRegisterTests.java:1)
	at io.qameta.allure.aspects.StepsAspects.step(StepsAspects.java:46)
	at tests.FreeRegisterTests.freeRegister(FreeRegisterTests.java:53)
	at tests.ChangeAttributesTests.changeAttributesForRegisteredUser_aroundBody2(ChangeAttributesTests.java:50)
	at tests.ChangeAttributesTests$AjcClosure3.run(ChangeAttributesTests.java:1)
	at io.qameta.allure.aspects.StepsAspects.step(StepsAspects.java:46)
	at tests.ChangeAttributesTests.changeAttributesForRegisteredUser(ChangeAttributesTests.java:50)
... Removed 32 stack frames
</div> <!-- stack-trace -->
                </div> <!-- method-content -->
              </div> <!-- method -->
              <div class="method">
                <div class="method-content">
                  <a name="changeAttributesForSubscribedUser">
                  </a> <!-- changeAttributesForSubscribedUser -->
                  <span class="method-name">changeAttributesForSubscribedUser</span>
                  <div class="stack-trace">java.lang.AssertionError: The following asserts failed:
	expected [testerujxih@yopmail.com] but found [null],
	expected [testeraj4an@yopmail.com] but found [null],
	expected [testerm7f56@yopmail.com] but found [null],
	expected [testeryc63y@yopmail.com] but found [null],
	expected [testerymmht@yopmail.com] but found [null],
	expected [testerffbm3@yopmail.com] but found [null],
	expected [testerhsgcf@yopmail.com] but found [null],
	expected [testerzddet@yopmail.com] but found [null]
	at util.CheckerMethods.getFreeRegisterResponseContent(CheckerMethods.java:45)
	at tests.FreeRegisterTests.freeRegister_aroundBody0(FreeRegisterTests.java:75)
	at tests.FreeRegisterTests$AjcClosure1.run(FreeRegisterTests.java:1)
	at io.qameta.allure.aspects.StepsAspects.step(StepsAspects.java:46)
	at tests.FreeRegisterTests.freeRegister(FreeRegisterTests.java:53)
	at tests.SubscriptionsTests.registration6m_aroundBody2(SubscriptionsTests.java:101)
	at tests.SubscriptionsTests$AjcClosure3.run(SubscriptionsTests.java:1)
	at io.qameta.allure.aspects.StepsAspects.step(StepsAspects.java:46)
	at tests.SubscriptionsTests.registration6m(SubscriptionsTests.java:95)
	at tests.ChangeAttributesTests.changeAttributesForSubscribedUser_aroundBody0(ChangeAttributesTests.java:28)
	at tests.ChangeAttributesTests$AjcClosure1.run(ChangeAttributesTests.java:1)
	at io.qameta.allure.aspects.StepsAspects.step(StepsAspects.java:46)
	at tests.ChangeAttributesTests.changeAttributesForSubscribedUser(ChangeAttributesTests.java:28)
... Removed 33 stack frames
</div> <!-- stack-trace -->
                </div> <!-- method-content -->
              </div> <!-- method -->
            </div> <!-- main-panel-content rounded-window-bottom -->
          </div> <!-- suite-Surefire_suite-class-failed -->
          <div class="suite-Surefire_suite-class-failed">
            <div class="main-panel-header rounded-window-top">
              <img src="failed.png"/>
              <span class="class-name">tests.FreeRegisterTests</span>
            </div> <!-- main-panel-header rounded-window-top -->
            <div class="main-panel-content rounded-window-bottom">
              <div class="method">
                <div class="method-content">
                  <a name="freeRegister">
                  </a> <!-- freeRegister -->
                  <span class="method-name">freeRegister</span>
                  <div class="stack-trace">java.lang.AssertionError: The following asserts failed:
	expected [testerujxih@yopmail.com] but found [null]
	at util.CheckerMethods.getFreeRegisterResponseContent(CheckerMethods.java:45)
	at tests.FreeRegisterTests.freeRegister_aroundBody0(FreeRegisterTests.java:75)
	at tests.FreeRegisterTests$AjcClosure1.run(FreeRegisterTests.java:1)
	at io.qameta.allure.aspects.StepsAspects.step(StepsAspects.java:46)
	at tests.FreeRegisterTests.freeRegister(FreeRegisterTests.java:53)
... Removed 31 stack frames
</div> <!-- stack-trace -->
                </div> <!-- method-content -->
              </div> <!-- method -->
            </div> <!-- main-panel-content rounded-window-bottom -->
          </div> <!-- suite-Surefire_suite-class-failed -->
          <div class="suite-Surefire_suite-class-passed">
            <div class="main-panel-header rounded-window-top">
              <img src="passed.png"/>
              <span class="class-name">tests.GetTokenIdTests</span>
            </div> <!-- main-panel-header rounded-window-top -->
            <div class="main-panel-content rounded-window-bottom">
              <div class="method">
                <div class="method-content">
                  <a name="getIDToken">
                  </a> <!-- getIDToken -->
                  <span class="method-name">getIDToken</span>
                </div> <!-- method-content -->
              </div> <!-- method -->
            </div> <!-- main-panel-content rounded-window-bottom -->
          </div> <!-- suite-Surefire_suite-class-passed -->
          <div class="suite-Surefire_suite-class-passed">
            <div class="main-panel-header rounded-window-top">
              <img src="passed.png"/>
              <span class="class-name">tests.ContentTests</span>
            </div> <!-- main-panel-header rounded-window-top -->
            <div class="main-panel-content rounded-window-bottom">
              <div class="method">
                <div class="method-content">
                  <a name="getContent">
                  </a> <!-- getContent -->
                  <span class="method-name">getContent</span>
                </div> <!-- method-content -->
              </div> <!-- method -->
            </div> <!-- main-panel-content rounded-window-bottom -->
          </div> <!-- suite-Surefire_suite-class-passed -->
        </div> <!-- panel Surefire_suite -->
        <div panel-name="test-xml-Surefire_suite" class="panel">
          <div class="main-panel-header rounded-window-top">
          </div> <!-- main-panel-header rounded-window-top -->
          <div class="main-panel-content rounded-window-bottom">
            <pre>
&lt;?xml version=&quot;1.0&quot; encoding=&quot;UTF-8&quot;?&gt;
&lt;!DOCTYPE suite SYSTEM &quot;http://testng.org/testng-1.0.dtd&quot;&gt;
&lt;suite thread-count=&quot;1&quot; verbose=&quot;0&quot; name=&quot;Surefire suite&quot;&gt;
  &lt;test thread-count=&quot;1&quot; verbose=&quot;0&quot; name=&quot;Surefire test&quot;&gt;
    &lt;classes&gt;
      &lt;class name=&quot;tests.FreeRegisterTests&quot;/&gt;
      &lt;class name=&quot;tests.SubscriptionsTests&quot;/&gt;
      &lt;class name=&quot;tests.GetTokenIdTests&quot;/&gt;
      &lt;class name=&quot;tests.ChangePasswordTests&quot;/&gt;
      &lt;class name=&quot;tests.LoginTests&quot;/&gt;
      &lt;class name=&quot;tests.ChangeAttributesTests&quot;/&gt;
      &lt;class name=&quot;tests.ContentTests&quot;/&gt;
    &lt;/classes&gt;
  &lt;/test&gt; &lt;!-- Surefire test --&gt;
&lt;/suite&gt; &lt;!-- Surefire suite --&gt;
            </pre>
          </div> <!-- main-panel-content rounded-window-bottom -->
        </div> <!-- panel -->
        <div panel-name="testlist-Surefire_suite" class="panel">
          <div class="main-panel-header rounded-window-top">
            <span class="header-content">Tests for Surefire suite</span>
          </div> <!-- main-panel-header rounded-window-top -->
          <div class="main-panel-content rounded-window-bottom">
            <ul>
              <li>
                <span class="test-name">Surefire test (7 classes)</span>
              </li>
            </ul>
          </div> <!-- main-panel-content rounded-window-bottom -->
        </div> <!-- panel -->
        <div panel-name="group-Surefire_suite" class="panel">
          <div class="main-panel-header rounded-window-top">
            <span class="header-content">Groups for Surefire suite</span>
          </div> <!-- main-panel-header rounded-window-top -->
          <div class="main-panel-content rounded-window-bottom">
            <div class="test-group">
              <span class="test-group-name">critical</span>
              <br/>
              <div class="method-in-group">
                <span class="method-in-group-name">freeRegister</span>
                <br/>
              </div> <!-- method-in-group -->
              <div class="method-in-group">
                <span class="method-in-group-name">registration12m</span>
                <br/>
              </div> <!-- method-in-group -->
              <div class="method-in-group">
                <span class="method-in-group-name">registration1m</span>
                <br/>
              </div> <!-- method-in-group -->
              <div class="method-in-group">
                <span class="method-in-group-name">registration6m</span>
                <br/>
              </div> <!-- method-in-group -->
            </div> <!-- test-group -->
            <div class="test-group">
              <span class="test-group-name">hp</span>
              <br/>
              <div class="method-in-group">
                <span class="method-in-group-name">getContent</span>
                <br/>
              </div> <!-- method-in-group -->
              <div class="method-in-group">
                <span class="method-in-group-name">getIDToken</span>
                <br/>
              </div> <!-- method-in-group -->
              <div class="method-in-group">
                <span class="method-in-group-name">loginWithRegisteredUser</span>
                <br/>
              </div> <!-- method-in-group -->
              <div class="method-in-group">
                <span class="method-in-group-name">loginWithSubscribedUser</span>
                <br/>
              </div> <!-- method-in-group -->
            </div> <!-- test-group -->
            <div class="test-group">
              <span class="test-group-name">major</span>
              <br/>
              <div class="method-in-group">
                <span class="method-in-group-name">changeAttributesForRegisteredUser</span>
                <br/>
              </div> <!-- method-in-group -->
              <div class="method-in-group">
                <span class="method-in-group-name">changeAttributesForSubscribedUser</span>
                <br/>
              </div> <!-- method-in-group -->
              <div class="method-in-group">
                <span class="method-in-group-name">changePasswordForRegisteredUser</span>
                <br/>
              </div> <!-- method-in-group -->
              <div class="method-in-group">
                <span class="method-in-group-name">changePasswordForSubscribedUser</span>
                <br/>
              </div> <!-- method-in-group -->
            </div> <!-- test-group -->
          </div> <!-- main-panel-content rounded-window-bottom -->
        </div> <!-- panel -->
        <div panel-name="times-Surefire_suite" class="panel">
          <div class="main-panel-header rounded-window-top">
            <span class="header-content">Times for Surefire suite</span>
          </div> <!-- main-panel-header rounded-window-top -->
          <div class="main-panel-content rounded-window-bottom">
            <div class="times-div">
              <script type="text/javascript">
suiteTableInitFunctions.push('tableData_Surefire_suite');
function tableData_Surefire_suite() {
var data = new google.visualization.DataTable();
data.addColumn('number', 'Number');
data.addColumn('string', 'Method');
data.addColumn('string', 'Class');
data.addColumn('number', 'Time (ms)');
data.addRows(12);
data.setCell(0, 0, 0)
data.setCell(0, 1, 'changePasswordForSubscribedUser')
data.setCell(0, 2, 'tests.ChangePasswordTests')
data.setCell(0, 3, 8966);
data.setCell(1, 0, 1)
data.setCell(1, 1, 'freeRegister')
data.setCell(1, 2, 'tests.FreeRegisterTests')
data.setCell(1, 3, 3565);
data.setCell(2, 0, 2)
data.setCell(2, 1, 'registration12m')
data.setCell(2, 2, 'tests.SubscriptionsTests')
data.setCell(2, 3, 3029);
data.setCell(3, 0, 3)
data.setCell(3, 1, 'loginWithSubscribedUser')
data.setCell(3, 2, 'tests.LoginTests')
data.setCell(3, 3, 2891);
data.setCell(4, 0, 4)
data.setCell(4, 1, 'changeAttributesForSubscribedUser')
data.setCell(4, 2, 'tests.ChangeAttributesTests')
data.setCell(4, 3, 2791);
data.setCell(5, 0, 5)
data.setCell(5, 1, 'loginWithRegisteredUser')
data.setCell(5, 2, 'tests.LoginTests')
data.setCell(5, 3, 2467);
data.setCell(6, 0, 6)
data.setCell(6, 1, 'changePasswordForRegisteredUser')
data.setCell(6, 2, 'tests.ChangePasswordTests')
data.setCell(6, 3, 2199);
data.setCell(7, 0, 7)
data.setCell(7, 1, 'registration1m')
data.setCell(7, 2, 'tests.SubscriptionsTests')
data.setCell(7, 3, 2179);
data.setCell(8, 0, 8)
data.setCell(8, 1, 'changeAttributesForRegisteredUser')
data.setCell(8, 2, 'tests.ChangeAttributesTests')
data.setCell(8, 3, 2124);
data.setCell(9, 0, 9)
data.setCell(9, 1, 'registration6m')
data.setCell(9, 2, 'tests.SubscriptionsTests')
data.setCell(9, 3, 1969);
data.setCell(10, 0, 10)
data.setCell(10, 1, 'getIDToken')
data.setCell(10, 2, 'tests.GetTokenIdTests')
data.setCell(10, 3, 727);
data.setCell(11, 0, 11)
data.setCell(11, 1, 'getContent')
data.setCell(11, 2, 'tests.ContentTests')
data.setCell(11, 3, 3);
window.suiteTableData['Surefire_suite']= { tableData: data, tableDiv: 'times-div-Surefire_suite'}
return data;
}
              </script>
              <span class="suite-total-time">Total running time: 32 seconds</span>
              <div id="times-div-Surefire_suite">
              </div> <!-- times-div-Surefire_suite -->
            </div> <!-- times-div -->
          </div> <!-- main-panel-content rounded-window-bottom -->
        </div> <!-- panel -->
        <div panel-name="reporter-Surefire_suite" class="panel">
          <div class="main-panel-header rounded-window-top">
            <span class="header-content">Reporter output for Surefire suite</span>
          </div> <!-- main-panel-header rounded-window-top -->
          <div class="main-panel-content rounded-window-bottom">
          </div> <!-- main-panel-content rounded-window-bottom -->
        </div> <!-- panel -->
        <div panel-name="ignored-methods-Surefire_suite" class="panel">
          <div class="main-panel-header rounded-window-top">
            <span class="header-content">0 ignored methods</span>
          </div> <!-- main-panel-header rounded-window-top -->
          <div class="main-panel-content rounded-window-bottom">
          </div> <!-- main-panel-content rounded-window-bottom -->
        </div> <!-- panel -->
        <div panel-name="chronological-Surefire_suite" class="panel">
          <div class="main-panel-header rounded-window-top">
            <span class="header-content">Methods in chronological order</span>
          </div> <!-- main-panel-header rounded-window-top -->
          <div class="main-panel-content rounded-window-bottom">
            <div class="chronological-class">
              <div class="chronological-class-name">tests.FreeRegisterTests</div> <!-- chronological-class-name -->
              <div class="test-method">
                <img src="failed.png">
                </img>
                <span class="method-name">freeRegister</span>
                <span class="method-start">0 ms</span>
              </div> <!-- test-method -->
            </div> <!-- chronological-class -->
            <div class="chronological-class">
              <div class="chronological-class-name">tests.SubscriptionsTests</div> <!-- chronological-class-name -->
              <div class="test-method">
                <img src="failed.png">
                </img>
                <span class="method-name">registration12m</span>
                <span class="method-start">3669 ms</span>
              </div> <!-- test-method -->
              <div class="test-method">
                <img src="failed.png">
                </img>
                <span class="method-name">registration1m</span>
                <span class="method-start">6701 ms</span>
              </div> <!-- test-method -->
              <div class="test-method">
                <img src="failed.png">
                </img>
                <span class="method-name">registration6m</span>
                <span class="method-start">8886 ms</span>
              </div> <!-- test-method -->
            </div> <!-- chronological-class -->
            <div class="chronological-class">
              <div class="chronological-class-name">tests.GetTokenIdTests</div> <!-- chronological-class-name -->
              <div class="test-method">
                <span class="method-name">getIDToken</span>
                <span class="method-start">10861 ms</span>
              </div> <!-- test-method -->
            </div> <!-- chronological-class -->
            <div class="chronological-class">
              <div class="chronological-class-name">tests.ChangePasswordTests</div> <!-- chronological-class-name -->
              <div class="test-method">
                <img src="failed.png">
                </img>
                <span class="method-name">changePasswordForRegisteredUser</span>
                <span class="method-start">11592 ms</span>
              </div> <!-- test-method -->
              <div class="test-method">
                <img src="failed.png">
                </img>
                <span class="method-name">changePasswordForSubscribedUser</span>
                <span class="method-start">13793 ms</span>
              </div> <!-- test-method -->
            </div> <!-- chronological-class -->
            <div class="chronological-class">
              <div class="chronological-class-name">tests.LoginTests</div> <!-- chronological-class-name -->
              <div class="test-method">
                <img src="failed.png">
                </img>
                <span class="method-name">loginWithRegisteredUser</span>
                <span class="method-start">22768 ms</span>
              </div> <!-- test-method -->
              <div class="test-method">
                <img src="failed.png">
                </img>
                <span class="method-name">loginWithSubscribedUser</span>
                <span class="method-start">25243 ms</span>
              </div> <!-- test-method -->
            </div> <!-- chronological-class -->
            <div class="chronological-class">
              <div class="chronological-class-name">tests.ChangeAttributesTests</div> <!-- chronological-class-name -->
              <div class="test-method">
                <img src="failed.png">
                </img>
                <span class="method-name">changeAttributesForRegisteredUser</span>
                <span class="method-start">28141 ms</span>
              </div> <!-- test-method -->
              <div class="test-method">
                <img src="failed.png">
                </img>
                <span class="method-name">changeAttributesForSubscribedUser</span>
                <span class="method-start">30268 ms</span>
              </div> <!-- test-method -->
            </div> <!-- chronological-class -->
            <div class="chronological-class">
              <div class="chronological-class-name">tests.ContentTests</div> <!-- chronological-class-name -->
              <div class="test-method">
                <span class="method-name">getContent</span>
                <span class="method-start">33062 ms</span>
              </div> <!-- test-method -->
          </div> <!-- main-panel-content rounded-window-bottom -->
        </div> <!-- panel -->
      </div> <!-- main-panel-root -->
    </div> <!-- wrapper -->
  </body>
</html>
