<?xml version="1.0" encoding="UTF-8"?>
<!-- Generated by org.testng.reporters.JUnitReportReporter -->
<testsuite skipped="0" hostname="MC-0126" name="tests.LoginTests" tests="2" failures="2" timestamp="20 Jun 2019 13:36:44 GMT" time="5.358" errors="0">
  <testcase name="loginWithRegisteredUser" time="2.467" classname="tests.LoginTests">
    <failure type="java.lang.AssertionError" message="The following asserts failed:
	expected [testerujxih@yopmail.com] but found [null],
	expected [testeraj4an@yopmail.com] but found [null],
	expected [testerm7f56@yopmail.com] but found [null],
	expected [testeryc63y@yopmail.com] but found [null],
	expected [testerymmht@yopmail.com] but found [null]">
      <![CDATA[java.lang.AssertionError: The following asserts failed:
expected [testerujxih@yopmail.com] but found [null],
expected [testeraj4an@yopmail.com] but found [null],
expected [testerm7f56@yopmail.com] but found [null],
expected [testeryc63y@yopmail.com] but found [null],
expected [testerymmht@yopmail.com] but found [null]
at org.testng.asserts.SoftAssert.assertAll(SoftAssert.java:43)
at util.CheckerMethods.getFreeRegisterResponseContent(CheckerMethods.java:45)
at tests.FreeRegisterTests.freeRegister_aroundBody0(FreeRegisterTests.java:75)
at tests.FreeRegisterTests$AjcClosure1.run(FreeRegisterTests.java:1)
at org.aspectj.runtime.reflect.JoinPointImpl.proceed(JoinPointImpl.java:149)
at io.qameta.allure.aspects.StepsAspects.step(StepsAspects.java:46)
at tests.FreeRegisterTests.freeRegister(FreeRegisterTests.java:53)
at tests.LoginTests.loginWithRegisteredUser_aroundBody2(LoginTests.java:40)
at tests.LoginTests$AjcClosure3.run(LoginTests.java:1)
at org.aspectj.runtime.reflect.JoinPointImpl.proceed(JoinPointImpl.java:149)
at io.qameta.allure.aspects.StepsAspects.step(StepsAspects.java:46)
at tests.LoginTests.loginWithRegisteredUser(LoginTests.java:40)
at sun.reflect.NativeMethodAccessorImpl.invoke0(Native Method)
at sun.reflect.NativeMethodAccessorImpl.invoke(NativeMethodAccessorImpl.java:62)
at sun.reflect.DelegatingMethodAccessorImpl.invoke(DelegatingMethodAccessorImpl.java:43)
at java.lang.reflect.Method.invoke(Method.java:498)
at org.testng.internal.MethodInvocationHelper.invokeMethod(MethodInvocationHelper.java:124)
at org.testng.internal.Invoker.invokeMethod(Invoker.java:583)
at org.testng.internal.Invoker.invokeTestMethod(Invoker.java:719)
at org.testng.internal.Invoker.invokeTestMethods(Invoker.java:989)
at org.testng.internal.TestMethodWorker.invokeTestMethods(TestMethodWorker.java:125)
at org.testng.internal.TestMethodWorker.run(TestMethodWorker.java:109)
at org.testng.TestRunner.privateRun(TestRunner.java:648)
at org.testng.TestRunner.run(TestRunner.java:505)
at org.testng.SuiteRunner.runTest(SuiteRunner.java:455)
at org.testng.SuiteRunner.runSequentially(SuiteRunner.java:450)
at org.testng.SuiteRunner.privateRun(SuiteRunner.java:415)
at org.testng.SuiteRunner.run(SuiteRunner.java:364)
at org.testng.SuiteRunnerWorker.runSuite(SuiteRunnerWorker.java:52)
at org.testng.SuiteRunnerWorker.run(SuiteRunnerWorker.java:84)
at org.testng.TestNG.runSuitesSequentially(TestNG.java:1208)
at org.testng.TestNG.runSuitesLocally(TestNG.java:1137)
at org.testng.TestNG.runSuites(TestNG.java:1049)
at org.testng.TestNG.run(TestNG.java:1017)
at org.apache.maven.surefire.testng.TestNGExecutor.run(TestNGExecutor.java:135)
at org.apache.maven.surefire.testng.TestNGDirectoryTestSuite.executeMulti(TestNGDirectoryTestSuite.java:193)
at org.apache.maven.surefire.testng.TestNGDirectoryTestSuite.execute(TestNGDirectoryTestSuite.java:94)
at org.apache.maven.surefire.testng.TestNGProvider.invoke(TestNGProvider.java:146)
at org.apache.maven.surefire.booter.ForkedBooter.invokeProviderInSameClassLoader(ForkedBooter.java:386)
at org.apache.maven.surefire.booter.ForkedBooter.runSuitesInProcess(ForkedBooter.java:323)
at org.apache.maven.surefire.booter.ForkedBooter.main(ForkedBooter.java:143)
]]>
    </failure>
  </testcase> <!-- loginWithRegisteredUser -->
  <testcase name="loginWithSubscribedUser" time="2.891" classname="tests.LoginTests">
    <failure type="java.lang.AssertionError" message="The following asserts failed:
	expected [testerujxih@yopmail.com] but found [null],
	expected [testeraj4an@yopmail.com] but found [null],
	expected [testerm7f56@yopmail.com] but found [null],
	expected [testeryc63y@yopmail.com] but found [null],
	expected [testerymmht@yopmail.com] but found [null],
	expected [testerffbm3@yopmail.com] but found [null]">
      <![CDATA[java.lang.AssertionError: The following asserts failed:
expected [testerujxih@yopmail.com] but found [null],
expected [testeraj4an@yopmail.com] but found [null],
expected [testerm7f56@yopmail.com] but found [null],
expected [testeryc63y@yopmail.com] but found [null],
expected [testerymmht@yopmail.com] but found [null],
expected [testerffbm3@yopmail.com] but found [null]
at org.testng.asserts.SoftAssert.assertAll(SoftAssert.java:43)
at util.CheckerMethods.getFreeRegisterResponseContent(CheckerMethods.java:45)
at tests.FreeRegisterTests.freeRegister_aroundBody0(FreeRegisterTests.java:75)
at tests.FreeRegisterTests$AjcClosure1.run(FreeRegisterTests.java:1)
at org.aspectj.runtime.reflect.JoinPointImpl.proceed(JoinPointImpl.java:149)
at io.qameta.allure.aspects.StepsAspects.step(StepsAspects.java:46)
at tests.FreeRegisterTests.freeRegister(FreeRegisterTests.java:53)
at tests.SubscriptionsTests.registration6m_aroundBody2(SubscriptionsTests.java:101)
at tests.SubscriptionsTests$AjcClosure3.run(SubscriptionsTests.java:1)
at org.aspectj.runtime.reflect.JoinPointImpl.proceed(JoinPointImpl.java:149)
at io.qameta.allure.aspects.StepsAspects.step(StepsAspects.java:46)
at tests.SubscriptionsTests.registration6m(SubscriptionsTests.java:95)
at tests.LoginTests.loginWithSubscribedUser_aroundBody0(LoginTests.java:25)
at tests.LoginTests$AjcClosure1.run(LoginTests.java:1)
at org.aspectj.runtime.reflect.JoinPointImpl.proceed(JoinPointImpl.java:149)
at io.qameta.allure.aspects.StepsAspects.step(StepsAspects.java:46)
at tests.LoginTests.loginWithSubscribedUser(LoginTests.java:25)
at sun.reflect.NativeMethodAccessorImpl.invoke0(Native Method)
at sun.reflect.NativeMethodAccessorImpl.invoke(NativeMethodAccessorImpl.java:62)
at sun.reflect.DelegatingMethodAccessorImpl.invoke(DelegatingMethodAccessorImpl.java:43)
at java.lang.reflect.Method.invoke(Method.java:498)
at org.testng.internal.MethodInvocationHelper.invokeMethod(MethodInvocationHelper.java:124)
at org.testng.internal.Invoker.invokeMethod(Invoker.java:583)
at org.testng.internal.Invoker.invokeTestMethod(Invoker.java:719)
at org.testng.internal.Invoker.invokeTestMethods(Invoker.java:989)
at org.testng.internal.TestMethodWorker.invokeTestMethods(TestMethodWorker.java:125)
at org.testng.internal.TestMethodWorker.run(TestMethodWorker.java:109)
at org.testng.TestRunner.privateRun(TestRunner.java:648)
at org.testng.TestRunner.run(TestRunner.java:505)
at org.testng.SuiteRunner.runTest(SuiteRunner.java:455)
at org.testng.SuiteRunner.runSequentially(SuiteRunner.java:450)
at org.testng.SuiteRunner.privateRun(SuiteRunner.java:415)
at org.testng.SuiteRunner.run(SuiteRunner.java:364)
at org.testng.SuiteRunnerWorker.runSuite(SuiteRunnerWorker.java:52)
at org.testng.SuiteRunnerWorker.run(SuiteRunnerWorker.java:84)
at org.testng.TestNG.runSuitesSequentially(TestNG.java:1208)
at org.testng.TestNG.runSuitesLocally(TestNG.java:1137)
at org.testng.TestNG.runSuites(TestNG.java:1049)
at org.testng.TestNG.run(TestNG.java:1017)
at org.apache.maven.surefire.testng.TestNGExecutor.run(TestNGExecutor.java:135)
at org.apache.maven.surefire.testng.TestNGDirectoryTestSuite.executeMulti(TestNGDirectoryTestSuite.java:193)
at org.apache.maven.surefire.testng.TestNGDirectoryTestSuite.execute(TestNGDirectoryTestSuite.java:94)
at org.apache.maven.surefire.testng.TestNGProvider.invoke(TestNGProvider.java:146)
at org.apache.maven.surefire.booter.ForkedBooter.invokeProviderInSameClassLoader(ForkedBooter.java:386)
at org.apache.maven.surefire.booter.ForkedBooter.runSuitesInProcess(ForkedBooter.java:323)
at org.apache.maven.surefire.booter.ForkedBooter.main(ForkedBooter.java:143)
]]>
    </failure>
  </testcase> <!-- loginWithSubscribedUser -->
</testsuite> <!-- tests.LoginTests -->
